2019/5/4 15:10:55	Debug	文件接收完成时间：2019-05-04 15:10:55
2019/5/4 15:22:46	Debug	文件接收完成时间：2019-05-04 15:22:46
2019/5/4 15:22:49	Debug	给刘工发送MQ时间：2019-05-04 15:22:49
2019/5/4 15:22:49	Debug	LasttarInfo：1~D:\Abutment\93\AudioFiles\EBDR_D6AB01C1DCBBE351587A08B4F4D3E2F2.mp3~0~1000~128~0~1~2~04~10000~0004~>>1>>5>>206
2019/5/4 15:31:32	Debug	文件接收完成时间：2019-05-04 15:31:32
2019/5/4 16:18:14	Debug	文件接收完成时间：2019-05-04 16:18:14
2019/5/4 16:23:13	Debug	文件接收完成时间：2019-05-04 16:23:13
2019/5/4 16:30:14	Debug	文件接收完成时间：2019-05-04 16:30:14
2019/5/4 16:30:16	Debug	给刘工发送MQ时间：2019-05-04 16:30:16
2019/5/4 16:30:16	Debug	LasttarInfo：1~D:\Abutment\93\AudioFiles\EBDR_D6AB01C1DCBBE351587A08B4F4D3E2F2.mp3~0~1000~128~0~1~2~04~10000~0004~>>1>>5>>235
2019/5/4 16:41:03	Debug	文件接收完成时间：2019-05-04 16:41:03
2019/5/4 16:41:14	Debug	文件接收完成时间：2019-05-04 16:41:14
2019/5/4 16:41:16	Debug	给刘工发送MQ时间：2019-05-04 16:41:16
2019/5/4 16:41:16	Debug	LasttarInfo：1~D:\Abutment\93\AudioFiles\EBDR_D6AB01C1DCBBE351587A08B4F4D3E2F2.mp3~0~1000~128~0~1~2~04~10000~0004~>>1>>5>>243
2019/5/4 16:42:13	Debug	文件接收完成时间：2019-05-04 16:42:13
2019/5/4 16:42:15	Debug	给刘工发送MQ时间：2019-05-04 16:42:15
2019/5/4 16:42:15	Debug	LasttarInfo：1~D:\Abutment\93\AudioFiles\EBDR_D6AB01C1DCBBE351587A08B4F4D3E2F2.mp3~0~1000~128~0~1~2~04~10000~0004~>>1>>5>>245
2019/5/4 16:44:07	Debug	文件接收完成时间：2019-05-04 16:44:07
2019/5/4 16:58:01	Debug	文件接收完成时间：2019-05-04 16:58:01
2019/5/4 17:00:07	Debug	文件接收完成时间：2019-05-04 17:00:07
2019/5/4 17:10:46	Debug	文件接收完成时间：2019-05-04 17:10:46
2019/5/4 17:11:58	Debug	文件接收完成时间：2019-05-04 17:11:58
2019/5/4 17:12:00	Debug	给刘工发送MQ时间：2019-05-04 17:12:00
2019/5/4 17:12:00	Debug	LasttarInfo：1~D:\Abutment\93\AudioFiles\EBDR_D6AB01C1DCBBE351587A08B4F4D3E2F2.mp3~0~1000~128~0~1~2~04~10000~0004~>>1>>5>>246
2019/5/4 17:13:42	Debug	文件接收完成时间：2019-05-04 17:13:42
2019/5/4 17:18:21	Debug	文件接收完成时间：2019-05-04 17:18:21
2019/5/4 17:18:26	Debug	给刘工发送MQ时间：2019-05-04 17:18:26
2019/5/4 17:18:26	Debug	LasttarInfo：1~D:\Abutment\93\AudioFiles\EBDR_D6AB01C1DCBBE351587A08B4F4D3E2F2.mp3~0~1000~128~0~1~2~04~10000~0004~>>1>>5>>247
2019/5/4 17:23:47	Debug	文件接收完成时间：2019-05-04 17:23:47
2019/5/4 17:23:53	Debug	给刘工发送MQ时间：2019-05-04 17:23:53
2019/5/4 17:23:53	Debug	LasttarInfo：1~D:\Abutment\93\AudioFiles\EBDR_D6AB01C1DCBBE351587A08B4F4D3E2F2.mp3~0~1000~128~0~1~2~04~10000~0004~>>1>>5>>248
2019/5/4 17:35:06	Debug	文件接收完成时间：2019-05-04 17:35:06
2019/5/4 17:35:08	Debug	给刘工发送MQ时间：2019-05-04 17:35:08
2019/5/4 17:35:08	Debug	LasttarInfo：1~D:\Abutment\93\AudioFiles\EBDR_D6AB01C1DCBBE351587A08B4F4D3E2F2.mp3~0~1000~128~0~1~2~04~10000~0004~>>1>>5>>252
2019/5/4 17:35:16	Debug	文件接收完成时间：2019-05-04 17:35:16
2019/5/4 17:35:16	Debug	LasttarInfo：>>>>>>
2019/5/4 17:53:41	Debug	文件接收完成时间：2019-05-04 17:53:41
2019/5/4 17:53:43	Debug	给刘工发送MQ时间：2019-05-04 17:53:43
2019/5/4 17:53:43	Debug	LasttarInfo：1~D:\Abutment\93\AudioFiles\EBDR_D6AB01C1DCBBE351587A08B4F4D3E2F2.mp3~0~1000~128~0~1~2~04~10000~0004~>>1>>5>>256
2019/5/4 17:53:46	Debug	文件接收完成时间：2019-05-04 17:53:46
2019/5/4 17:53:47	Debug	给刘工发送MQ时间：2019-05-04 17:53:47
2019/5/4 17:53:47	Debug	LasttarInfo：1~D:\Abutment\93\AudioFiles\EBDR_5F2D1869BD0798C987565A8DF93752A4.mp3~0~1000~128~0~1~2~04~10000~0004~>>1>>11>>257
2019/5/4 17:53:50	Debug	文件接收完成时间：2019-05-04 17:53:50
2019/5/4 17:53:51	Debug	给刘工发送MQ时间：2019-05-04 17:53:51
2019/5/4 17:53:51	Debug	LasttarInfo：1~D:\Abutment\93\AudioFiles\EBDR_71D2DFDB4C53D0C54D07BA9184299172.mp3~0~1000~128~0~1~2~04~10000~0004~>>1>>12>>258
2019/5/4 17:53:53	Debug	文件接收完成时间：2019-05-04 17:53:53
2019/5/4 17:53:53	Debug	给刘工发送MQ时间：2019-05-04 17:53:53
2019/5/4 17:53:53	Debug	LasttarInfo：1~D:\Abutment\93\AudioFiles\EBDR_CE595844410698FBB18D9778A20B3625.mp3~0~1000~128~0~1~2~04~10000~0004~>>1>>13>>260
2019/5/4 17:54:00	Debug	文件接收完成时间：2019-05-04 17:54:00
2019/5/4 17:54:00	Debug	给刘工发送MQ时间：2019-05-04 17:54:00
2019/5/4 17:54:00	Debug	LasttarInfo：1~D:\Abutment\93\AudioFiles\EBDR_82F3457B2FC57110A7B96F9A6F16FA2C.mp3~0~1000~128~0~1~2~04~10000~0004~>>1>>15>>261
2019/5/4 17:56:41	Debug	文件接收完成时间：2019-05-04 17:56:41
2019/5/4 17:56:43	Debug	给刘工发送MQ时间：2019-05-04 17:56:43
2019/5/4 17:56:43	Debug	LasttarInfo：1~D:\Abutment\93\AudioFiles\EBDR_D6AB01C1DCBBE351587A08B4F4D3E2F2.mp3~0~1000~128~0~1~2~04~10000~0004~>>1>>5>>262
2019/5/4 17:56:48	Debug	文件接收完成时间：2019-05-04 17:56:48
2019/5/4 17:56:48	Debug	给刘工发送MQ时间：2019-05-04 17:56:48
2019/5/4 17:56:48	Debug	LasttarInfo：1~D:\Abutment\93\AudioFiles\EBDR_5F2D1869BD0798C987565A8DF93752A4.mp3~0~1000~128~0~1~2~04~10000~0004~>>1>>11>>263
2019/5/4 17:56:56	Debug	文件接收完成时间：2019-05-04 17:56:56
2019/5/4 17:56:56	Debug	给刘工发送MQ时间：2019-05-04 17:56:56
2019/5/4 17:56:56	Debug	LasttarInfo：1~D:\Abutment\93\AudioFiles\EBDR_71D2DFDB4C53D0C54D07BA9184299172.mp3~0~1000~128~0~1~2~04~10000~0004~>>1>>12>>264
2019/5/4 17:57:01	Debug	文件接收完成时间：2019-05-04 17:57:01
2019/5/4 17:57:01	Debug	给刘工发送MQ时间：2019-05-04 17:57:01
2019/5/4 17:57:01	Debug	LasttarInfo：1~D:\Abutment\93\AudioFiles\EBDR_CE595844410698FBB18D9778A20B3625.mp3~0~1000~128~0~1~2~04~10000~0004~>>1>>13>>265
2019/5/4 17:57:04	Debug	文件接收完成时间：2019-05-04 17:57:04
2019/5/4 17:57:04	Debug	给刘工发送MQ时间：2019-05-04 17:57:04
2019/5/4 17:57:04	Debug	LasttarInfo：1~D:\Abutment\93\AudioFiles\EBDR_8DB3796915B397A07842513122F6B766.mp3~0~1000~128~0~1~2~04~10000~0004~>>1>>14>>266
2019/5/4 17:57:08	Debug	文件接收完成时间：2019-05-04 17:57:08
2019/5/4 17:57:08	Debug	给刘工发送MQ时间：2019-05-04 17:57:08
2019/5/4 17:57:08	Debug	LasttarInfo：1~D:\Abutment\93\AudioFiles\EBDR_82F3457B2FC57110A7B96F9A6F16FA2C.mp3~0~1000~128~0~1~2~04~10000~0004~>>1>>15>>267
2019/5/4 17:58:57	Debug	文件接收完成时间：2019-05-04 17:58:57
2019/5/4 17:58:59	Debug	给刘工发送MQ时间：2019-05-04 17:58:59
2019/5/4 17:58:59	Debug	LasttarInfo：1~D:\Abutment\93\AudioFiles\EBDR_5F2D1869BD0798C987565A8DF93752A4.mp3~0~1000~128~0~1~2~04~10000~0004~>>1>>11>>269
2019/5/4 18:00:53	Debug	文件接收完成时间：2019-05-04 18:00:53
2019/5/4 18:00:55	Debug	给刘工发送MQ时间：2019-05-04 18:00:55
2019/5/4 18:00:55	Debug	LasttarInfo：1~D:\Abutment\93\AudioFiles\EBDR_82F3457B2FC57110A7B96F9A6F16FA2C.mp3~0~1000~128~0~1~2~04~10000~0004~>>1>>15>>271
2019/5/4 18:00:58	Debug	文件接收完成时间：2019-05-04 18:00:58
2019/5/4 18:00:58	Debug	给刘工发送MQ时间：2019-05-04 18:00:58
2019/5/4 18:00:58	Debug	LasttarInfo：1~D:\Abutment\93\AudioFiles\EBDR_8DB3796915B397A07842513122F6B766.mp3~0~1000~128~0~1~2~04~10000~0004~>>1>>14>>272
2019/5/4 18:01:01	Debug	文件接收完成时间：2019-05-04 18:01:01
2019/5/4 18:01:02	Debug	给刘工发送MQ时间：2019-05-04 18:01:02
2019/5/4 18:01:02	Debug	LasttarInfo：1~D:\Abutment\93\AudioFiles\EBDR_CE595844410698FBB18D9778A20B3625.mp3~0~1000~128~0~1~2~04~10000~0004~>>1>>13>>273
2019/5/4 18:01:04	Debug	文件接收完成时间：2019-05-04 18:01:04
2019/5/4 18:01:05	Debug	给刘工发送MQ时间：2019-05-04 18:01:05
2019/5/4 18:01:05	Debug	LasttarInfo：1~D:\Abutment\93\AudioFiles\EBDR_71D2DFDB4C53D0C54D07BA9184299172.mp3~0~1000~128~0~1~2~04~10000~0004~>>1>>12>>274
2019/5/4 18:01:08	Debug	文件接收完成时间：2019-05-04 18:01:08
2019/5/4 18:01:08	Debug	给刘工发送MQ时间：2019-05-04 18:01:08
2019/5/4 18:01:08	Debug	LasttarInfo：1~D:\Abutment\93\AudioFiles\EBDR_5F2D1869BD0798C987565A8DF93752A4.mp3~0~1000~128~0~1~2~04~10000~0004~>>1>>11>>275
2019/5/4 18:01:11	Debug	文件接收完成时间：2019-05-04 18:01:11
2019/5/4 18:01:12	Debug	给刘工发送MQ时间：2019-05-04 18:01:12
2019/5/4 18:01:12	Debug	LasttarInfo：1~D:\Abutment\93\AudioFiles\EBDR_D6AB01C1DCBBE351587A08B4F4D3E2F2.mp3~0~1000~128~0~1~2~04~10000~0004~>>1>>5>>276
2019/5/4 18:14:04	Debug	文件接收完成时间：2019-05-04 18:14:04
2019/5/4 18:14:07	Debug	给刘工发送MQ时间：2019-05-04 18:14:07
2019/5/4 18:14:07	Debug	LasttarInfo：1~D:\Abutment\93\AudioFiles\EBDR_D6AB01C1DCBBE351587A08B4F4D3E2F2.mp3~0~1000~128~0~1~2~04~10000~0004~>>1>>5>>277
2019/5/4 18:20:10	Debug	文件接收完成时间：2019-05-04 18:20:10
2019/5/4 18:20:13	Debug	给刘工发送MQ时间：2019-05-04 18:20:13
2019/5/4 18:20:13	Debug	LasttarInfo：1~D:\Abutment\93\AudioFiles\EBDR_71D2DFDB4C53D0C54D07BA9184299172.mp3~0~1000~128~0~1~2~04~10000~0004~>>1>>12>>278
2019/5/4 18:27:31	Debug	文件接收完成时间：2019-05-04 18:27:31
2019/5/4 18:27:33	Debug	给刘工发送MQ时间：2019-05-04 18:27:33
2019/5/4 18:27:33	Debug	LasttarInfo：1~D:\Abutment\93\AudioFiles\EBDR_71D2DFDB4C53D0C54D07BA9184299172.mp3~0~1000~128~0~1~2~04~10000~0004~>>1>>12>>282
2019/5/4 19:32:41	Debug	文件接收完成时间：2019-05-04 19:32:41
2019/5/4 19:32:41	Debug	给刘工发送MQ时间：2019-05-04 19:32:41
2019/5/4 19:32:41	Debug	LasttarInfo：1~D:\Abutment\93\AudioFiles\EBDR_71D2DFDB4C53D0C54D07BA9184299172.mp3~0~1000~128~0~1~2~04~10000~0004~>>1>>12>>306
2019/5/4 19:40:59	Debug	文件接收完成时间：2019-05-04 19:40:59
2019/5/4 19:41:02	Debug	给刘工发送MQ时间：2019-05-04 19:41:02
2019/5/4 19:41:02	Debug	LasttarInfo：1~D:\Abutment\93\AudioFiles\EBDR_8174ED4A54FC8228E3BE7E14695665D9.mp3~0~1000~128~0~1~2~04~10000~0004~>>4>>5>>307
2019/5/4 19:43:15	Debug	文件接收完成时间：2019-05-04 19:43:15
2019/5/4 19:43:17	Debug	给刘工发送MQ时间：2019-05-04 19:43:17
2019/5/4 19:43:17	Debug	LasttarInfo：1~D:\Abutment\93\AudioFiles\EBDR_8174ED4A54FC8228E3BE7E14695665D9.mp3~0~1000~128~0~1~2~04~10000~0004~>>4>>5>>308
2019/5/4 19:43:24	Debug	文件接收完成时间：2019-05-04 19:43:24
2019/5/4 19:43:25	Debug	给刘工发送MQ时间：2019-05-04 19:43:25
2019/5/4 19:43:25	Debug	LasttarInfo：1~D:\Abutment\93\AudioFiles\EBDR_FB79A9356964E7147C231498F94E4639.mp3~0~1000~128~0~1~2~04~10000~0004~>>1>>5>>309
2019/5/4 19:43:47	Debug	文件接收完成时间：2019-05-04 19:43:47
2019/5/4 19:43:48	Debug	LasttarInfo：1~D:\Abutment\93\AudioFiles\EBDR_8174ED4A54FC8228E3BE7E14695665D9.mp3~0~1000~128~0~1~2~04~10000~0004~>>4>>5>>308
2019/5/4 19:45:38	Debug	文件接收完成时间：2019-05-04 19:45:38
2019/5/4 19:45:39	Debug	给刘工发送MQ时间：2019-05-04 19:45:39
2019/5/4 19:45:39	Debug	LasttarInfo：1~D:\Abutment\93\AudioFiles\EBDR_8174ED4A54FC8228E3BE7E14695665D9.mp3~0~1000~128~0~1~2~04~10000~0004~>>4>>5>>310
2019/5/4 19:52:07	Debug	文件接收完成时间：2019-05-04 19:52:07
2019/5/4 19:52:08	Debug	给刘工发送MQ时间：2019-05-04 19:52:08
2019/5/4 19:52:08	Debug	LasttarInfo：1~D:\Abutment\93\AudioFiles\EBDR_8174ED4A54FC8228E3BE7E14695665D9.mp3~0~1000~128~0~1~2~04~10000~0004~>>4>>5>>311
2019/5/4 19:54:20	Debug	文件接收完成时间：2019-05-04 19:54:20
2019/5/4 19:54:21	Debug	LasttarInfo：1~D:\Abutment\93\AudioFiles\EBDR_8174ED4A54FC8228E3BE7E14695665D9.mp3~0~1000~128~0~1~2~04~10000~0004~>>4>>5>>311
2019/5/4 19:55:36	Debug	文件接收完成时间：2019-05-04 19:55:36
2019/5/4 19:55:37	Debug	给刘工发送MQ时间：2019-05-04 19:55:37
2019/5/4 19:55:37	Debug	LasttarInfo：1~D:\Abutment\93\AudioFiles\EBDR_FB79A9356964E7147C231498F94E4639.mp3~0~1000~128~0~1~2~04~10000~0004~>>1>>5>>312
