2018/11/21 10:32:34	Debug	文件接收完成时间：2018-11-21 10:32:34
2018/11/21 10:32:36	Debug	给刘工发送MQ时间：2018-11-21 10:32:36
2018/11/21 10:32:36	Debug	LasttarInfo：1~D:\Abutment\93\AudioFiles\EBDR_8174ED4A54FC8228E3BE7E14695665D9.mp3~0~1000~128~0~1~2~04~10000~0004~>>4>>175>>2549
2018/11/21 10:32:48	Debug	文件接收完成时间：2018-11-21 10:32:48
2018/11/21 10:32:49	Debug	给刘工发送MQ时间：2018-11-21 10:32:49
2018/11/21 10:32:49	Debug	LasttarInfo：1~D:\Abutment\93\AudioFiles\EBDR_FB79A9356964E7147C231498F94E4639.mp3~0~1000~128~0~1~2~04~10000~0004~>>1>>175>>2550
2018/11/21 10:34:12	Debug	文件接收完成时间：2018-11-21 10:34:12
2018/11/21 10:34:15	Debug	给刘工发送MQ时间：2018-11-21 10:34:15
2018/11/21 10:34:15	Debug	LasttarInfo：1~D:\Abutment\93\AudioFiles\EBDR_8174ED4A54FC8228E3BE7E14695665D9.mp3~0~1000~128~0~1~2~04~10000~0004~>>4>>175>>2551
2018/11/21 10:34:39	Debug	文件接收完成时间：2018-11-21 10:34:39
2018/11/21 10:34:41	Debug	给刘工发送MQ时间：2018-11-21 10:34:41
2018/11/21 10:34:41	Debug	LasttarInfo：1~D:\Abutment\93\AudioFiles\EBDR_FB79A9356964E7147C231498F94E4639.mp3~0~1000~128~0~1~2~04~10000~0004~>>1>>175>>2552
2018/11/21 10:35:36	Debug	文件接收完成时间：2018-11-21 10:35:36
2018/11/21 10:35:38	Debug	给刘工发送MQ时间：2018-11-21 10:35:38
2018/11/21 10:35:38	Debug	LasttarInfo：1~D:\Abutment\93\AudioFiles\EBDR_8174ED4A54FC8228E3BE7E14695665D9.mp3~0~1000~128~0~1~2~04~10000~0004~>>4>>175>>2553
2018/11/21 10:36:40	Debug	文件接收完成时间：2018-11-21 10:36:40
2018/11/21 10:36:42	Debug	给刘工发送MQ时间：2018-11-21 10:36:42
2018/11/21 10:36:42	Debug	LasttarInfo：1~D:\Abutment\93\AudioFiles\EBDR_8174ED4A54FC8228E3BE7E14695665D9.mp3~0~1000~128~0~1~2~04~10000~0004~>>4>>175>>2554
2018/11/21 10:37:27	Debug	文件接收完成时间：2018-11-21 10:37:27
2018/11/21 10:37:29	Debug	给刘工发送MQ时间：2018-11-21 10:37:29
2018/11/21 10:37:29	Debug	LasttarInfo：1~D:\Abutment\93\AudioFiles\EBDR_FB79A9356964E7147C231498F94E4639.mp3~0~1000~128~0~1~2~04~10000~0004~>>1>>175>>2555
2018/11/21 10:38:29	Debug	文件接收完成时间：2018-11-21 10:38:29
2018/11/21 10:38:29	Debug	LasttarInfo：1~D:\Abutment\93\AudioFiles\EBDR_8174ED4A54FC8228E3BE7E14695665D9.mp3~0~1000~128~0~1~2~04~10000~0004~>>4>>175>>2554
2018/11/21 10:47:15	Debug	文件接收完成时间：2018-11-21 10:47:15
2018/11/21 10:47:18	Debug	给刘工发送MQ时间：2018-11-21 10:47:18
2018/11/21 10:47:18	Debug	LasttarInfo：1~D:\Abutment\93\AudioFiles\EBDR_8174ED4A54FC8228E3BE7E14695665D9.mp3~0~1000~128~0~1~2~04~10000~0004~>>4>>175>>2556
2018/11/21 10:47:29	Debug	文件接收完成时间：2018-11-21 10:47:29
2018/11/21 10:47:31	Debug	给刘工发送MQ时间：2018-11-21 10:47:31
2018/11/21 10:47:31	Debug	LasttarInfo：1~D:\Abutment\93\AudioFiles\EBDR_FB79A9356964E7147C231498F94E4639.mp3~0~1000~128~0~1~2~04~10000~0004~>>1>>175>>2557
2018/11/21 10:48:47	Debug	文件接收完成时间：2018-11-21 10:48:47
2018/11/21 10:48:56	Debug	LasttarInfo：1~D:\Abutment\93\AudioFiles\EBDR_8174ED4A54FC8228E3BE7E14695665D9.mp3~0~1000~128~0~1~2~04~10000~0004~>>4>>175>>2556
2018/11/21 10:52:22	Debug	文件接收完成时间：2018-11-21 10:52:22
2018/11/21 10:52:24	Debug	给刘工发送MQ时间：2018-11-21 10:52:24
2018/11/21 10:52:24	Debug	LasttarInfo：1~D:\Abutment\93\AudioFiles\EBDR_8174ED4A54FC8228E3BE7E14695665D9.mp3~0~1000~128~0~1~2~04~10000~0004~>>4>>175>>2558
2018/11/21 10:52:37	Debug	文件接收完成时间：2018-11-21 10:52:37
2018/11/21 10:52:38	Debug	给刘工发送MQ时间：2018-11-21 10:52:38
2018/11/21 10:52:38	Debug	LasttarInfo：1~D:\Abutment\93\AudioFiles\EBDR_FB79A9356964E7147C231498F94E4639.mp3~0~1000~128~0~1~2~04~10000~0004~>>1>>175>>2559
2018/11/21 10:52:55	Debug	文件接收完成时间：2018-11-21 10:52:55
2018/11/21 10:53:03	Debug	LasttarInfo：1~D:\Abutment\93\AudioFiles\EBDR_8174ED4A54FC8228E3BE7E14695665D9.mp3~0~1000~128~0~1~2~04~10000~0004~>>4>>175>>2558
2018/11/21 11:22:37	Debug	文件接收完成时间：2018-11-21 11:22:37
2018/11/21 11:22:40	Debug	给刘工发送MQ时间：2018-11-21 11:22:40
2018/11/21 11:22:40	Debug	LasttarInfo：1~D:\Abutment\93\AudioFiles\EBDR_8174ED4A54FC8228E3BE7E14695665D9.mp3~0~1000~128~0~1~2~04~10000~0004~>>4>>175>>2560
2018/11/21 11:22:47	Debug	文件接收完成时间：2018-11-21 11:22:47
2018/11/21 11:22:49	Debug	给刘工发送MQ时间：2018-11-21 11:22:49
2018/11/21 11:22:49	Debug	LasttarInfo：1~D:\Abutment\93\AudioFiles\EBDR_FB79A9356964E7147C231498F94E4639.mp3~0~1000~128~0~1~2~04~10000~0004~>>1>>175>>2561
2018/11/21 11:25:44	Debug	文件接收完成时间：2018-11-21 11:25:44
2018/11/21 11:25:48	Debug	给刘工发送MQ时间：2018-11-21 11:25:48
2018/11/21 11:25:48	Debug	LasttarInfo：1~D:\Abutment\93\AudioFiles\EBDR_8174ED4A54FC8228E3BE7E14695665D9.mp3~0~1000~128~0~1~2~04~10000~0004~>>4>>175>>2562
2018/11/21 11:25:55	Debug	文件接收完成时间：2018-11-21 11:25:55
2018/11/21 11:26:00	Debug	给刘工发送MQ时间：2018-11-21 11:26:00
2018/11/21 11:26:00	Debug	LasttarInfo：1~D:\Abutment\93\AudioFiles\EBDR_FB79A9356964E7147C231498F94E4639.mp3~0~1000~128~0~1~2~04~10000~0004~>>1>>175>>2563
2018/11/21 11:26:17	Debug	文件接收完成时间：2018-11-21 11:26:17
2018/11/21 11:26:17	Debug	LasttarInfo：1~D:\Abutment\93\AudioFiles\EBDR_8174ED4A54FC8228E3BE7E14695665D9.mp3~0~1000~128~0~1~2~04~10000~0004~>>4>>175>>2562
2018/11/21 11:31:59	Debug	文件接收完成时间：2018-11-21 11:31:59
2018/11/21 11:32:02	Debug	给刘工发送MQ时间：2018-11-21 11:32:02
2018/11/21 11:32:02	Debug	LasttarInfo：1~D:\Abutment\93\AudioFiles\EBDR_8174ED4A54FC8228E3BE7E14695665D9.mp3~0~1000~128~0~1~2~04~10000~0004~>>4>>175>>2564
2018/11/21 11:32:07	Debug	文件接收完成时间：2018-11-21 11:32:07
2018/11/21 11:32:08	Debug	给刘工发送MQ时间：2018-11-21 11:32:08
2018/11/21 11:32:08	Debug	LasttarInfo：1~D:\Abutment\93\AudioFiles\EBDR_FB79A9356964E7147C231498F94E4639.mp3~0~1000~128~0~1~2~04~10000~0004~>>1>>175>>2565
2018/11/21 11:32:36	Debug	文件接收完成时间：2018-11-21 11:32:36
2018/11/21 11:32:38	Debug	给刘工发送MQ时间：2018-11-21 11:32:38
2018/11/21 11:32:38	Debug	LasttarInfo：1~D:\Abutment\93\AudioFiles\EBDR_FB79A9356964E7147C231498F94E4639.mp3~0~1000~128~0~1~2~04~10000~0004~>>1>>175>>2566
2018/11/21 11:34:54	Debug	文件接收完成时间：2018-11-21 11:34:54
2018/11/21 11:34:58	Debug	给刘工发送MQ时间：2018-11-21 11:34:58
2018/11/21 11:34:58	Debug	LasttarInfo：1~D:\Abutment\93\AudioFiles\EBDR_8174ED4A54FC8228E3BE7E14695665D9.mp3~0~1000~128~0~1~2~04~10000~0004~>>4>>175>>2567
2018/11/21 11:35:11	Debug	文件接收完成时间：2018-11-21 11:35:11
2018/11/21 11:35:16	Debug	给刘工发送MQ时间：2018-11-21 11:35:16
2018/11/21 11:35:16	Debug	LasttarInfo：1~D:\Abutment\93\AudioFiles\EBDR_FB79A9356964E7147C231498F94E4639.mp3~0~1000~128~0~1~2~04~10000~0004~>>1>>175>>2568
2018/11/21 11:35:49	Debug	文件接收完成时间：2018-11-21 11:35:49
2018/11/21 11:35:50	Debug	LasttarInfo：1~D:\Abutment\93\AudioFiles\EBDR_8174ED4A54FC8228E3BE7E14695665D9.mp3~0~1000~128~0~1~2~04~10000~0004~>>4>>175>>2567
2018/11/21 11:35:50	Debug	LasttarInfo：1~D:\Abutment\93\AudioFiles\EBDR_8174ED4A54FC8228E3BE7E14695665D9.mp3~0~1000~128~0~1~2~04~10000~0004~>>4>>175>>2567
2018/11/21 11:35:50	Debug	LasttarInfo：1~D:\Abutment\93\AudioFiles\EBDR_8174ED4A54FC8228E3BE7E14695665D9.mp3~0~1000~128~0~1~2~04~10000~0004~>>4>>175>>2567
2018/11/21 11:35:50	Debug	LasttarInfo：1~D:\Abutment\93\AudioFiles\EBDR_8174ED4A54FC8228E3BE7E14695665D9.mp3~0~1000~128~0~1~2~04~10000~0004~>>4>>175>>2567
2018/11/21 11:35:50	Debug	LasttarInfo：1~D:\Abutment\93\AudioFiles\EBDR_8174ED4A54FC8228E3BE7E14695665D9.mp3~0~1000~128~0~1~2~04~10000~0004~>>4>>175>>2567
2018/11/21 11:35:50	Debug	LasttarInfo：1~D:\Abutment\93\AudioFiles\EBDR_8174ED4A54FC8228E3BE7E14695665D9.mp3~0~1000~128~0~1~2~04~10000~0004~>>4>>175>>2567
2018/11/21 11:35:50	Debug	LasttarInfo：1~D:\Abutment\93\AudioFiles\EBDR_8174ED4A54FC8228E3BE7E14695665D9.mp3~0~1000~128~0~1~2~04~10000~0004~>>4>>175>>2567
2018/11/21 11:35:50	Debug	LasttarInfo：1~D:\Abutment\93\AudioFiles\EBDR_8174ED4A54FC8228E3BE7E14695665D9.mp3~0~1000~128~0~1~2~04~10000~0004~>>4>>175>>2567
2018/11/21 11:35:50	Debug	LasttarInfo：1~D:\Abutment\93\AudioFiles\EBDR_8174ED4A54FC8228E3BE7E14695665D9.mp3~0~1000~128~0~1~2~04~10000~0004~>>4>>175>>2567
2018/11/21 11:35:50	Debug	LasttarInfo：1~D:\Abutment\93\AudioFiles\EBDR_8174ED4A54FC8228E3BE7E14695665D9.mp3~0~1000~128~0~1~2~04~10000~0004~>>4>>175>>2567
2018/11/21 11:35:50	Debug	LasttarInfo：1~D:\Abutment\93\AudioFiles\EBDR_8174ED4A54FC8228E3BE7E14695665D9.mp3~0~1000~128~0~1~2~04~10000~0004~>>4>>175>>2567
2018/11/21 11:35:50	Debug	LasttarInfo：1~D:\Abutment\93\AudioFiles\EBDR_8174ED4A54FC8228E3BE7E14695665D9.mp3~0~1000~128~0~1~2~04~10000~0004~>>4>>175>>2567
2018/11/21 11:35:50	Debug	LasttarInfo：1~D:\Abutment\93\AudioFiles\EBDR_8174ED4A54FC8228E3BE7E14695665D9.mp3~0~1000~128~0~1~2~04~10000~0004~>>4>>175>>2567
2018/11/21 11:35:50	Debug	LasttarInfo：1~D:\Abutment\93\AudioFiles\EBDR_8174ED4A54FC8228E3BE7E14695665D9.mp3~0~1000~128~0~1~2~04~10000~0004~>>4>>175>>2567
2018/11/21 11:35:51	Debug	LasttarInfo：1~D:\Abutment\93\AudioFiles\EBDR_8174ED4A54FC8228E3BE7E14695665D9.mp3~0~1000~128~0~1~2~04~10000~0004~>>4>>175>>2567
2018/11/21 11:35:51	Debug	LasttarInfo：1~D:\Abutment\93\AudioFiles\EBDR_8174ED4A54FC8228E3BE7E14695665D9.mp3~0~1000~128~0~1~2~04~10000~0004~>>4>>175>>2567
2018/11/21 11:35:51	Debug	LasttarInfo：1~D:\Abutment\93\AudioFiles\EBDR_8174ED4A54FC8228E3BE7E14695665D9.mp3~0~1000~128~0~1~2~04~10000~0004~>>4>>175>>2567
2018/11/21 11:35:51	Debug	LasttarInfo：1~D:\Abutment\93\AudioFiles\EBDR_8174ED4A54FC8228E3BE7E14695665D9.mp3~0~1000~128~0~1~2~04~10000~0004~>>4>>175>>2567
2018/11/21 11:35:51	Debug	LasttarInfo：1~D:\Abutment\93\AudioFiles\EBDR_8174ED4A54FC8228E3BE7E14695665D9.mp3~0~1000~128~0~1~2~04~10000~0004~>>4>>175>>2567
2018/11/21 11:35:51	Debug	LasttarInfo：1~D:\Abutment\93\AudioFiles\EBDR_8174ED4A54FC8228E3BE7E14695665D9.mp3~0~1000~128~0~1~2~04~10000~0004~>>4>>175>>2567
2018/11/21 11:35:51	Debug	LasttarInfo：1~D:\Abutment\93\AudioFiles\EBDR_8174ED4A54FC8228E3BE7E14695665D9.mp3~0~1000~128~0~1~2~04~10000~0004~>>4>>175>>2567
2018/11/21 11:35:51	Debug	LasttarInfo：1~D:\Abutment\93\AudioFiles\EBDR_8174ED4A54FC8228E3BE7E14695665D9.mp3~0~1000~128~0~1~2~04~10000~0004~>>4>>175>>2567
2018/11/21 11:35:51	Debug	LasttarInfo：1~D:\Abutment\93\AudioFiles\EBDR_8174ED4A54FC8228E3BE7E14695665D9.mp3~0~1000~128~0~1~2~04~10000~0004~>>4>>175>>2567
2018/11/21 11:35:51	Debug	LasttarInfo：1~D:\Abutment\93\AudioFiles\EBDR_8174ED4A54FC8228E3BE7E14695665D9.mp3~0~1000~128~0~1~2~04~10000~0004~>>4>>175>>2567
2018/11/21 11:35:51	Debug	LasttarInfo：1~D:\Abutment\93\AudioFiles\EBDR_8174ED4A54FC8228E3BE7E14695665D9.mp3~0~1000~128~0~1~2~04~10000~0004~>>4>>175>>2567
2018/11/21 11:35:51	Debug	LasttarInfo：1~D:\Abutment\93\AudioFiles\EBDR_8174ED4A54FC8228E3BE7E14695665D9.mp3~0~1000~128~0~1~2~04~10000~0004~>>4>>175>>2567
2018/11/21 11:35:51	Debug	LasttarInfo：1~D:\Abutment\93\AudioFiles\EBDR_8174ED4A54FC8228E3BE7E14695665D9.mp3~0~1000~128~0~1~2~04~10000~0004~>>4>>175>>2567
2018/11/21 11:35:51	Debug	LasttarInfo：1~D:\Abutment\93\AudioFiles\EBDR_8174ED4A54FC8228E3BE7E14695665D9.mp3~0~1000~128~0~1~2~04~10000~0004~>>4>>175>>2567
2018/11/21 11:35:51	Debug	LasttarInfo：1~D:\Abutment\93\AudioFiles\EBDR_8174ED4A54FC8228E3BE7E14695665D9.mp3~0~1000~128~0~1~2~04~10000~0004~>>4>>175>>2567
2018/11/21 11:35:52	Debug	LasttarInfo：1~D:\Abutment\93\AudioFiles\EBDR_8174ED4A54FC8228E3BE7E14695665D9.mp3~0~1000~128~0~1~2~04~10000~0004~>>4>>175>>2567
2018/11/21 11:35:52	Debug	LasttarInfo：1~D:\Abutment\93\AudioFiles\EBDR_8174ED4A54FC8228E3BE7E14695665D9.mp3~0~1000~128~0~1~2~04~10000~0004~>>4>>175>>2567
2018/11/21 11:35:52	Debug	LasttarInfo：1~D:\Abutment\93\AudioFiles\EBDR_8174ED4A54FC8228E3BE7E14695665D9.mp3~0~1000~128~0~1~2~04~10000~0004~>>4>>175>>2567
2018/11/21 11:35:52	Debug	LasttarInfo：1~D:\Abutment\93\AudioFiles\EBDR_8174ED4A54FC8228E3BE7E14695665D9.mp3~0~1000~128~0~1~2~04~10000~0004~>>4>>175>>2567
2018/11/21 11:35:52	Debug	LasttarInfo：1~D:\Abutment\93\AudioFiles\EBDR_8174ED4A54FC8228E3BE7E14695665D9.mp3~0~1000~128~0~1~2~04~10000~0004~>>4>>175>>2567
2018/11/21 11:35:52	Debug	LasttarInfo：1~D:\Abutment\93\AudioFiles\EBDR_8174ED4A54FC8228E3BE7E14695665D9.mp3~0~1000~128~0~1~2~04~10000~0004~>>4>>175>>2567
2018/11/21 11:35:52	Debug	LasttarInfo：1~D:\Abutment\93\AudioFiles\EBDR_8174ED4A54FC8228E3BE7E14695665D9.mp3~0~1000~128~0~1~2~04~10000~0004~>>4>>175>>2567
2018/11/21 11:35:52	Debug	LasttarInfo：1~D:\Abutment\93\AudioFiles\EBDR_8174ED4A54FC8228E3BE7E14695665D9.mp3~0~1000~128~0~1~2~04~10000~0004~>>4>>175>>2567
2018/11/21 11:35:52	Debug	LasttarInfo：1~D:\Abutment\93\AudioFiles\EBDR_8174ED4A54FC8228E3BE7E14695665D9.mp3~0~1000~128~0~1~2~04~10000~0004~>>4>>175>>2567
2018/11/21 11:35:52	Debug	LasttarInfo：1~D:\Abutment\93\AudioFiles\EBDR_8174ED4A54FC8228E3BE7E14695665D9.mp3~0~1000~128~0~1~2~04~10000~0004~>>4>>175>>2567
2018/11/21 11:35:52	Debug	LasttarInfo：1~D:\Abutment\93\AudioFiles\EBDR_8174ED4A54FC8228E3BE7E14695665D9.mp3~0~1000~128~0~1~2~04~10000~0004~>>4>>175>>2567
2018/11/21 11:35:52	Debug	LasttarInfo：1~D:\Abutment\93\AudioFiles\EBDR_8174ED4A54FC8228E3BE7E14695665D9.mp3~0~1000~128~0~1~2~04~10000~0004~>>4>>175>>2567
2018/11/21 11:35:52	Debug	LasttarInfo：1~D:\Abutment\93\AudioFiles\EBDR_8174ED4A54FC8228E3BE7E14695665D9.mp3~0~1000~128~0~1~2~04~10000~0004~>>4>>175>>2567
2018/11/21 11:35:52	Debug	LasttarInfo：1~D:\Abutment\93\AudioFiles\EBDR_8174ED4A54FC8228E3BE7E14695665D9.mp3~0~1000~128~0~1~2~04~10000~0004~>>4>>175>>2567
2018/11/21 11:35:52	Debug	LasttarInfo：1~D:\Abutment\93\AudioFiles\EBDR_8174ED4A54FC8228E3BE7E14695665D9.mp3~0~1000~128~0~1~2~04~10000~0004~>>4>>175>>2567
2018/11/21 11:35:53	Debug	LasttarInfo：1~D:\Abutment\93\AudioFiles\EBDR_8174ED4A54FC8228E3BE7E14695665D9.mp3~0~1000~128~0~1~2~04~10000~0004~>>4>>175>>2567
2018/11/21 11:35:53	Debug	LasttarInfo：1~D:\Abutment\93\AudioFiles\EBDR_8174ED4A54FC8228E3BE7E14695665D9.mp3~0~1000~128~0~1~2~04~10000~0004~>>4>>175>>2567
2018/11/21 11:35:53	Debug	LasttarInfo：1~D:\Abutment\93\AudioFiles\EBDR_8174ED4A54FC8228E3BE7E14695665D9.mp3~0~1000~128~0~1~2~04~10000~0004~>>4>>175>>2567
2018/11/21 11:35:53	Debug	LasttarInfo：1~D:\Abutment\93\AudioFiles\EBDR_8174ED4A54FC8228E3BE7E14695665D9.mp3~0~1000~128~0~1~2~04~10000~0004~>>4>>175>>2567
2018/11/21 11:35:53	Debug	LasttarInfo：1~D:\Abutment\93\AudioFiles\EBDR_8174ED4A54FC8228E3BE7E14695665D9.mp3~0~1000~128~0~1~2~04~10000~0004~>>4>>175>>2567
2018/11/21 11:35:53	Debug	LasttarInfo：1~D:\Abutment\93\AudioFiles\EBDR_8174ED4A54FC8228E3BE7E14695665D9.mp3~0~1000~128~0~1~2~04~10000~0004~>>4>>175>>2567
2018/11/21 11:35:53	Debug	LasttarInfo：1~D:\Abutment\93\AudioFiles\EBDR_8174ED4A54FC8228E3BE7E14695665D9.mp3~0~1000~128~0~1~2~04~10000~0004~>>4>>175>>2567
2018/11/21 11:35:53	Debug	LasttarInfo：1~D:\Abutment\93\AudioFiles\EBDR_8174ED4A54FC8228E3BE7E14695665D9.mp3~0~1000~128~0~1~2~04~10000~0004~>>4>>175>>2567
2018/11/21 11:35:53	Debug	LasttarInfo：1~D:\Abutment\93\AudioFiles\EBDR_8174ED4A54FC8228E3BE7E14695665D9.mp3~0~1000~128~0~1~2~04~10000~0004~>>4>>175>>2567
2018/11/21 11:35:53	Debug	LasttarInfo：1~D:\Abutment\93\AudioFiles\EBDR_8174ED4A54FC8228E3BE7E14695665D9.mp3~0~1000~128~0~1~2~04~10000~0004~>>4>>175>>2567
2018/11/21 11:35:53	Debug	LasttarInfo：1~D:\Abutment\93\AudioFiles\EBDR_8174ED4A54FC8228E3BE7E14695665D9.mp3~0~1000~128~0~1~2~04~10000~0004~>>4>>175>>2567
2018/11/21 11:35:53	Debug	LasttarInfo：1~D:\Abutment\93\AudioFiles\EBDR_8174ED4A54FC8228E3BE7E14695665D9.mp3~0~1000~128~0~1~2~04~10000~0004~>>4>>175>>2567
2018/11/21 11:35:53	Debug	LasttarInfo：1~D:\Abutment\93\AudioFiles\EBDR_8174ED4A54FC8228E3BE7E14695665D9.mp3~0~1000~128~0~1~2~04~10000~0004~>>4>>175>>2567
2018/11/21 11:35:53	Debug	LasttarInfo：1~D:\Abutment\93\AudioFiles\EBDR_8174ED4A54FC8228E3BE7E14695665D9.mp3~0~1000~128~0~1~2~04~10000~0004~>>4>>175>>2567
2018/11/21 11:35:53	Debug	LasttarInfo：1~D:\Abutment\93\AudioFiles\EBDR_8174ED4A54FC8228E3BE7E14695665D9.mp3~0~1000~128~0~1~2~04~10000~0004~>>4>>175>>2567
2018/11/21 11:35:53	Debug	LasttarInfo：1~D:\Abutment\93\AudioFiles\EBDR_8174ED4A54FC8228E3BE7E14695665D9.mp3~0~1000~128~0~1~2~04~10000~0004~>>4>>175>>2567
2018/11/21 11:35:53	Debug	LasttarInfo：1~D:\Abutment\93\AudioFiles\EBDR_8174ED4A54FC8228E3BE7E14695665D9.mp3~0~1000~128~0~1~2~04~10000~0004~>>4>>175>>2567
2018/11/21 11:35:53	Debug	LasttarInfo：1~D:\Abutment\93\AudioFiles\EBDR_8174ED4A54FC8228E3BE7E14695665D9.mp3~0~1000~128~0~1~2~04~10000~0004~>>4>>175>>2567
2018/11/21 11:35:54	Debug	LasttarInfo：1~D:\Abutment\93\AudioFiles\EBDR_8174ED4A54FC8228E3BE7E14695665D9.mp3~0~1000~128~0~1~2~04~10000~0004~>>4>>175>>2567
2018/11/21 11:35:54	Debug	LasttarInfo：1~D:\Abutment\93\AudioFiles\EBDR_8174ED4A54FC8228E3BE7E14695665D9.mp3~0~1000~128~0~1~2~04~10000~0004~>>4>>175>>2567
2018/11/21 11:35:54	Debug	LasttarInfo：1~D:\Abutment\93\AudioFiles\EBDR_8174ED4A54FC8228E3BE7E14695665D9.mp3~0~1000~128~0~1~2~04~10000~0004~>>4>>175>>2567
2018/11/21 11:35:54	Debug	LasttarInfo：1~D:\Abutment\93\AudioFiles\EBDR_8174ED4A54FC8228E3BE7E14695665D9.mp3~0~1000~128~0~1~2~04~10000~0004~>>4>>175>>2567
2018/11/21 11:35:54	Debug	LasttarInfo：1~D:\Abutment\93\AudioFiles\EBDR_8174ED4A54FC8228E3BE7E14695665D9.mp3~0~1000~128~0~1~2~04~10000~0004~>>4>>175>>2567
2018/11/21 11:35:54	Debug	LasttarInfo：1~D:\Abutment\93\AudioFiles\EBDR_8174ED4A54FC8228E3BE7E14695665D9.mp3~0~1000~128~0~1~2~04~10000~0004~>>4>>175>>2567
2018/11/21 11:35:54	Debug	LasttarInfo：1~D:\Abutment\93\AudioFiles\EBDR_8174ED4A54FC8228E3BE7E14695665D9.mp3~0~1000~128~0~1~2~04~10000~0004~>>4>>175>>2567
2018/11/21 11:35:54	Debug	LasttarInfo：1~D:\Abutment\93\AudioFiles\EBDR_8174ED4A54FC8228E3BE7E14695665D9.mp3~0~1000~128~0~1~2~04~10000~0004~>>4>>175>>2567
2018/11/21 11:35:54	Debug	LasttarInfo：1~D:\Abutment\93\AudioFiles\EBDR_8174ED4A54FC8228E3BE7E14695665D9.mp3~0~1000~128~0~1~2~04~10000~0004~>>4>>175>>2567
2018/11/21 11:35:54	Debug	LasttarInfo：1~D:\Abutment\93\AudioFiles\EBDR_8174ED4A54FC8228E3BE7E14695665D9.mp3~0~1000~128~0~1~2~04~10000~0004~>>4>>175>>2567
2018/11/21 11:35:54	Debug	LasttarInfo：1~D:\Abutment\93\AudioFiles\EBDR_8174ED4A54FC8228E3BE7E14695665D9.mp3~0~1000~128~0~1~2~04~10000~0004~>>4>>175>>2567
2018/11/21 11:35:54	Debug	LasttarInfo：1~D:\Abutment\93\AudioFiles\EBDR_8174ED4A54FC8228E3BE7E14695665D9.mp3~0~1000~128~0~1~2~04~10000~0004~>>4>>175>>2567
2018/11/21 11:35:54	Debug	LasttarInfo：1~D:\Abutment\93\AudioFiles\EBDR_8174ED4A54FC8228E3BE7E14695665D9.mp3~0~1000~128~0~1~2~04~10000~0004~>>4>>175>>2567
2018/11/21 11:35:54	Debug	LasttarInfo：1~D:\Abutment\93\AudioFiles\EBDR_8174ED4A54FC8228E3BE7E14695665D9.mp3~0~1000~128~0~1~2~04~10000~0004~>>4>>175>>2567
2018/11/21 11:35:54	Debug	LasttarInfo：1~D:\Abutment\93\AudioFiles\EBDR_8174ED4A54FC8228E3BE7E14695665D9.mp3~0~1000~128~0~1~2~04~10000~0004~>>4>>175>>2567
2018/11/21 11:35:54	Debug	LasttarInfo：1~D:\Abutment\93\AudioFiles\EBDR_8174ED4A54FC8228E3BE7E14695665D9.mp3~0~1000~128~0~1~2~04~10000~0004~>>4>>175>>2567
2018/11/21 11:35:54	Debug	LasttarInfo：1~D:\Abutment\93\AudioFiles\EBDR_8174ED4A54FC8228E3BE7E14695665D9.mp3~0~1000~128~0~1~2~04~10000~0004~>>4>>175>>2567
2018/11/21 11:35:54	Debug	LasttarInfo：1~D:\Abutment\93\AudioFiles\EBDR_8174ED4A54FC8228E3BE7E14695665D9.mp3~0~1000~128~0~1~2~04~10000~0004~>>4>>175>>2567
2018/11/21 11:35:54	Debug	LasttarInfo：1~D:\Abutment\93\AudioFiles\EBDR_8174ED4A54FC8228E3BE7E14695665D9.mp3~0~1000~128~0~1~2~04~10000~0004~>>4>>175>>2567
2018/11/21 11:35:55	Debug	LasttarInfo：1~D:\Abutment\93\AudioFiles\EBDR_8174ED4A54FC8228E3BE7E14695665D9.mp3~0~1000~128~0~1~2~04~10000~0004~>>4>>175>>2567
2018/11/21 11:35:55	Debug	LasttarInfo：1~D:\Abutment\93\AudioFiles\EBDR_8174ED4A54FC8228E3BE7E14695665D9.mp3~0~1000~128~0~1~2~04~10000~0004~>>4>>175>>2567
2018/11/21 11:35:55	Debug	LasttarInfo：1~D:\Abutment\93\AudioFiles\EBDR_8174ED4A54FC8228E3BE7E14695665D9.mp3~0~1000~128~0~1~2~04~10000~0004~>>4>>175>>2567
2018/11/21 11:35:55	Debug	LasttarInfo：1~D:\Abutment\93\AudioFiles\EBDR_8174ED4A54FC8228E3BE7E14695665D9.mp3~0~1000~128~0~1~2~04~10000~0004~>>4>>175>>2567
2018/11/21 11:35:55	Debug	LasttarInfo：1~D:\Abutment\93\AudioFiles\EBDR_8174ED4A54FC8228E3BE7E14695665D9.mp3~0~1000~128~0~1~2~04~10000~0004~>>4>>175>>2567
2018/11/21 11:35:55	Debug	LasttarInfo：1~D:\Abutment\93\AudioFiles\EBDR_8174ED4A54FC8228E3BE7E14695665D9.mp3~0~1000~128~0~1~2~04~10000~0004~>>4>>175>>2567
2018/11/21 11:35:55	Debug	LasttarInfo：1~D:\Abutment\93\AudioFiles\EBDR_8174ED4A54FC8228E3BE7E14695665D9.mp3~0~1000~128~0~1~2~04~10000~0004~>>4>>175>>2567
2018/11/21 11:35:55	Debug	LasttarInfo：1~D:\Abutment\93\AudioFiles\EBDR_8174ED4A54FC8228E3BE7E14695665D9.mp3~0~1000~128~0~1~2~04~10000~0004~>>4>>175>>2567
2018/11/21 11:35:55	Debug	LasttarInfo：1~D:\Abutment\93\AudioFiles\EBDR_8174ED4A54FC8228E3BE7E14695665D9.mp3~0~1000~128~0~1~2~04~10000~0004~>>4>>175>>2567
2018/11/21 11:35:55	Debug	LasttarInfo：1~D:\Abutment\93\AudioFiles\EBDR_8174ED4A54FC8228E3BE7E14695665D9.mp3~0~1000~128~0~1~2~04~10000~0004~>>4>>175>>2567
2018/11/21 11:35:55	Debug	LasttarInfo：1~D:\Abutment\93\AudioFiles\EBDR_8174ED4A54FC8228E3BE7E14695665D9.mp3~0~1000~128~0~1~2~04~10000~0004~>>4>>175>>2567
2018/11/21 11:35:55	Debug	LasttarInfo：1~D:\Abutment\93\AudioFiles\EBDR_8174ED4A54FC8228E3BE7E14695665D9.mp3~0~1000~128~0~1~2~04~10000~0004~>>4>>175>>2567
2018/11/21 11:35:55	Debug	LasttarInfo：1~D:\Abutment\93\AudioFiles\EBDR_8174ED4A54FC8228E3BE7E14695665D9.mp3~0~1000~128~0~1~2~04~10000~0004~>>4>>175>>2567
2018/11/21 11:35:55	Debug	LasttarInfo：1~D:\Abutment\93\AudioFiles\EBDR_8174ED4A54FC8228E3BE7E14695665D9.mp3~0~1000~128~0~1~2~04~10000~0004~>>4>>175>>2567
2018/11/21 11:35:55	Debug	LasttarInfo：1~D:\Abutment\93\AudioFiles\EBDR_8174ED4A54FC8228E3BE7E14695665D9.mp3~0~1000~128~0~1~2~04~10000~0004~>>4>>175>>2567
2018/11/21 11:35:55	Debug	LasttarInfo：1~D:\Abutment\93\AudioFiles\EBDR_8174ED4A54FC8228E3BE7E14695665D9.mp3~0~1000~128~0~1~2~04~10000~0004~>>4>>175>>2567
2018/11/21 11:35:55	Debug	LasttarInfo：1~D:\Abutment\93\AudioFiles\EBDR_8174ED4A54FC8228E3BE7E14695665D9.mp3~0~1000~128~0~1~2~04~10000~0004~>>4>>175>>2567
2018/11/21 11:35:56	Debug	LasttarInfo：1~D:\Abutment\93\AudioFiles\EBDR_8174ED4A54FC8228E3BE7E14695665D9.mp3~0~1000~128~0~1~2~04~10000~0004~>>4>>175>>2567
2018/11/21 11:35:56	Debug	LasttarInfo：1~D:\Abutment\93\AudioFiles\EBDR_8174ED4A54FC8228E3BE7E14695665D9.mp3~0~1000~128~0~1~2~04~10000~0004~>>4>>175>>2567
2018/11/21 11:35:56	Debug	LasttarInfo：1~D:\Abutment\93\AudioFiles\EBDR_8174ED4A54FC8228E3BE7E14695665D9.mp3~0~1000~128~0~1~2~04~10000~0004~>>4>>175>>2567
2018/11/21 11:35:56	Debug	LasttarInfo：1~D:\Abutment\93\AudioFiles\EBDR_8174ED4A54FC8228E3BE7E14695665D9.mp3~0~1000~128~0~1~2~04~10000~0004~>>4>>175>>2567
2018/11/21 11:35:56	Debug	LasttarInfo：1~D:\Abutment\93\AudioFiles\EBDR_8174ED4A54FC8228E3BE7E14695665D9.mp3~0~1000~128~0~1~2~04~10000~0004~>>4>>175>>2567
2018/11/21 11:35:56	Debug	LasttarInfo：1~D:\Abutment\93\AudioFiles\EBDR_8174ED4A54FC8228E3BE7E14695665D9.mp3~0~1000~128~0~1~2~04~10000~0004~>>4>>175>>2567
2018/11/21 11:35:56	Debug	LasttarInfo：1~D:\Abutment\93\AudioFiles\EBDR_8174ED4A54FC8228E3BE7E14695665D9.mp3~0~1000~128~0~1~2~04~10000~0004~>>4>>175>>2567
2018/11/21 11:35:56	Debug	LasttarInfo：1~D:\Abutment\93\AudioFiles\EBDR_8174ED4A54FC8228E3BE7E14695665D9.mp3~0~1000~128~0~1~2~04~10000~0004~>>4>>175>>2567
2018/11/21 11:35:56	Debug	LasttarInfo：1~D:\Abutment\93\AudioFiles\EBDR_8174ED4A54FC8228E3BE7E14695665D9.mp3~0~1000~128~0~1~2~04~10000~0004~>>4>>175>>2567
2018/11/21 11:35:56	Debug	LasttarInfo：1~D:\Abutment\93\AudioFiles\EBDR_8174ED4A54FC8228E3BE7E14695665D9.mp3~0~1000~128~0~1~2~04~10000~0004~>>4>>175>>2567
2018/11/21 11:35:56	Debug	LasttarInfo：1~D:\Abutment\93\AudioFiles\EBDR_8174ED4A54FC8228E3BE7E14695665D9.mp3~0~1000~128~0~1~2~04~10000~0004~>>4>>175>>2567
2018/11/21 11:35:56	Debug	LasttarInfo：1~D:\Abutment\93\AudioFiles\EBDR_8174ED4A54FC8228E3BE7E14695665D9.mp3~0~1000~128~0~1~2~04~10000~0004~>>4>>175>>2567
2018/11/21 11:35:56	Debug	LasttarInfo：1~D:\Abutment\93\AudioFiles\EBDR_8174ED4A54FC8228E3BE7E14695665D9.mp3~0~1000~128~0~1~2~04~10000~0004~>>4>>175>>2567
2018/11/21 11:35:56	Debug	LasttarInfo：1~D:\Abutment\93\AudioFiles\EBDR_8174ED4A54FC8228E3BE7E14695665D9.mp3~0~1000~128~0~1~2~04~10000~0004~>>4>>175>>2567
2018/11/21 11:35:56	Debug	LasttarInfo：1~D:\Abutment\93\AudioFiles\EBDR_8174ED4A54FC8228E3BE7E14695665D9.mp3~0~1000~128~0~1~2~04~10000~0004~>>4>>175>>2567
2018/11/21 11:35:56	Debug	LasttarInfo：1~D:\Abutment\93\AudioFiles\EBDR_8174ED4A54FC8228E3BE7E14695665D9.mp3~0~1000~128~0~1~2~04~10000~0004~>>4>>175>>2567
2018/11/21 11:35:57	Debug	LasttarInfo：1~D:\Abutment\93\AudioFiles\EBDR_8174ED4A54FC8228E3BE7E14695665D9.mp3~0~1000~128~0~1~2~04~10000~0004~>>4>>175>>2567
2018/11/21 11:35:57	Debug	LasttarInfo：1~D:\Abutment\93\AudioFiles\EBDR_8174ED4A54FC8228E3BE7E14695665D9.mp3~0~1000~128~0~1~2~04~10000~0004~>>4>>175>>2567
2018/11/21 11:35:57	Debug	LasttarInfo：1~D:\Abutment\93\AudioFiles\EBDR_8174ED4A54FC8228E3BE7E14695665D9.mp3~0~1000~128~0~1~2~04~10000~0004~>>4>>175>>2567
2018/11/21 11:35:57	Debug	LasttarInfo：1~D:\Abutment\93\AudioFiles\EBDR_8174ED4A54FC8228E3BE7E14695665D9.mp3~0~1000~128~0~1~2~04~10000~0004~>>4>>175>>2567
2018/11/21 11:35:57	Debug	LasttarInfo：1~D:\Abutment\93\AudioFiles\EBDR_8174ED4A54FC8228E3BE7E14695665D9.mp3~0~1000~128~0~1~2~04~10000~0004~>>4>>175>>2567
2018/11/21 11:35:57	Debug	LasttarInfo：1~D:\Abutment\93\AudioFiles\EBDR_8174ED4A54FC8228E3BE7E14695665D9.mp3~0~1000~128~0~1~2~04~10000~0004~>>4>>175>>2567
2018/11/21 11:35:57	Debug	LasttarInfo：1~D:\Abutment\93\AudioFiles\EBDR_8174ED4A54FC8228E3BE7E14695665D9.mp3~0~1000~128~0~1~2~04~10000~0004~>>4>>175>>2567
2018/11/21 11:35:57	Debug	LasttarInfo：1~D:\Abutment\93\AudioFiles\EBDR_8174ED4A54FC8228E3BE7E14695665D9.mp3~0~1000~128~0~1~2~04~10000~0004~>>4>>175>>2567
2018/11/21 11:35:57	Debug	LasttarInfo：1~D:\Abutment\93\AudioFiles\EBDR_8174ED4A54FC8228E3BE7E14695665D9.mp3~0~1000~128~0~1~2~04~10000~0004~>>4>>175>>2567
2018/11/21 11:35:57	Debug	LasttarInfo：1~D:\Abutment\93\AudioFiles\EBDR_8174ED4A54FC8228E3BE7E14695665D9.mp3~0~1000~128~0~1~2~04~10000~0004~>>4>>175>>2567
2018/11/21 11:35:57	Debug	LasttarInfo：1~D:\Abutment\93\AudioFiles\EBDR_8174ED4A54FC8228E3BE7E14695665D9.mp3~0~1000~128~0~1~2~04~10000~0004~>>4>>175>>2567
2018/11/21 11:35:57	Debug	LasttarInfo：1~D:\Abutment\93\AudioFiles\EBDR_8174ED4A54FC8228E3BE7E14695665D9.mp3~0~1000~128~0~1~2~04~10000~0004~>>4>>175>>2567
2018/11/21 11:35:57	Debug	LasttarInfo：1~D:\Abutment\93\AudioFiles\EBDR_8174ED4A54FC8228E3BE7E14695665D9.mp3~0~1000~128~0~1~2~04~10000~0004~>>4>>175>>2567
2018/11/21 11:35:57	Debug	LasttarInfo：1~D:\Abutment\93\AudioFiles\EBDR_8174ED4A54FC8228E3BE7E14695665D9.mp3~0~1000~128~0~1~2~04~10000~0004~>>4>>175>>2567
2018/11/21 11:35:57	Debug	LasttarInfo：1~D:\Abutment\93\AudioFiles\EBDR_8174ED4A54FC8228E3BE7E14695665D9.mp3~0~1000~128~0~1~2~04~10000~0004~>>4>>175>>2567
2018/11/21 11:35:57	Debug	LasttarInfo：1~D:\Abutment\93\AudioFiles\EBDR_8174ED4A54FC8228E3BE7E14695665D9.mp3~0~1000~128~0~1~2~04~10000~0004~>>4>>175>>2567
2018/11/21 11:35:58	Debug	LasttarInfo：1~D:\Abutment\93\AudioFiles\EBDR_8174ED4A54FC8228E3BE7E14695665D9.mp3~0~1000~128~0~1~2~04~10000~0004~>>4>>175>>2567
2018/11/21 11:35:58	Debug	LasttarInfo：1~D:\Abutment\93\AudioFiles\EBDR_8174ED4A54FC8228E3BE7E14695665D9.mp3~0~1000~128~0~1~2~04~10000~0004~>>4>>175>>2567
2018/11/21 11:35:58	Debug	LasttarInfo：1~D:\Abutment\93\AudioFiles\EBDR_8174ED4A54FC8228E3BE7E14695665D9.mp3~0~1000~128~0~1~2~04~10000~0004~>>4>>175>>2567
2018/11/21 11:35:58	Debug	LasttarInfo：1~D:\Abutment\93\AudioFiles\EBDR_8174ED4A54FC8228E3BE7E14695665D9.mp3~0~1000~128~0~1~2~04~10000~0004~>>4>>175>>2567
2018/11/21 11:35:58	Debug	LasttarInfo：1~D:\Abutment\93\AudioFiles\EBDR_8174ED4A54FC8228E3BE7E14695665D9.mp3~0~1000~128~0~1~2~04~10000~0004~>>4>>175>>2567
2018/11/21 11:35:58	Debug	LasttarInfo：1~D:\Abutment\93\AudioFiles\EBDR_8174ED4A54FC8228E3BE7E14695665D9.mp3~0~1000~128~0~1~2~04~10000~0004~>>4>>175>>2567
2018/11/21 11:35:58	Debug	LasttarInfo：1~D:\Abutment\93\AudioFiles\EBDR_8174ED4A54FC8228E3BE7E14695665D9.mp3~0~1000~128~0~1~2~04~10000~0004~>>4>>175>>2567
2018/11/21 11:35:58	Debug	LasttarInfo：1~D:\Abutment\93\AudioFiles\EBDR_8174ED4A54FC8228E3BE7E14695665D9.mp3~0~1000~128~0~1~2~04~10000~0004~>>4>>175>>2567
2018/11/21 11:35:58	Debug	LasttarInfo：1~D:\Abutment\93\AudioFiles\EBDR_8174ED4A54FC8228E3BE7E14695665D9.mp3~0~1000~128~0~1~2~04~10000~0004~>>4>>175>>2567
2018/11/21 11:35:58	Debug	LasttarInfo：1~D:\Abutment\93\AudioFiles\EBDR_8174ED4A54FC8228E3BE7E14695665D9.mp3~0~1000~128~0~1~2~04~10000~0004~>>4>>175>>2567
2018/11/21 11:35:58	Debug	LasttarInfo：1~D:\Abutment\93\AudioFiles\EBDR_8174ED4A54FC8228E3BE7E14695665D9.mp3~0~1000~128~0~1~2~04~10000~0004~>>4>>175>>2567
2018/11/21 11:35:58	Debug	LasttarInfo：1~D:\Abutment\93\AudioFiles\EBDR_8174ED4A54FC8228E3BE7E14695665D9.mp3~0~1000~128~0~1~2~04~10000~0004~>>4>>175>>2567
2018/11/21 11:35:58	Debug	LasttarInfo：1~D:\Abutment\93\AudioFiles\EBDR_8174ED4A54FC8228E3BE7E14695665D9.mp3~0~1000~128~0~1~2~04~10000~0004~>>4>>175>>2567
2018/11/21 11:35:58	Debug	LasttarInfo：1~D:\Abutment\93\AudioFiles\EBDR_8174ED4A54FC8228E3BE7E14695665D9.mp3~0~1000~128~0~1~2~04~10000~0004~>>4>>175>>2567
2018/11/21 11:35:58	Debug	LasttarInfo：1~D:\Abutment\93\AudioFiles\EBDR_8174ED4A54FC8228E3BE7E14695665D9.mp3~0~1000~128~0~1~2~04~10000~0004~>>4>>175>>2567
2018/11/21 11:35:58	Debug	LasttarInfo：1~D:\Abutment\93\AudioFiles\EBDR_8174ED4A54FC8228E3BE7E14695665D9.mp3~0~1000~128~0~1~2~04~10000~0004~>>4>>175>>2567
2018/11/21 11:35:59	Debug	LasttarInfo：1~D:\Abutment\93\AudioFiles\EBDR_8174ED4A54FC8228E3BE7E14695665D9.mp3~0~1000~128~0~1~2~04~10000~0004~>>4>>175>>2567
2018/11/21 11:35:59	Debug	LasttarInfo：1~D:\Abutment\93\AudioFiles\EBDR_8174ED4A54FC8228E3BE7E14695665D9.mp3~0~1000~128~0~1~2~04~10000~0004~>>4>>175>>2567
2018/11/21 11:35:59	Debug	LasttarInfo：1~D:\Abutment\93\AudioFiles\EBDR_8174ED4A54FC8228E3BE7E14695665D9.mp3~0~1000~128~0~1~2~04~10000~0004~>>4>>175>>2567
2018/11/21 11:35:59	Debug	LasttarInfo：1~D:\Abutment\93\AudioFiles\EBDR_8174ED4A54FC8228E3BE7E14695665D9.mp3~0~1000~128~0~1~2~04~10000~0004~>>4>>175>>2567
2018/11/21 11:35:59	Debug	LasttarInfo：1~D:\Abutment\93\AudioFiles\EBDR_8174ED4A54FC8228E3BE7E14695665D9.mp3~0~1000~128~0~1~2~04~10000~0004~>>4>>175>>2567
2018/11/21 11:35:59	Debug	LasttarInfo：1~D:\Abutment\93\AudioFiles\EBDR_8174ED4A54FC8228E3BE7E14695665D9.mp3~0~1000~128~0~1~2~04~10000~0004~>>4>>175>>2567
2018/11/21 11:35:59	Debug	LasttarInfo：1~D:\Abutment\93\AudioFiles\EBDR_8174ED4A54FC8228E3BE7E14695665D9.mp3~0~1000~128~0~1~2~04~10000~0004~>>4>>175>>2567
2018/11/21 11:35:59	Debug	LasttarInfo：1~D:\Abutment\93\AudioFiles\EBDR_8174ED4A54FC8228E3BE7E14695665D9.mp3~0~1000~128~0~1~2~04~10000~0004~>>4>>175>>2567
2018/11/21 11:35:59	Debug	LasttarInfo：1~D:\Abutment\93\AudioFiles\EBDR_8174ED4A54FC8228E3BE7E14695665D9.mp3~0~1000~128~0~1~2~04~10000~0004~>>4>>175>>2567
2018/11/21 11:35:59	Debug	LasttarInfo：1~D:\Abutment\93\AudioFiles\EBDR_8174ED4A54FC8228E3BE7E14695665D9.mp3~0~1000~128~0~1~2~04~10000~0004~>>4>>175>>2567
2018/11/21 11:35:59	Debug	LasttarInfo：1~D:\Abutment\93\AudioFiles\EBDR_8174ED4A54FC8228E3BE7E14695665D9.mp3~0~1000~128~0~1~2~04~10000~0004~>>4>>175>>2567
2018/11/21 11:35:59	Debug	LasttarInfo：1~D:\Abutment\93\AudioFiles\EBDR_8174ED4A54FC8228E3BE7E14695665D9.mp3~0~1000~128~0~1~2~04~10000~0004~>>4>>175>>2567
2018/11/21 11:35:59	Debug	LasttarInfo：1~D:\Abutment\93\AudioFiles\EBDR_8174ED4A54FC8228E3BE7E14695665D9.mp3~0~1000~128~0~1~2~04~10000~0004~>>4>>175>>2567
2018/11/21 11:35:59	Debug	LasttarInfo：1~D:\Abutment\93\AudioFiles\EBDR_8174ED4A54FC8228E3BE7E14695665D9.mp3~0~1000~128~0~1~2~04~10000~0004~>>4>>175>>2567
2018/11/21 11:35:59	Debug	LasttarInfo：1~D:\Abutment\93\AudioFiles\EBDR_8174ED4A54FC8228E3BE7E14695665D9.mp3~0~1000~128~0~1~2~04~10000~0004~>>4>>175>>2567
2018/11/21 11:35:59	Debug	LasttarInfo：1~D:\Abutment\93\AudioFiles\EBDR_8174ED4A54FC8228E3BE7E14695665D9.mp3~0~1000~128~0~1~2~04~10000~0004~>>4>>175>>2567
2018/11/21 11:35:59	Debug	LasttarInfo：1~D:\Abutment\93\AudioFiles\EBDR_8174ED4A54FC8228E3BE7E14695665D9.mp3~0~1000~128~0~1~2~04~10000~0004~>>4>>175>>2567
2018/11/21 11:35:59	Debug	LasttarInfo：1~D:\Abutment\93\AudioFiles\EBDR_8174ED4A54FC8228E3BE7E14695665D9.mp3~0~1000~128~0~1~2~04~10000~0004~>>4>>175>>2567
2018/11/21 11:36:00	Debug	LasttarInfo：1~D:\Abutment\93\AudioFiles\EBDR_8174ED4A54FC8228E3BE7E14695665D9.mp3~0~1000~128~0~1~2~04~10000~0004~>>4>>175>>2567
2018/11/21 11:36:00	Debug	LasttarInfo：1~D:\Abutment\93\AudioFiles\EBDR_8174ED4A54FC8228E3BE7E14695665D9.mp3~0~1000~128~0~1~2~04~10000~0004~>>4>>175>>2567
2018/11/21 11:36:00	Debug	LasttarInfo：1~D:\Abutment\93\AudioFiles\EBDR_8174ED4A54FC8228E3BE7E14695665D9.mp3~0~1000~128~0~1~2~04~10000~0004~>>4>>175>>2567
2018/11/21 11:36:00	Debug	LasttarInfo：1~D:\Abutment\93\AudioFiles\EBDR_8174ED4A54FC8228E3BE7E14695665D9.mp3~0~1000~128~0~1~2~04~10000~0004~>>4>>175>>2567
2018/11/21 11:36:00	Debug	LasttarInfo：1~D:\Abutment\93\AudioFiles\EBDR_8174ED4A54FC8228E3BE7E14695665D9.mp3~0~1000~128~0~1~2~04~10000~0004~>>4>>175>>2567
2018/11/21 11:36:00	Debug	LasttarInfo：1~D:\Abutment\93\AudioFiles\EBDR_8174ED4A54FC8228E3BE7E14695665D9.mp3~0~1000~128~0~1~2~04~10000~0004~>>4>>175>>2567
2018/11/21 11:36:00	Debug	LasttarInfo：1~D:\Abutment\93\AudioFiles\EBDR_8174ED4A54FC8228E3BE7E14695665D9.mp3~0~1000~128~0~1~2~04~10000~0004~>>4>>175>>2567
2018/11/21 11:36:00	Debug	LasttarInfo：1~D:\Abutment\93\AudioFiles\EBDR_8174ED4A54FC8228E3BE7E14695665D9.mp3~0~1000~128~0~1~2~04~10000~0004~>>4>>175>>2567
2018/11/21 11:36:00	Debug	LasttarInfo：1~D:\Abutment\93\AudioFiles\EBDR_8174ED4A54FC8228E3BE7E14695665D9.mp3~0~1000~128~0~1~2~04~10000~0004~>>4>>175>>2567
2018/11/21 11:36:00	Debug	LasttarInfo：1~D:\Abutment\93\AudioFiles\EBDR_8174ED4A54FC8228E3BE7E14695665D9.mp3~0~1000~128~0~1~2~04~10000~0004~>>4>>175>>2567
2018/11/21 11:36:00	Debug	LasttarInfo：1~D:\Abutment\93\AudioFiles\EBDR_8174ED4A54FC8228E3BE7E14695665D9.mp3~0~1000~128~0~1~2~04~10000~0004~>>4>>175>>2567
2018/11/21 11:36:00	Debug	LasttarInfo：1~D:\Abutment\93\AudioFiles\EBDR_8174ED4A54FC8228E3BE7E14695665D9.mp3~0~1000~128~0~1~2~04~10000~0004~>>4>>175>>2567
2018/11/21 11:36:00	Debug	LasttarInfo：1~D:\Abutment\93\AudioFiles\EBDR_8174ED4A54FC8228E3BE7E14695665D9.mp3~0~1000~128~0~1~2~04~10000~0004~>>4>>175>>2567
2018/11/21 11:36:01	Debug	LasttarInfo：1~D:\Abutment\93\AudioFiles\EBDR_8174ED4A54FC8228E3BE7E14695665D9.mp3~0~1000~128~0~1~2~04~10000~0004~>>4>>175>>2567
2018/11/21 11:36:01	Debug	LasttarInfo：1~D:\Abutment\93\AudioFiles\EBDR_8174ED4A54FC8228E3BE7E14695665D9.mp3~0~1000~128~0~1~2~04~10000~0004~>>4>>175>>2567
2018/11/21 11:36:01	Debug	LasttarInfo：1~D:\Abutment\93\AudioFiles\EBDR_8174ED4A54FC8228E3BE7E14695665D9.mp3~0~1000~128~0~1~2~04~10000~0004~>>4>>175>>2567
2018/11/21 11:36:01	Debug	LasttarInfo：1~D:\Abutment\93\AudioFiles\EBDR_8174ED4A54FC8228E3BE7E14695665D9.mp3~0~1000~128~0~1~2~04~10000~0004~>>4>>175>>2567
2018/11/21 11:36:01	Debug	LasttarInfo：1~D:\Abutment\93\AudioFiles\EBDR_8174ED4A54FC8228E3BE7E14695665D9.mp3~0~1000~128~0~1~2~04~10000~0004~>>4>>175>>2567
2018/11/21 11:36:01	Debug	LasttarInfo：1~D:\Abutment\93\AudioFiles\EBDR_8174ED4A54FC8228E3BE7E14695665D9.mp3~0~1000~128~0~1~2~04~10000~0004~>>4>>175>>2567
2018/11/21 11:36:01	Debug	LasttarInfo：1~D:\Abutment\93\AudioFiles\EBDR_8174ED4A54FC8228E3BE7E14695665D9.mp3~0~1000~128~0~1~2~04~10000~0004~>>4>>175>>2567
2018/11/21 11:36:01	Debug	LasttarInfo：1~D:\Abutment\93\AudioFiles\EBDR_8174ED4A54FC8228E3BE7E14695665D9.mp3~0~1000~128~0~1~2~04~10000~0004~>>4>>175>>2567
2018/11/21 11:36:01	Debug	LasttarInfo：1~D:\Abutment\93\AudioFiles\EBDR_8174ED4A54FC8228E3BE7E14695665D9.mp3~0~1000~128~0~1~2~04~10000~0004~>>4>>175>>2567
2018/11/21 11:36:01	Debug	LasttarInfo：1~D:\Abutment\93\AudioFiles\EBDR_8174ED4A54FC8228E3BE7E14695665D9.mp3~0~1000~128~0~1~2~04~10000~0004~>>4>>175>>2567
2018/11/21 11:36:01	Debug	LasttarInfo：1~D:\Abutment\93\AudioFiles\EBDR_8174ED4A54FC8228E3BE7E14695665D9.mp3~0~1000~128~0~1~2~04~10000~0004~>>4>>175>>2567
2018/11/21 11:36:01	Debug	LasttarInfo：1~D:\Abutment\93\AudioFiles\EBDR_8174ED4A54FC8228E3BE7E14695665D9.mp3~0~1000~128~0~1~2~04~10000~0004~>>4>>175>>2567
2018/11/21 11:36:01	Debug	LasttarInfo：1~D:\Abutment\93\AudioFiles\EBDR_8174ED4A54FC8228E3BE7E14695665D9.mp3~0~1000~128~0~1~2~04~10000~0004~>>4>>175>>2567
2018/11/21 11:36:01	Debug	LasttarInfo：1~D:\Abutment\93\AudioFiles\EBDR_8174ED4A54FC8228E3BE7E14695665D9.mp3~0~1000~128~0~1~2~04~10000~0004~>>4>>175>>2567
2018/11/21 11:36:01	Debug	LasttarInfo：1~D:\Abutment\93\AudioFiles\EBDR_8174ED4A54FC8228E3BE7E14695665D9.mp3~0~1000~128~0~1~2~04~10000~0004~>>4>>175>>2567
2018/11/21 11:36:01	Debug	LasttarInfo：1~D:\Abutment\93\AudioFiles\EBDR_8174ED4A54FC8228E3BE7E14695665D9.mp3~0~1000~128~0~1~2~04~10000~0004~>>4>>175>>2567
2018/11/21 11:36:02	Debug	LasttarInfo：1~D:\Abutment\93\AudioFiles\EBDR_8174ED4A54FC8228E3BE7E14695665D9.mp3~0~1000~128~0~1~2~04~10000~0004~>>4>>175>>2567
2018/11/21 11:36:02	Debug	LasttarInfo：1~D:\Abutment\93\AudioFiles\EBDR_8174ED4A54FC8228E3BE7E14695665D9.mp3~0~1000~128~0~1~2~04~10000~0004~>>4>>175>>2567
2018/11/21 11:36:02	Debug	LasttarInfo：1~D:\Abutment\93\AudioFiles\EBDR_8174ED4A54FC8228E3BE7E14695665D9.mp3~0~1000~128~0~1~2~04~10000~0004~>>4>>175>>2567
2018/11/21 11:36:02	Debug	LasttarInfo：1~D:\Abutment\93\AudioFiles\EBDR_8174ED4A54FC8228E3BE7E14695665D9.mp3~0~1000~128~0~1~2~04~10000~0004~>>4>>175>>2567
2018/11/21 11:36:02	Debug	LasttarInfo：1~D:\Abutment\93\AudioFiles\EBDR_8174ED4A54FC8228E3BE7E14695665D9.mp3~0~1000~128~0~1~2~04~10000~0004~>>4>>175>>2567
2018/11/21 11:36:02	Debug	LasttarInfo：1~D:\Abutment\93\AudioFiles\EBDR_8174ED4A54FC8228E3BE7E14695665D9.mp3~0~1000~128~0~1~2~04~10000~0004~>>4>>175>>2567
2018/11/21 11:36:02	Debug	LasttarInfo：1~D:\Abutment\93\AudioFiles\EBDR_8174ED4A54FC8228E3BE7E14695665D9.mp3~0~1000~128~0~1~2~04~10000~0004~>>4>>175>>2567
2018/11/21 11:36:02	Debug	LasttarInfo：1~D:\Abutment\93\AudioFiles\EBDR_8174ED4A54FC8228E3BE7E14695665D9.mp3~0~1000~128~0~1~2~04~10000~0004~>>4>>175>>2567
2018/11/21 11:36:02	Debug	LasttarInfo：1~D:\Abutment\93\AudioFiles\EBDR_8174ED4A54FC8228E3BE7E14695665D9.mp3~0~1000~128~0~1~2~04~10000~0004~>>4>>175>>2567
2018/11/21 11:36:02	Debug	LasttarInfo：1~D:\Abutment\93\AudioFiles\EBDR_8174ED4A54FC8228E3BE7E14695665D9.mp3~0~1000~128~0~1~2~04~10000~0004~>>4>>175>>2567
2018/11/21 11:36:02	Debug	LasttarInfo：1~D:\Abutment\93\AudioFiles\EBDR_8174ED4A54FC8228E3BE7E14695665D9.mp3~0~1000~128~0~1~2~04~10000~0004~>>4>>175>>2567
2018/11/21 11:36:02	Debug	LasttarInfo：1~D:\Abutment\93\AudioFiles\EBDR_8174ED4A54FC8228E3BE7E14695665D9.mp3~0~1000~128~0~1~2~04~10000~0004~>>4>>175>>2567
2018/11/21 11:36:02	Debug	LasttarInfo：1~D:\Abutment\93\AudioFiles\EBDR_8174ED4A54FC8228E3BE7E14695665D9.mp3~0~1000~128~0~1~2~04~10000~0004~>>4>>175>>2567
2018/11/21 11:36:02	Debug	LasttarInfo：1~D:\Abutment\93\AudioFiles\EBDR_8174ED4A54FC8228E3BE7E14695665D9.mp3~0~1000~128~0~1~2~04~10000~0004~>>4>>175>>2567
2018/11/21 11:36:02	Debug	LasttarInfo：1~D:\Abutment\93\AudioFiles\EBDR_8174ED4A54FC8228E3BE7E14695665D9.mp3~0~1000~128~0~1~2~04~10000~0004~>>4>>175>>2567
2018/11/21 11:36:03	Debug	LasttarInfo：1~D:\Abutment\93\AudioFiles\EBDR_8174ED4A54FC8228E3BE7E14695665D9.mp3~0~1000~128~0~1~2~04~10000~0004~>>4>>175>>2567
2018/11/21 11:36:57	Debug	文件接收完成时间：2018-11-21 11:36:57
2018/11/21 11:37:00	Debug	给刘工发送MQ时间：2018-11-21 11:37:00
2018/11/21 11:37:00	Debug	LasttarInfo：1~D:\Abutment\93\AudioFiles\EBDR_8174ED4A54FC8228E3BE7E14695665D9.mp3~0~1000~128~0~1~2~04~10000~0004~>>4>>175>>2569
2018/11/21 11:37:08	Debug	文件接收完成时间：2018-11-21 11:37:08
2018/11/21 11:37:09	Debug	给刘工发送MQ时间：2018-11-21 11:37:09
2018/11/21 11:37:09	Debug	LasttarInfo：1~D:\Abutment\93\AudioFiles\EBDR_FB79A9356964E7147C231498F94E4639.mp3~0~1000~128~0~1~2~04~10000~0004~>>1>>175>>2570
2018/11/21 11:37:27	Debug	文件接收完成时间：2018-11-21 11:37:27
2018/11/21 11:37:28	Debug	LasttarInfo：1~D:\Abutment\93\AudioFiles\EBDR_8174ED4A54FC8228E3BE7E14695665D9.mp3~0~1000~128~0~1~2~04~10000~0004~>>4>>175>>2569
2018/11/21 11:37:28	Debug	LasttarInfo：1~D:\Abutment\93\AudioFiles\EBDR_8174ED4A54FC8228E3BE7E14695665D9.mp3~0~1000~128~0~1~2~04~10000~0004~>>4>>175>>2569
2018/11/21 11:37:28	Debug	LasttarInfo：1~D:\Abutment\93\AudioFiles\EBDR_8174ED4A54FC8228E3BE7E14695665D9.mp3~0~1000~128~0~1~2~04~10000~0004~>>4>>175>>2569
2018/11/21 11:37:28	Debug	LasttarInfo：1~D:\Abutment\93\AudioFiles\EBDR_8174ED4A54FC8228E3BE7E14695665D9.mp3~0~1000~128~0~1~2~04~10000~0004~>>4>>175>>2569
2018/11/21 11:37:28	Debug	LasttarInfo：1~D:\Abutment\93\AudioFiles\EBDR_8174ED4A54FC8228E3BE7E14695665D9.mp3~0~1000~128~0~1~2~04~10000~0004~>>4>>175>>2569
2018/11/21 11:37:28	Debug	LasttarInfo：1~D:\Abutment\93\AudioFiles\EBDR_8174ED4A54FC8228E3BE7E14695665D9.mp3~0~1000~128~0~1~2~04~10000~0004~>>4>>175>>2569
2018/11/21 11:37:28	Debug	LasttarInfo：1~D:\Abutment\93\AudioFiles\EBDR_8174ED4A54FC8228E3BE7E14695665D9.mp3~0~1000~128~0~1~2~04~10000~0004~>>4>>175>>2569
2018/11/21 11:37:28	Debug	LasttarInfo：1~D:\Abutment\93\AudioFiles\EBDR_8174ED4A54FC8228E3BE7E14695665D9.mp3~0~1000~128~0~1~2~04~10000~0004~>>4>>175>>2569
2018/11/21 11:37:28	Debug	LasttarInfo：1~D:\Abutment\93\AudioFiles\EBDR_8174ED4A54FC8228E3BE7E14695665D9.mp3~0~1000~128~0~1~2~04~10000~0004~>>4>>175>>2569
2018/11/21 11:37:28	Debug	LasttarInfo：1~D:\Abutment\93\AudioFiles\EBDR_8174ED4A54FC8228E3BE7E14695665D9.mp3~0~1000~128~0~1~2~04~10000~0004~>>4>>175>>2569
2018/11/21 11:37:28	Debug	LasttarInfo：1~D:\Abutment\93\AudioFiles\EBDR_8174ED4A54FC8228E3BE7E14695665D9.mp3~0~1000~128~0~1~2~04~10000~0004~>>4>>175>>2569
2018/11/21 11:37:28	Debug	LasttarInfo：1~D:\Abutment\93\AudioFiles\EBDR_8174ED4A54FC8228E3BE7E14695665D9.mp3~0~1000~128~0~1~2~04~10000~0004~>>4>>175>>2569
2018/11/21 11:37:28	Debug	LasttarInfo：1~D:\Abutment\93\AudioFiles\EBDR_8174ED4A54FC8228E3BE7E14695665D9.mp3~0~1000~128~0~1~2~04~10000~0004~>>4>>175>>2569
2018/11/21 11:37:28	Debug	LasttarInfo：1~D:\Abutment\93\AudioFiles\EBDR_8174ED4A54FC8228E3BE7E14695665D9.mp3~0~1000~128~0~1~2~04~10000~0004~>>4>>175>>2569
2018/11/21 11:37:28	Debug	LasttarInfo：1~D:\Abutment\93\AudioFiles\EBDR_8174ED4A54FC8228E3BE7E14695665D9.mp3~0~1000~128~0~1~2~04~10000~0004~>>4>>175>>2569
2018/11/21 11:37:28	Debug	LasttarInfo：1~D:\Abutment\93\AudioFiles\EBDR_8174ED4A54FC8228E3BE7E14695665D9.mp3~0~1000~128~0~1~2~04~10000~0004~>>4>>175>>2569
2018/11/21 11:37:29	Debug	LasttarInfo：1~D:\Abutment\93\AudioFiles\EBDR_8174ED4A54FC8228E3BE7E14695665D9.mp3~0~1000~128~0~1~2~04~10000~0004~>>4>>175>>2569
2018/11/21 11:37:29	Debug	LasttarInfo：1~D:\Abutment\93\AudioFiles\EBDR_8174ED4A54FC8228E3BE7E14695665D9.mp3~0~1000~128~0~1~2~04~10000~0004~>>4>>175>>2569
2018/11/21 11:37:29	Debug	LasttarInfo：1~D:\Abutment\93\AudioFiles\EBDR_8174ED4A54FC8228E3BE7E14695665D9.mp3~0~1000~128~0~1~2~04~10000~0004~>>4>>175>>2569
2018/11/21 11:37:29	Debug	LasttarInfo：1~D:\Abutment\93\AudioFiles\EBDR_8174ED4A54FC8228E3BE7E14695665D9.mp3~0~1000~128~0~1~2~04~10000~0004~>>4>>175>>2569
2018/11/21 11:37:29	Debug	LasttarInfo：1~D:\Abutment\93\AudioFiles\EBDR_8174ED4A54FC8228E3BE7E14695665D9.mp3~0~1000~128~0~1~2~04~10000~0004~>>4>>175>>2569
2018/11/21 11:37:29	Debug	LasttarInfo：1~D:\Abutment\93\AudioFiles\EBDR_8174ED4A54FC8228E3BE7E14695665D9.mp3~0~1000~128~0~1~2~04~10000~0004~>>4>>175>>2569
2018/11/21 11:37:29	Debug	LasttarInfo：1~D:\Abutment\93\AudioFiles\EBDR_8174ED4A54FC8228E3BE7E14695665D9.mp3~0~1000~128~0~1~2~04~10000~0004~>>4>>175>>2569
2018/11/21 11:37:29	Debug	LasttarInfo：1~D:\Abutment\93\AudioFiles\EBDR_8174ED4A54FC8228E3BE7E14695665D9.mp3~0~1000~128~0~1~2~04~10000~0004~>>4>>175>>2569
2018/11/21 11:37:29	Debug	LasttarInfo：1~D:\Abutment\93\AudioFiles\EBDR_8174ED4A54FC8228E3BE7E14695665D9.mp3~0~1000~128~0~1~2~04~10000~0004~>>4>>175>>2569
2018/11/21 11:37:29	Debug	LasttarInfo：1~D:\Abutment\93\AudioFiles\EBDR_8174ED4A54FC8228E3BE7E14695665D9.mp3~0~1000~128~0~1~2~04~10000~0004~>>4>>175>>2569
2018/11/21 11:37:29	Debug	LasttarInfo：1~D:\Abutment\93\AudioFiles\EBDR_8174ED4A54FC8228E3BE7E14695665D9.mp3~0~1000~128~0~1~2~04~10000~0004~>>4>>175>>2569
2018/11/21 11:37:29	Debug	LasttarInfo：1~D:\Abutment\93\AudioFiles\EBDR_8174ED4A54FC8228E3BE7E14695665D9.mp3~0~1000~128~0~1~2~04~10000~0004~>>4>>175>>2569
2018/11/21 11:37:29	Debug	LasttarInfo：1~D:\Abutment\93\AudioFiles\EBDR_8174ED4A54FC8228E3BE7E14695665D9.mp3~0~1000~128~0~1~2~04~10000~0004~>>4>>175>>2569
2018/11/21 11:37:30	Debug	LasttarInfo：1~D:\Abutment\93\AudioFiles\EBDR_8174ED4A54FC8228E3BE7E14695665D9.mp3~0~1000~128~0~1~2~04~10000~0004~>>4>>175>>2569
2018/11/21 11:37:30	Debug	LasttarInfo：1~D:\Abutment\93\AudioFiles\EBDR_8174ED4A54FC8228E3BE7E14695665D9.mp3~0~1000~128~0~1~2~04~10000~0004~>>4>>175>>2569
2018/11/21 11:37:30	Debug	LasttarInfo：1~D:\Abutment\93\AudioFiles\EBDR_8174ED4A54FC8228E3BE7E14695665D9.mp3~0~1000~128~0~1~2~04~10000~0004~>>4>>175>>2569
2018/11/21 11:37:30	Debug	LasttarInfo：1~D:\Abutment\93\AudioFiles\EBDR_8174ED4A54FC8228E3BE7E14695665D9.mp3~0~1000~128~0~1~2~04~10000~0004~>>4>>175>>2569
2018/11/21 11:37:30	Debug	LasttarInfo：1~D:\Abutment\93\AudioFiles\EBDR_8174ED4A54FC8228E3BE7E14695665D9.mp3~0~1000~128~0~1~2~04~10000~0004~>>4>>175>>2569
2018/11/21 11:37:30	Debug	LasttarInfo：1~D:\Abutment\93\AudioFiles\EBDR_8174ED4A54FC8228E3BE7E14695665D9.mp3~0~1000~128~0~1~2~04~10000~0004~>>4>>175>>2569
2018/11/21 11:37:30	Debug	LasttarInfo：1~D:\Abutment\93\AudioFiles\EBDR_8174ED4A54FC8228E3BE7E14695665D9.mp3~0~1000~128~0~1~2~04~10000~0004~>>4>>175>>2569
2018/11/21 11:37:30	Debug	LasttarInfo：1~D:\Abutment\93\AudioFiles\EBDR_8174ED4A54FC8228E3BE7E14695665D9.mp3~0~1000~128~0~1~2~04~10000~0004~>>4>>175>>2569
2018/11/21 11:37:30	Debug	LasttarInfo：1~D:\Abutment\93\AudioFiles\EBDR_8174ED4A54FC8228E3BE7E14695665D9.mp3~0~1000~128~0~1~2~04~10000~0004~>>4>>175>>2569
2018/11/21 11:37:30	Debug	LasttarInfo：1~D:\Abutment\93\AudioFiles\EBDR_8174ED4A54FC8228E3BE7E14695665D9.mp3~0~1000~128~0~1~2~04~10000~0004~>>4>>175>>2569
2018/11/21 11:37:30	Debug	LasttarInfo：1~D:\Abutment\93\AudioFiles\EBDR_8174ED4A54FC8228E3BE7E14695665D9.mp3~0~1000~128~0~1~2~04~10000~0004~>>4>>175>>2569
2018/11/21 11:37:30	Debug	LasttarInfo：1~D:\Abutment\93\AudioFiles\EBDR_8174ED4A54FC8228E3BE7E14695665D9.mp3~0~1000~128~0~1~2~04~10000~0004~>>4>>175>>2569
2018/11/21 11:37:30	Debug	LasttarInfo：1~D:\Abutment\93\AudioFiles\EBDR_8174ED4A54FC8228E3BE7E14695665D9.mp3~0~1000~128~0~1~2~04~10000~0004~>>4>>175>>2569
2018/11/21 11:37:30	Debug	LasttarInfo：1~D:\Abutment\93\AudioFiles\EBDR_8174ED4A54FC8228E3BE7E14695665D9.mp3~0~1000~128~0~1~2~04~10000~0004~>>4>>175>>2569
2018/11/21 11:37:30	Debug	LasttarInfo：1~D:\Abutment\93\AudioFiles\EBDR_8174ED4A54FC8228E3BE7E14695665D9.mp3~0~1000~128~0~1~2~04~10000~0004~>>4>>175>>2569
2018/11/21 11:37:31	Debug	LasttarInfo：1~D:\Abutment\93\AudioFiles\EBDR_8174ED4A54FC8228E3BE7E14695665D9.mp3~0~1000~128~0~1~2~04~10000~0004~>>4>>175>>2569
2018/11/21 11:37:31	Debug	LasttarInfo：1~D:\Abutment\93\AudioFiles\EBDR_8174ED4A54FC8228E3BE7E14695665D9.mp3~0~1000~128~0~1~2~04~10000~0004~>>4>>175>>2569
2018/11/21 11:37:31	Debug	LasttarInfo：1~D:\Abutment\93\AudioFiles\EBDR_8174ED4A54FC8228E3BE7E14695665D9.mp3~0~1000~128~0~1~2~04~10000~0004~>>4>>175>>2569
2018/11/21 11:37:31	Debug	LasttarInfo：1~D:\Abutment\93\AudioFiles\EBDR_8174ED4A54FC8228E3BE7E14695665D9.mp3~0~1000~128~0~1~2~04~10000~0004~>>4>>175>>2569
2018/11/21 11:37:31	Debug	LasttarInfo：1~D:\Abutment\93\AudioFiles\EBDR_8174ED4A54FC8228E3BE7E14695665D9.mp3~0~1000~128~0~1~2~04~10000~0004~>>4>>175>>2569
2018/11/21 11:37:31	Debug	LasttarInfo：1~D:\Abutment\93\AudioFiles\EBDR_8174ED4A54FC8228E3BE7E14695665D9.mp3~0~1000~128~0~1~2~04~10000~0004~>>4>>175>>2569
2018/11/21 11:37:31	Debug	LasttarInfo：1~D:\Abutment\93\AudioFiles\EBDR_8174ED4A54FC8228E3BE7E14695665D9.mp3~0~1000~128~0~1~2~04~10000~0004~>>4>>175>>2569
2018/11/21 11:37:31	Debug	LasttarInfo：1~D:\Abutment\93\AudioFiles\EBDR_8174ED4A54FC8228E3BE7E14695665D9.mp3~0~1000~128~0~1~2~04~10000~0004~>>4>>175>>2569
2018/11/21 11:37:31	Debug	LasttarInfo：1~D:\Abutment\93\AudioFiles\EBDR_8174ED4A54FC8228E3BE7E14695665D9.mp3~0~1000~128~0~1~2~04~10000~0004~>>4>>175>>2569
2018/11/21 11:37:31	Debug	LasttarInfo：1~D:\Abutment\93\AudioFiles\EBDR_8174ED4A54FC8228E3BE7E14695665D9.mp3~0~1000~128~0~1~2~04~10000~0004~>>4>>175>>2569
2018/11/21 11:37:31	Debug	LasttarInfo：1~D:\Abutment\93\AudioFiles\EBDR_8174ED4A54FC8228E3BE7E14695665D9.mp3~0~1000~128~0~1~2~04~10000~0004~>>4>>175>>2569
2018/11/21 11:37:31	Debug	LasttarInfo：1~D:\Abutment\93\AudioFiles\EBDR_8174ED4A54FC8228E3BE7E14695665D9.mp3~0~1000~128~0~1~2~04~10000~0004~>>4>>175>>2569
2018/11/21 11:37:31	Debug	LasttarInfo：1~D:\Abutment\93\AudioFiles\EBDR_8174ED4A54FC8228E3BE7E14695665D9.mp3~0~1000~128~0~1~2~04~10000~0004~>>4>>175>>2569
2018/11/21 11:37:31	Debug	LasttarInfo：1~D:\Abutment\93\AudioFiles\EBDR_8174ED4A54FC8228E3BE7E14695665D9.mp3~0~1000~128~0~1~2~04~10000~0004~>>4>>175>>2569
2018/11/21 11:37:31	Debug	LasttarInfo：1~D:\Abutment\93\AudioFiles\EBDR_8174ED4A54FC8228E3BE7E14695665D9.mp3~0~1000~128~0~1~2~04~10000~0004~>>4>>175>>2569
2018/11/21 11:37:32	Debug	LasttarInfo：1~D:\Abutment\93\AudioFiles\EBDR_8174ED4A54FC8228E3BE7E14695665D9.mp3~0~1000~128~0~1~2~04~10000~0004~>>4>>175>>2569
2018/11/21 11:37:32	Debug	LasttarInfo：1~D:\Abutment\93\AudioFiles\EBDR_8174ED4A54FC8228E3BE7E14695665D9.mp3~0~1000~128~0~1~2~04~10000~0004~>>4>>175>>2569
2018/11/21 11:37:32	Debug	LasttarInfo：1~D:\Abutment\93\AudioFiles\EBDR_8174ED4A54FC8228E3BE7E14695665D9.mp3~0~1000~128~0~1~2~04~10000~0004~>>4>>175>>2569
2018/11/21 11:37:32	Debug	LasttarInfo：1~D:\Abutment\93\AudioFiles\EBDR_8174ED4A54FC8228E3BE7E14695665D9.mp3~0~1000~128~0~1~2~04~10000~0004~>>4>>175>>2569
2018/11/21 11:37:32	Debug	LasttarInfo：1~D:\Abutment\93\AudioFiles\EBDR_8174ED4A54FC8228E3BE7E14695665D9.mp3~0~1000~128~0~1~2~04~10000~0004~>>4>>175>>2569
2018/11/21 11:37:32	Debug	LasttarInfo：1~D:\Abutment\93\AudioFiles\EBDR_8174ED4A54FC8228E3BE7E14695665D9.mp3~0~1000~128~0~1~2~04~10000~0004~>>4>>175>>2569
2018/11/21 11:37:32	Debug	LasttarInfo：1~D:\Abutment\93\AudioFiles\EBDR_8174ED4A54FC8228E3BE7E14695665D9.mp3~0~1000~128~0~1~2~04~10000~0004~>>4>>175>>2569
2018/11/21 11:37:32	Debug	LasttarInfo：1~D:\Abutment\93\AudioFiles\EBDR_8174ED4A54FC8228E3BE7E14695665D9.mp3~0~1000~128~0~1~2~04~10000~0004~>>4>>175>>2569
2018/11/21 11:37:32	Debug	LasttarInfo：1~D:\Abutment\93\AudioFiles\EBDR_8174ED4A54FC8228E3BE7E14695665D9.mp3~0~1000~128~0~1~2~04~10000~0004~>>4>>175>>2569
2018/11/21 11:37:32	Debug	LasttarInfo：1~D:\Abutment\93\AudioFiles\EBDR_8174ED4A54FC8228E3BE7E14695665D9.mp3~0~1000~128~0~1~2~04~10000~0004~>>4>>175>>2569
2018/11/21 11:37:32	Debug	LasttarInfo：1~D:\Abutment\93\AudioFiles\EBDR_8174ED4A54FC8228E3BE7E14695665D9.mp3~0~1000~128~0~1~2~04~10000~0004~>>4>>175>>2569
2018/11/21 11:37:32	Debug	LasttarInfo：1~D:\Abutment\93\AudioFiles\EBDR_8174ED4A54FC8228E3BE7E14695665D9.mp3~0~1000~128~0~1~2~04~10000~0004~>>4>>175>>2569
2018/11/21 11:37:32	Debug	LasttarInfo：1~D:\Abutment\93\AudioFiles\EBDR_8174ED4A54FC8228E3BE7E14695665D9.mp3~0~1000~128~0~1~2~04~10000~0004~>>4>>175>>2569
2018/11/21 11:37:32	Debug	LasttarInfo：1~D:\Abutment\93\AudioFiles\EBDR_8174ED4A54FC8228E3BE7E14695665D9.mp3~0~1000~128~0~1~2~04~10000~0004~>>4>>175>>2569
2018/11/21 11:37:32	Debug	LasttarInfo：1~D:\Abutment\93\AudioFiles\EBDR_8174ED4A54FC8228E3BE7E14695665D9.mp3~0~1000~128~0~1~2~04~10000~0004~>>4>>175>>2569
2018/11/21 11:37:32	Debug	LasttarInfo：1~D:\Abutment\93\AudioFiles\EBDR_8174ED4A54FC8228E3BE7E14695665D9.mp3~0~1000~128~0~1~2~04~10000~0004~>>4>>175>>2569
2018/11/21 11:37:32	Debug	LasttarInfo：1~D:\Abutment\93\AudioFiles\EBDR_8174ED4A54FC8228E3BE7E14695665D9.mp3~0~1000~128~0~1~2~04~10000~0004~>>4>>175>>2569
2018/11/21 11:37:32	Debug	LasttarInfo：1~D:\Abutment\93\AudioFiles\EBDR_8174ED4A54FC8228E3BE7E14695665D9.mp3~0~1000~128~0~1~2~04~10000~0004~>>4>>175>>2569
2018/11/21 11:37:33	Debug	LasttarInfo：1~D:\Abutment\93\AudioFiles\EBDR_8174ED4A54FC8228E3BE7E14695665D9.mp3~0~1000~128~0~1~2~04~10000~0004~>>4>>175>>2569
2018/11/21 11:37:33	Debug	LasttarInfo：1~D:\Abutment\93\AudioFiles\EBDR_8174ED4A54FC8228E3BE7E14695665D9.mp3~0~1000~128~0~1~2~04~10000~0004~>>4>>175>>2569
2018/11/21 11:37:33	Debug	LasttarInfo：1~D:\Abutment\93\AudioFiles\EBDR_8174ED4A54FC8228E3BE7E14695665D9.mp3~0~1000~128~0~1~2~04~10000~0004~>>4>>175>>2569
2018/11/21 11:37:33	Debug	LasttarInfo：1~D:\Abutment\93\AudioFiles\EBDR_8174ED4A54FC8228E3BE7E14695665D9.mp3~0~1000~128~0~1~2~04~10000~0004~>>4>>175>>2569
2018/11/21 11:37:33	Debug	LasttarInfo：1~D:\Abutment\93\AudioFiles\EBDR_8174ED4A54FC8228E3BE7E14695665D9.mp3~0~1000~128~0~1~2~04~10000~0004~>>4>>175>>2569
2018/11/21 11:37:33	Debug	LasttarInfo：1~D:\Abutment\93\AudioFiles\EBDR_8174ED4A54FC8228E3BE7E14695665D9.mp3~0~1000~128~0~1~2~04~10000~0004~>>4>>175>>2569
2018/11/21 11:37:33	Debug	LasttarInfo：1~D:\Abutment\93\AudioFiles\EBDR_8174ED4A54FC8228E3BE7E14695665D9.mp3~0~1000~128~0~1~2~04~10000~0004~>>4>>175>>2569
2018/11/21 11:37:33	Debug	LasttarInfo：1~D:\Abutment\93\AudioFiles\EBDR_8174ED4A54FC8228E3BE7E14695665D9.mp3~0~1000~128~0~1~2~04~10000~0004~>>4>>175>>2569
2018/11/21 11:37:33	Debug	LasttarInfo：1~D:\Abutment\93\AudioFiles\EBDR_8174ED4A54FC8228E3BE7E14695665D9.mp3~0~1000~128~0~1~2~04~10000~0004~>>4>>175>>2569
2018/11/21 11:37:33	Debug	LasttarInfo：1~D:\Abutment\93\AudioFiles\EBDR_8174ED4A54FC8228E3BE7E14695665D9.mp3~0~1000~128~0~1~2~04~10000~0004~>>4>>175>>2569
2018/11/21 11:37:33	Debug	LasttarInfo：1~D:\Abutment\93\AudioFiles\EBDR_8174ED4A54FC8228E3BE7E14695665D9.mp3~0~1000~128~0~1~2~04~10000~0004~>>4>>175>>2569
2018/11/21 11:37:33	Debug	LasttarInfo：1~D:\Abutment\93\AudioFiles\EBDR_8174ED4A54FC8228E3BE7E14695665D9.mp3~0~1000~128~0~1~2~04~10000~0004~>>4>>175>>2569
2018/11/21 11:37:33	Debug	LasttarInfo：1~D:\Abutment\93\AudioFiles\EBDR_8174ED4A54FC8228E3BE7E14695665D9.mp3~0~1000~128~0~1~2~04~10000~0004~>>4>>175>>2569
2018/11/21 11:37:33	Debug	LasttarInfo：1~D:\Abutment\93\AudioFiles\EBDR_8174ED4A54FC8228E3BE7E14695665D9.mp3~0~1000~128~0~1~2~04~10000~0004~>>4>>175>>2569
2018/11/21 11:37:33	Debug	LasttarInfo：1~D:\Abutment\93\AudioFiles\EBDR_8174ED4A54FC8228E3BE7E14695665D9.mp3~0~1000~128~0~1~2~04~10000~0004~>>4>>175>>2569
2018/11/21 11:37:33	Debug	LasttarInfo：1~D:\Abutment\93\AudioFiles\EBDR_8174ED4A54FC8228E3BE7E14695665D9.mp3~0~1000~128~0~1~2~04~10000~0004~>>4>>175>>2569
2018/11/21 11:37:34	Debug	LasttarInfo：1~D:\Abutment\93\AudioFiles\EBDR_8174ED4A54FC8228E3BE7E14695665D9.mp3~0~1000~128~0~1~2~04~10000~0004~>>4>>175>>2569
2018/11/21 11:37:34	Debug	LasttarInfo：1~D:\Abutment\93\AudioFiles\EBDR_8174ED4A54FC8228E3BE7E14695665D9.mp3~0~1000~128~0~1~2~04~10000~0004~>>4>>175>>2569
2018/11/21 11:37:34	Debug	LasttarInfo：1~D:\Abutment\93\AudioFiles\EBDR_8174ED4A54FC8228E3BE7E14695665D9.mp3~0~1000~128~0~1~2~04~10000~0004~>>4>>175>>2569
2018/11/21 11:37:34	Debug	LasttarInfo：1~D:\Abutment\93\AudioFiles\EBDR_8174ED4A54FC8228E3BE7E14695665D9.mp3~0~1000~128~0~1~2~04~10000~0004~>>4>>175>>2569
2018/11/21 11:37:34	Debug	LasttarInfo：1~D:\Abutment\93\AudioFiles\EBDR_8174ED4A54FC8228E3BE7E14695665D9.mp3~0~1000~128~0~1~2~04~10000~0004~>>4>>175>>2569
2018/11/21 11:37:34	Debug	LasttarInfo：1~D:\Abutment\93\AudioFiles\EBDR_8174ED4A54FC8228E3BE7E14695665D9.mp3~0~1000~128~0~1~2~04~10000~0004~>>4>>175>>2569
2018/11/21 11:37:34	Debug	LasttarInfo：1~D:\Abutment\93\AudioFiles\EBDR_8174ED4A54FC8228E3BE7E14695665D9.mp3~0~1000~128~0~1~2~04~10000~0004~>>4>>175>>2569
2018/11/21 11:37:34	Debug	LasttarInfo：1~D:\Abutment\93\AudioFiles\EBDR_8174ED4A54FC8228E3BE7E14695665D9.mp3~0~1000~128~0~1~2~04~10000~0004~>>4>>175>>2569
2018/11/21 11:37:34	Debug	LasttarInfo：1~D:\Abutment\93\AudioFiles\EBDR_8174ED4A54FC8228E3BE7E14695665D9.mp3~0~1000~128~0~1~2~04~10000~0004~>>4>>175>>2569
2018/11/21 11:37:34	Debug	LasttarInfo：1~D:\Abutment\93\AudioFiles\EBDR_8174ED4A54FC8228E3BE7E14695665D9.mp3~0~1000~128~0~1~2~04~10000~0004~>>4>>175>>2569
2018/11/21 11:37:34	Debug	LasttarInfo：1~D:\Abutment\93\AudioFiles\EBDR_8174ED4A54FC8228E3BE7E14695665D9.mp3~0~1000~128~0~1~2~04~10000~0004~>>4>>175>>2569
2018/11/21 11:37:34	Debug	LasttarInfo：1~D:\Abutment\93\AudioFiles\EBDR_8174ED4A54FC8228E3BE7E14695665D9.mp3~0~1000~128~0~1~2~04~10000~0004~>>4>>175>>2569
2018/11/21 11:37:34	Debug	LasttarInfo：1~D:\Abutment\93\AudioFiles\EBDR_8174ED4A54FC8228E3BE7E14695665D9.mp3~0~1000~128~0~1~2~04~10000~0004~>>4>>175>>2569
2018/11/21 11:37:34	Debug	LasttarInfo：1~D:\Abutment\93\AudioFiles\EBDR_8174ED4A54FC8228E3BE7E14695665D9.mp3~0~1000~128~0~1~2~04~10000~0004~>>4>>175>>2569
2018/11/21 11:37:34	Debug	LasttarInfo：1~D:\Abutment\93\AudioFiles\EBDR_8174ED4A54FC8228E3BE7E14695665D9.mp3~0~1000~128~0~1~2~04~10000~0004~>>4>>175>>2569
2018/11/21 11:37:34	Debug	LasttarInfo：1~D:\Abutment\93\AudioFiles\EBDR_8174ED4A54FC8228E3BE7E14695665D9.mp3~0~1000~128~0~1~2~04~10000~0004~>>4>>175>>2569
2018/11/21 11:37:34	Debug	LasttarInfo：1~D:\Abutment\93\AudioFiles\EBDR_8174ED4A54FC8228E3BE7E14695665D9.mp3~0~1000~128~0~1~2~04~10000~0004~>>4>>175>>2569
2018/11/21 11:37:35	Debug	LasttarInfo：1~D:\Abutment\93\AudioFiles\EBDR_8174ED4A54FC8228E3BE7E14695665D9.mp3~0~1000~128~0~1~2~04~10000~0004~>>4>>175>>2569
2018/11/21 11:37:35	Debug	LasttarInfo：1~D:\Abutment\93\AudioFiles\EBDR_8174ED4A54FC8228E3BE7E14695665D9.mp3~0~1000~128~0~1~2~04~10000~0004~>>4>>175>>2569
2018/11/21 11:37:35	Debug	LasttarInfo：1~D:\Abutment\93\AudioFiles\EBDR_8174ED4A54FC8228E3BE7E14695665D9.mp3~0~1000~128~0~1~2~04~10000~0004~>>4>>175>>2569
2018/11/21 11:37:35	Debug	LasttarInfo：1~D:\Abutment\93\AudioFiles\EBDR_8174ED4A54FC8228E3BE7E14695665D9.mp3~0~1000~128~0~1~2~04~10000~0004~>>4>>175>>2569
2018/11/21 11:37:35	Debug	LasttarInfo：1~D:\Abutment\93\AudioFiles\EBDR_8174ED4A54FC8228E3BE7E14695665D9.mp3~0~1000~128~0~1~2~04~10000~0004~>>4>>175>>2569
2018/11/21 11:37:35	Debug	LasttarInfo：1~D:\Abutment\93\AudioFiles\EBDR_8174ED4A54FC8228E3BE7E14695665D9.mp3~0~1000~128~0~1~2~04~10000~0004~>>4>>175>>2569
2018/11/21 11:37:35	Debug	LasttarInfo：1~D:\Abutment\93\AudioFiles\EBDR_8174ED4A54FC8228E3BE7E14695665D9.mp3~0~1000~128~0~1~2~04~10000~0004~>>4>>175>>2569
2018/11/21 11:37:35	Debug	LasttarInfo：1~D:\Abutment\93\AudioFiles\EBDR_8174ED4A54FC8228E3BE7E14695665D9.mp3~0~1000~128~0~1~2~04~10000~0004~>>4>>175>>2569
2018/11/21 11:37:35	Debug	LasttarInfo：1~D:\Abutment\93\AudioFiles\EBDR_8174ED4A54FC8228E3BE7E14695665D9.mp3~0~1000~128~0~1~2~04~10000~0004~>>4>>175>>2569
2018/11/21 11:37:35	Debug	LasttarInfo：1~D:\Abutment\93\AudioFiles\EBDR_8174ED4A54FC8228E3BE7E14695665D9.mp3~0~1000~128~0~1~2~04~10000~0004~>>4>>175>>2569
2018/11/21 11:37:35	Debug	LasttarInfo：1~D:\Abutment\93\AudioFiles\EBDR_8174ED4A54FC8228E3BE7E14695665D9.mp3~0~1000~128~0~1~2~04~10000~0004~>>4>>175>>2569
2018/11/21 11:37:35	Debug	LasttarInfo：1~D:\Abutment\93\AudioFiles\EBDR_8174ED4A54FC8228E3BE7E14695665D9.mp3~0~1000~128~0~1~2~04~10000~0004~>>4>>175>>2569
2018/11/21 11:37:35	Debug	LasttarInfo：1~D:\Abutment\93\AudioFiles\EBDR_8174ED4A54FC8228E3BE7E14695665D9.mp3~0~1000~128~0~1~2~04~10000~0004~>>4>>175>>2569
2018/11/21 11:37:35	Debug	LasttarInfo：1~D:\Abutment\93\AudioFiles\EBDR_8174ED4A54FC8228E3BE7E14695665D9.mp3~0~1000~128~0~1~2~04~10000~0004~>>4>>175>>2569
2018/11/21 11:37:35	Debug	LasttarInfo：1~D:\Abutment\93\AudioFiles\EBDR_8174ED4A54FC8228E3BE7E14695665D9.mp3~0~1000~128~0~1~2~04~10000~0004~>>4>>175>>2569
2018/11/21 11:37:35	Debug	LasttarInfo：1~D:\Abutment\93\AudioFiles\EBDR_8174ED4A54FC8228E3BE7E14695665D9.mp3~0~1000~128~0~1~2~04~10000~0004~>>4>>175>>2569
2018/11/21 11:37:35	Debug	LasttarInfo：1~D:\Abutment\93\AudioFiles\EBDR_8174ED4A54FC8228E3BE7E14695665D9.mp3~0~1000~128~0~1~2~04~10000~0004~>>4>>175>>2569
2018/11/21 11:37:36	Debug	LasttarInfo：1~D:\Abutment\93\AudioFiles\EBDR_8174ED4A54FC8228E3BE7E14695665D9.mp3~0~1000~128~0~1~2~04~10000~0004~>>4>>175>>2569
2018/11/21 11:37:36	Debug	LasttarInfo：1~D:\Abutment\93\AudioFiles\EBDR_8174ED4A54FC8228E3BE7E14695665D9.mp3~0~1000~128~0~1~2~04~10000~0004~>>4>>175>>2569
2018/11/21 11:37:36	Debug	LasttarInfo：1~D:\Abutment\93\AudioFiles\EBDR_8174ED4A54FC8228E3BE7E14695665D9.mp3~0~1000~128~0~1~2~04~10000~0004~>>4>>175>>2569
2018/11/21 11:37:36	Debug	LasttarInfo：1~D:\Abutment\93\AudioFiles\EBDR_8174ED4A54FC8228E3BE7E14695665D9.mp3~0~1000~128~0~1~2~04~10000~0004~>>4>>175>>2569
2018/11/21 11:37:36	Debug	LasttarInfo：1~D:\Abutment\93\AudioFiles\EBDR_8174ED4A54FC8228E3BE7E14695665D9.mp3~0~1000~128~0~1~2~04~10000~0004~>>4>>175>>2569
2018/11/21 11:37:36	Debug	LasttarInfo：1~D:\Abutment\93\AudioFiles\EBDR_8174ED4A54FC8228E3BE7E14695665D9.mp3~0~1000~128~0~1~2~04~10000~0004~>>4>>175>>2569
2018/11/21 11:37:36	Debug	LasttarInfo：1~D:\Abutment\93\AudioFiles\EBDR_8174ED4A54FC8228E3BE7E14695665D9.mp3~0~1000~128~0~1~2~04~10000~0004~>>4>>175>>2569
2018/11/21 11:37:36	Debug	LasttarInfo：1~D:\Abutment\93\AudioFiles\EBDR_8174ED4A54FC8228E3BE7E14695665D9.mp3~0~1000~128~0~1~2~04~10000~0004~>>4>>175>>2569
2018/11/21 11:37:36	Debug	LasttarInfo：1~D:\Abutment\93\AudioFiles\EBDR_8174ED4A54FC8228E3BE7E14695665D9.mp3~0~1000~128~0~1~2~04~10000~0004~>>4>>175>>2569
2018/11/21 11:37:36	Debug	LasttarInfo：1~D:\Abutment\93\AudioFiles\EBDR_8174ED4A54FC8228E3BE7E14695665D9.mp3~0~1000~128~0~1~2~04~10000~0004~>>4>>175>>2569
2018/11/21 11:37:36	Debug	LasttarInfo：1~D:\Abutment\93\AudioFiles\EBDR_8174ED4A54FC8228E3BE7E14695665D9.mp3~0~1000~128~0~1~2~04~10000~0004~>>4>>175>>2569
2018/11/21 11:37:36	Debug	LasttarInfo：1~D:\Abutment\93\AudioFiles\EBDR_8174ED4A54FC8228E3BE7E14695665D9.mp3~0~1000~128~0~1~2~04~10000~0004~>>4>>175>>2569
2018/11/21 11:37:36	Debug	LasttarInfo：1~D:\Abutment\93\AudioFiles\EBDR_8174ED4A54FC8228E3BE7E14695665D9.mp3~0~1000~128~0~1~2~04~10000~0004~>>4>>175>>2569
2018/11/21 11:37:36	Debug	LasttarInfo：1~D:\Abutment\93\AudioFiles\EBDR_8174ED4A54FC8228E3BE7E14695665D9.mp3~0~1000~128~0~1~2~04~10000~0004~>>4>>175>>2569
2018/11/21 11:37:36	Debug	LasttarInfo：1~D:\Abutment\93\AudioFiles\EBDR_8174ED4A54FC8228E3BE7E14695665D9.mp3~0~1000~128~0~1~2~04~10000~0004~>>4>>175>>2569
2018/11/21 11:37:36	Debug	LasttarInfo：1~D:\Abutment\93\AudioFiles\EBDR_8174ED4A54FC8228E3BE7E14695665D9.mp3~0~1000~128~0~1~2~04~10000~0004~>>4>>175>>2569
2018/11/21 11:37:37	Debug	LasttarInfo：1~D:\Abutment\93\AudioFiles\EBDR_8174ED4A54FC8228E3BE7E14695665D9.mp3~0~1000~128~0~1~2~04~10000~0004~>>4>>175>>2569
2018/11/21 11:37:37	Debug	LasttarInfo：1~D:\Abutment\93\AudioFiles\EBDR_8174ED4A54FC8228E3BE7E14695665D9.mp3~0~1000~128~0~1~2~04~10000~0004~>>4>>175>>2569
2018/11/21 11:37:37	Debug	LasttarInfo：1~D:\Abutment\93\AudioFiles\EBDR_8174ED4A54FC8228E3BE7E14695665D9.mp3~0~1000~128~0~1~2~04~10000~0004~>>4>>175>>2569
2018/11/21 11:37:37	Debug	LasttarInfo：1~D:\Abutment\93\AudioFiles\EBDR_8174ED4A54FC8228E3BE7E14695665D9.mp3~0~1000~128~0~1~2~04~10000~0004~>>4>>175>>2569
2018/11/21 11:37:37	Debug	LasttarInfo：1~D:\Abutment\93\AudioFiles\EBDR_8174ED4A54FC8228E3BE7E14695665D9.mp3~0~1000~128~0~1~2~04~10000~0004~>>4>>175>>2569
2018/11/21 11:37:37	Debug	LasttarInfo：1~D:\Abutment\93\AudioFiles\EBDR_8174ED4A54FC8228E3BE7E14695665D9.mp3~0~1000~128~0~1~2~04~10000~0004~>>4>>175>>2569
2018/11/21 11:37:37	Debug	LasttarInfo：1~D:\Abutment\93\AudioFiles\EBDR_8174ED4A54FC8228E3BE7E14695665D9.mp3~0~1000~128~0~1~2~04~10000~0004~>>4>>175>>2569
2018/11/21 11:37:37	Debug	LasttarInfo：1~D:\Abutment\93\AudioFiles\EBDR_8174ED4A54FC8228E3BE7E14695665D9.mp3~0~1000~128~0~1~2~04~10000~0004~>>4>>175>>2569
2018/11/21 11:37:37	Debug	LasttarInfo：1~D:\Abutment\93\AudioFiles\EBDR_8174ED4A54FC8228E3BE7E14695665D9.mp3~0~1000~128~0~1~2~04~10000~0004~>>4>>175>>2569
2018/11/21 11:37:37	Debug	LasttarInfo：1~D:\Abutment\93\AudioFiles\EBDR_8174ED4A54FC8228E3BE7E14695665D9.mp3~0~1000~128~0~1~2~04~10000~0004~>>4>>175>>2569
2018/11/21 11:37:37	Debug	LasttarInfo：1~D:\Abutment\93\AudioFiles\EBDR_8174ED4A54FC8228E3BE7E14695665D9.mp3~0~1000~128~0~1~2~04~10000~0004~>>4>>175>>2569
2018/11/21 11:37:37	Debug	LasttarInfo：1~D:\Abutment\93\AudioFiles\EBDR_8174ED4A54FC8228E3BE7E14695665D9.mp3~0~1000~128~0~1~2~04~10000~0004~>>4>>175>>2569
2018/11/21 11:37:37	Debug	LasttarInfo：1~D:\Abutment\93\AudioFiles\EBDR_8174ED4A54FC8228E3BE7E14695665D9.mp3~0~1000~128~0~1~2~04~10000~0004~>>4>>175>>2569
2018/11/21 11:37:37	Debug	LasttarInfo：1~D:\Abutment\93\AudioFiles\EBDR_8174ED4A54FC8228E3BE7E14695665D9.mp3~0~1000~128~0~1~2~04~10000~0004~>>4>>175>>2569
2018/11/21 11:37:37	Debug	LasttarInfo：1~D:\Abutment\93\AudioFiles\EBDR_8174ED4A54FC8228E3BE7E14695665D9.mp3~0~1000~128~0~1~2~04~10000~0004~>>4>>175>>2569
2018/11/21 11:37:37	Debug	LasttarInfo：1~D:\Abutment\93\AudioFiles\EBDR_8174ED4A54FC8228E3BE7E14695665D9.mp3~0~1000~128~0~1~2~04~10000~0004~>>4>>175>>2569
2018/11/21 11:37:37	Debug	LasttarInfo：1~D:\Abutment\93\AudioFiles\EBDR_8174ED4A54FC8228E3BE7E14695665D9.mp3~0~1000~128~0~1~2~04~10000~0004~>>4>>175>>2569
2018/11/21 11:37:38	Debug	LasttarInfo：1~D:\Abutment\93\AudioFiles\EBDR_8174ED4A54FC8228E3BE7E14695665D9.mp3~0~1000~128~0~1~2~04~10000~0004~>>4>>175>>2569
2018/11/21 11:37:38	Debug	LasttarInfo：1~D:\Abutment\93\AudioFiles\EBDR_8174ED4A54FC8228E3BE7E14695665D9.mp3~0~1000~128~0~1~2~04~10000~0004~>>4>>175>>2569
2018/11/21 11:37:38	Debug	LasttarInfo：1~D:\Abutment\93\AudioFiles\EBDR_8174ED4A54FC8228E3BE7E14695665D9.mp3~0~1000~128~0~1~2~04~10000~0004~>>4>>175>>2569
2018/11/21 11:37:38	Debug	LasttarInfo：1~D:\Abutment\93\AudioFiles\EBDR_8174ED4A54FC8228E3BE7E14695665D9.mp3~0~1000~128~0~1~2~04~10000~0004~>>4>>175>>2569
2018/11/21 11:37:38	Debug	LasttarInfo：1~D:\Abutment\93\AudioFiles\EBDR_8174ED4A54FC8228E3BE7E14695665D9.mp3~0~1000~128~0~1~2~04~10000~0004~>>4>>175>>2569
2018/11/21 11:37:38	Debug	LasttarInfo：1~D:\Abutment\93\AudioFiles\EBDR_8174ED4A54FC8228E3BE7E14695665D9.mp3~0~1000~128~0~1~2~04~10000~0004~>>4>>175>>2569
2018/11/21 11:37:38	Debug	LasttarInfo：1~D:\Abutment\93\AudioFiles\EBDR_8174ED4A54FC8228E3BE7E14695665D9.mp3~0~1000~128~0~1~2~04~10000~0004~>>4>>175>>2569
2018/11/21 11:37:38	Debug	LasttarInfo：1~D:\Abutment\93\AudioFiles\EBDR_8174ED4A54FC8228E3BE7E14695665D9.mp3~0~1000~128~0~1~2~04~10000~0004~>>4>>175>>2569
2018/11/21 11:37:38	Debug	LasttarInfo：1~D:\Abutment\93\AudioFiles\EBDR_8174ED4A54FC8228E3BE7E14695665D9.mp3~0~1000~128~0~1~2~04~10000~0004~>>4>>175>>2569
2018/11/21 11:37:38	Debug	LasttarInfo：1~D:\Abutment\93\AudioFiles\EBDR_8174ED4A54FC8228E3BE7E14695665D9.mp3~0~1000~128~0~1~2~04~10000~0004~>>4>>175>>2569
2018/11/21 11:37:38	Debug	LasttarInfo：1~D:\Abutment\93\AudioFiles\EBDR_8174ED4A54FC8228E3BE7E14695665D9.mp3~0~1000~128~0~1~2~04~10000~0004~>>4>>175>>2569
2018/11/21 11:37:38	Debug	LasttarInfo：1~D:\Abutment\93\AudioFiles\EBDR_8174ED4A54FC8228E3BE7E14695665D9.mp3~0~1000~128~0~1~2~04~10000~0004~>>4>>175>>2569
2018/11/21 11:37:38	Debug	LasttarInfo：1~D:\Abutment\93\AudioFiles\EBDR_8174ED4A54FC8228E3BE7E14695665D9.mp3~0~1000~128~0~1~2~04~10000~0004~>>4>>175>>2569
2018/11/21 11:37:38	Debug	LasttarInfo：1~D:\Abutment\93\AudioFiles\EBDR_8174ED4A54FC8228E3BE7E14695665D9.mp3~0~1000~128~0~1~2~04~10000~0004~>>4>>175>>2569
2018/11/21 11:37:39	Debug	LasttarInfo：1~D:\Abutment\93\AudioFiles\EBDR_8174ED4A54FC8228E3BE7E14695665D9.mp3~0~1000~128~0~1~2~04~10000~0004~>>4>>175>>2569
2018/11/21 11:37:39	Debug	LasttarInfo：1~D:\Abutment\93\AudioFiles\EBDR_8174ED4A54FC8228E3BE7E14695665D9.mp3~0~1000~128~0~1~2~04~10000~0004~>>4>>175>>2569
2018/11/21 11:37:39	Debug	LasttarInfo：1~D:\Abutment\93\AudioFiles\EBDR_8174ED4A54FC8228E3BE7E14695665D9.mp3~0~1000~128~0~1~2~04~10000~0004~>>4>>175>>2569
2018/11/21 11:37:39	Debug	LasttarInfo：1~D:\Abutment\93\AudioFiles\EBDR_8174ED4A54FC8228E3BE7E14695665D9.mp3~0~1000~128~0~1~2~04~10000~0004~>>4>>175>>2569
2018/11/21 11:37:39	Debug	LasttarInfo：1~D:\Abutment\93\AudioFiles\EBDR_8174ED4A54FC8228E3BE7E14695665D9.mp3~0~1000~128~0~1~2~04~10000~0004~>>4>>175>>2569
2018/11/21 11:37:39	Debug	LasttarInfo：1~D:\Abutment\93\AudioFiles\EBDR_8174ED4A54FC8228E3BE7E14695665D9.mp3~0~1000~128~0~1~2~04~10000~0004~>>4>>175>>2569
2018/11/21 11:37:39	Debug	LasttarInfo：1~D:\Abutment\93\AudioFiles\EBDR_8174ED4A54FC8228E3BE7E14695665D9.mp3~0~1000~128~0~1~2~04~10000~0004~>>4>>175>>2569
2018/11/21 11:37:39	Debug	LasttarInfo：1~D:\Abutment\93\AudioFiles\EBDR_8174ED4A54FC8228E3BE7E14695665D9.mp3~0~1000~128~0~1~2~04~10000~0004~>>4>>175>>2569
2018/11/21 11:37:39	Debug	LasttarInfo：1~D:\Abutment\93\AudioFiles\EBDR_8174ED4A54FC8228E3BE7E14695665D9.mp3~0~1000~128~0~1~2~04~10000~0004~>>4>>175>>2569
2018/11/21 11:37:39	Debug	LasttarInfo：1~D:\Abutment\93\AudioFiles\EBDR_8174ED4A54FC8228E3BE7E14695665D9.mp3~0~1000~128~0~1~2~04~10000~0004~>>4>>175>>2569
2018/11/21 11:37:39	Debug	LasttarInfo：1~D:\Abutment\93\AudioFiles\EBDR_8174ED4A54FC8228E3BE7E14695665D9.mp3~0~1000~128~0~1~2~04~10000~0004~>>4>>175>>2569
2018/11/21 11:37:39	Debug	LasttarInfo：1~D:\Abutment\93\AudioFiles\EBDR_8174ED4A54FC8228E3BE7E14695665D9.mp3~0~1000~128~0~1~2~04~10000~0004~>>4>>175>>2569
2018/11/21 11:37:39	Debug	LasttarInfo：1~D:\Abutment\93\AudioFiles\EBDR_8174ED4A54FC8228E3BE7E14695665D9.mp3~0~1000~128~0~1~2~04~10000~0004~>>4>>175>>2569
2018/11/21 11:37:39	Debug	LasttarInfo：1~D:\Abutment\93\AudioFiles\EBDR_8174ED4A54FC8228E3BE7E14695665D9.mp3~0~1000~128~0~1~2~04~10000~0004~>>4>>175>>2569
2018/11/21 11:37:39	Debug	LasttarInfo：1~D:\Abutment\93\AudioFiles\EBDR_8174ED4A54FC8228E3BE7E14695665D9.mp3~0~1000~128~0~1~2~04~10000~0004~>>4>>175>>2569
2018/11/21 11:37:40	Debug	LasttarInfo：1~D:\Abutment\93\AudioFiles\EBDR_8174ED4A54FC8228E3BE7E14695665D9.mp3~0~1000~128~0~1~2~04~10000~0004~>>4>>175>>2569
2018/11/21 11:37:40	Debug	LasttarInfo：1~D:\Abutment\93\AudioFiles\EBDR_8174ED4A54FC8228E3BE7E14695665D9.mp3~0~1000~128~0~1~2~04~10000~0004~>>4>>175>>2569
2018/11/21 11:37:40	Debug	LasttarInfo：1~D:\Abutment\93\AudioFiles\EBDR_8174ED4A54FC8228E3BE7E14695665D9.mp3~0~1000~128~0~1~2~04~10000~0004~>>4>>175>>2569
2018/11/21 11:37:40	Debug	LasttarInfo：1~D:\Abutment\93\AudioFiles\EBDR_8174ED4A54FC8228E3BE7E14695665D9.mp3~0~1000~128~0~1~2~04~10000~0004~>>4>>175>>2569
2018/11/21 11:37:40	Debug	LasttarInfo：1~D:\Abutment\93\AudioFiles\EBDR_8174ED4A54FC8228E3BE7E14695665D9.mp3~0~1000~128~0~1~2~04~10000~0004~>>4>>175>>2569
2018/11/21 11:37:40	Debug	LasttarInfo：1~D:\Abutment\93\AudioFiles\EBDR_8174ED4A54FC8228E3BE7E14695665D9.mp3~0~1000~128~0~1~2~04~10000~0004~>>4>>175>>2569
2018/11/21 11:37:40	Debug	LasttarInfo：1~D:\Abutment\93\AudioFiles\EBDR_8174ED4A54FC8228E3BE7E14695665D9.mp3~0~1000~128~0~1~2~04~10000~0004~>>4>>175>>2569
2018/11/21 11:37:40	Debug	LasttarInfo：1~D:\Abutment\93\AudioFiles\EBDR_8174ED4A54FC8228E3BE7E14695665D9.mp3~0~1000~128~0~1~2~04~10000~0004~>>4>>175>>2569
2018/11/21 11:37:40	Debug	LasttarInfo：1~D:\Abutment\93\AudioFiles\EBDR_8174ED4A54FC8228E3BE7E14695665D9.mp3~0~1000~128~0~1~2~04~10000~0004~>>4>>175>>2569
2018/11/21 11:37:40	Debug	LasttarInfo：1~D:\Abutment\93\AudioFiles\EBDR_8174ED4A54FC8228E3BE7E14695665D9.mp3~0~1000~128~0~1~2~04~10000~0004~>>4>>175>>2569
2018/11/21 11:37:40	Debug	LasttarInfo：1~D:\Abutment\93\AudioFiles\EBDR_8174ED4A54FC8228E3BE7E14695665D9.mp3~0~1000~128~0~1~2~04~10000~0004~>>4>>175>>2569
2018/11/21 11:37:40	Debug	LasttarInfo：1~D:\Abutment\93\AudioFiles\EBDR_8174ED4A54FC8228E3BE7E14695665D9.mp3~0~1000~128~0~1~2~04~10000~0004~>>4>>175>>2569
2018/11/21 11:37:40	Debug	LasttarInfo：1~D:\Abutment\93\AudioFiles\EBDR_8174ED4A54FC8228E3BE7E14695665D9.mp3~0~1000~128~0~1~2~04~10000~0004~>>4>>175>>2569
2018/11/21 11:37:40	Debug	LasttarInfo：1~D:\Abutment\93\AudioFiles\EBDR_8174ED4A54FC8228E3BE7E14695665D9.mp3~0~1000~128~0~1~2~04~10000~0004~>>4>>175>>2569
2018/11/21 11:37:40	Debug	LasttarInfo：1~D:\Abutment\93\AudioFiles\EBDR_8174ED4A54FC8228E3BE7E14695665D9.mp3~0~1000~128~0~1~2~04~10000~0004~>>4>>175>>2569
2018/11/21 11:37:40	Debug	LasttarInfo：1~D:\Abutment\93\AudioFiles\EBDR_8174ED4A54FC8228E3BE7E14695665D9.mp3~0~1000~128~0~1~2~04~10000~0004~>>4>>175>>2569
2018/11/21 11:37:40	Debug	LasttarInfo：1~D:\Abutment\93\AudioFiles\EBDR_8174ED4A54FC8228E3BE7E14695665D9.mp3~0~1000~128~0~1~2~04~10000~0004~>>4>>175>>2569
2018/11/21 11:37:40	Debug	LasttarInfo：1~D:\Abutment\93\AudioFiles\EBDR_8174ED4A54FC8228E3BE7E14695665D9.mp3~0~1000~128~0~1~2~04~10000~0004~>>4>>175>>2569
2018/11/21 11:37:40	Debug	LasttarInfo：1~D:\Abutment\93\AudioFiles\EBDR_8174ED4A54FC8228E3BE7E14695665D9.mp3~0~1000~128~0~1~2~04~10000~0004~>>4>>175>>2569
2018/11/21 11:37:41	Debug	LasttarInfo：1~D:\Abutment\93\AudioFiles\EBDR_8174ED4A54FC8228E3BE7E14695665D9.mp3~0~1000~128~0~1~2~04~10000~0004~>>4>>175>>2569
2018/11/21 11:37:41	Debug	LasttarInfo：1~D:\Abutment\93\AudioFiles\EBDR_8174ED4A54FC8228E3BE7E14695665D9.mp3~0~1000~128~0~1~2~04~10000~0004~>>4>>175>>2569
2018/11/21 11:37:41	Debug	LasttarInfo：1~D:\Abutment\93\AudioFiles\EBDR_8174ED4A54FC8228E3BE7E14695665D9.mp3~0~1000~128~0~1~2~04~10000~0004~>>4>>175>>2569
2018/11/21 11:37:41	Debug	LasttarInfo：1~D:\Abutment\93\AudioFiles\EBDR_8174ED4A54FC8228E3BE7E14695665D9.mp3~0~1000~128~0~1~2~04~10000~0004~>>4>>175>>2569
2018/11/21 11:37:41	Debug	LasttarInfo：1~D:\Abutment\93\AudioFiles\EBDR_8174ED4A54FC8228E3BE7E14695665D9.mp3~0~1000~128~0~1~2~04~10000~0004~>>4>>175>>2569
2018/11/21 11:37:41	Debug	LasttarInfo：1~D:\Abutment\93\AudioFiles\EBDR_8174ED4A54FC8228E3BE7E14695665D9.mp3~0~1000~128~0~1~2~04~10000~0004~>>4>>175>>2569
2018/11/21 11:37:41	Debug	LasttarInfo：1~D:\Abutment\93\AudioFiles\EBDR_8174ED4A54FC8228E3BE7E14695665D9.mp3~0~1000~128~0~1~2~04~10000~0004~>>4>>175>>2569
2018/11/21 11:37:41	Debug	LasttarInfo：1~D:\Abutment\93\AudioFiles\EBDR_8174ED4A54FC8228E3BE7E14695665D9.mp3~0~1000~128~0~1~2~04~10000~0004~>>4>>175>>2569
2018/11/21 11:37:41	Debug	LasttarInfo：1~D:\Abutment\93\AudioFiles\EBDR_8174ED4A54FC8228E3BE7E14695665D9.mp3~0~1000~128~0~1~2~04~10000~0004~>>4>>175>>2569
2018/11/21 11:37:41	Debug	LasttarInfo：1~D:\Abutment\93\AudioFiles\EBDR_8174ED4A54FC8228E3BE7E14695665D9.mp3~0~1000~128~0~1~2~04~10000~0004~>>4>>175>>2569
2018/11/21 11:37:41	Debug	LasttarInfo：1~D:\Abutment\93\AudioFiles\EBDR_8174ED4A54FC8228E3BE7E14695665D9.mp3~0~1000~128~0~1~2~04~10000~0004~>>4>>175>>2569
2018/11/21 11:37:41	Debug	LasttarInfo：1~D:\Abutment\93\AudioFiles\EBDR_8174ED4A54FC8228E3BE7E14695665D9.mp3~0~1000~128~0~1~2~04~10000~0004~>>4>>175>>2569
2018/11/21 11:37:41	Debug	LasttarInfo：1~D:\Abutment\93\AudioFiles\EBDR_8174ED4A54FC8228E3BE7E14695665D9.mp3~0~1000~128~0~1~2~04~10000~0004~>>4>>175>>2569
2018/11/21 11:37:41	Debug	LasttarInfo：1~D:\Abutment\93\AudioFiles\EBDR_8174ED4A54FC8228E3BE7E14695665D9.mp3~0~1000~128~0~1~2~04~10000~0004~>>4>>175>>2569
2018/11/21 11:37:42	Debug	LasttarInfo：1~D:\Abutment\93\AudioFiles\EBDR_8174ED4A54FC8228E3BE7E14695665D9.mp3~0~1000~128~0~1~2~04~10000~0004~>>4>>175>>2569
2018/11/21 11:37:42	Debug	LasttarInfo：1~D:\Abutment\93\AudioFiles\EBDR_8174ED4A54FC8228E3BE7E14695665D9.mp3~0~1000~128~0~1~2~04~10000~0004~>>4>>175>>2569
2018/11/21 11:37:42	Debug	LasttarInfo：1~D:\Abutment\93\AudioFiles\EBDR_8174ED4A54FC8228E3BE7E14695665D9.mp3~0~1000~128~0~1~2~04~10000~0004~>>4>>175>>2569
2018/11/21 11:37:42	Debug	LasttarInfo：1~D:\Abutment\93\AudioFiles\EBDR_8174ED4A54FC8228E3BE7E14695665D9.mp3~0~1000~128~0~1~2~04~10000~0004~>>4>>175>>2569
2018/11/21 11:37:42	Debug	LasttarInfo：1~D:\Abutment\93\AudioFiles\EBDR_8174ED4A54FC8228E3BE7E14695665D9.mp3~0~1000~128~0~1~2~04~10000~0004~>>4>>175>>2569
2018/11/21 11:37:42	Debug	LasttarInfo：1~D:\Abutment\93\AudioFiles\EBDR_8174ED4A54FC8228E3BE7E14695665D9.mp3~0~1000~128~0~1~2~04~10000~0004~>>4>>175>>2569
2018/11/21 11:37:42	Debug	LasttarInfo：1~D:\Abutment\93\AudioFiles\EBDR_8174ED4A54FC8228E3BE7E14695665D9.mp3~0~1000~128~0~1~2~04~10000~0004~>>4>>175>>2569
2018/11/21 11:37:42	Debug	LasttarInfo：1~D:\Abutment\93\AudioFiles\EBDR_8174ED4A54FC8228E3BE7E14695665D9.mp3~0~1000~128~0~1~2~04~10000~0004~>>4>>175>>2569
2018/11/21 11:37:42	Debug	LasttarInfo：1~D:\Abutment\93\AudioFiles\EBDR_8174ED4A54FC8228E3BE7E14695665D9.mp3~0~1000~128~0~1~2~04~10000~0004~>>4>>175>>2569
2018/11/21 11:37:42	Debug	LasttarInfo：1~D:\Abutment\93\AudioFiles\EBDR_8174ED4A54FC8228E3BE7E14695665D9.mp3~0~1000~128~0~1~2~04~10000~0004~>>4>>175>>2569
2018/11/21 11:37:42	Debug	LasttarInfo：1~D:\Abutment\93\AudioFiles\EBDR_8174ED4A54FC8228E3BE7E14695665D9.mp3~0~1000~128~0~1~2~04~10000~0004~>>4>>175>>2569
2018/11/21 11:37:42	Debug	LasttarInfo：1~D:\Abutment\93\AudioFiles\EBDR_8174ED4A54FC8228E3BE7E14695665D9.mp3~0~1000~128~0~1~2~04~10000~0004~>>4>>175>>2569
2018/11/21 11:37:42	Debug	LasttarInfo：1~D:\Abutment\93\AudioFiles\EBDR_8174ED4A54FC8228E3BE7E14695665D9.mp3~0~1000~128~0~1~2~04~10000~0004~>>4>>175>>2569
2018/11/21 11:37:42	Debug	LasttarInfo：1~D:\Abutment\93\AudioFiles\EBDR_8174ED4A54FC8228E3BE7E14695665D9.mp3~0~1000~128~0~1~2~04~10000~0004~>>4>>175>>2569
2018/11/21 11:37:43	Debug	LasttarInfo：1~D:\Abutment\93\AudioFiles\EBDR_8174ED4A54FC8228E3BE7E14695665D9.mp3~0~1000~128~0~1~2~04~10000~0004~>>4>>175>>2569
2018/11/21 11:37:43	Debug	LasttarInfo：1~D:\Abutment\93\AudioFiles\EBDR_8174ED4A54FC8228E3BE7E14695665D9.mp3~0~1000~128~0~1~2~04~10000~0004~>>4>>175>>2569
2018/11/21 11:37:43	Debug	LasttarInfo：1~D:\Abutment\93\AudioFiles\EBDR_8174ED4A54FC8228E3BE7E14695665D9.mp3~0~1000~128~0~1~2~04~10000~0004~>>4>>175>>2569
2018/11/21 11:37:43	Debug	LasttarInfo：1~D:\Abutment\93\AudioFiles\EBDR_8174ED4A54FC8228E3BE7E14695665D9.mp3~0~1000~128~0~1~2~04~10000~0004~>>4>>175>>2569
2018/11/21 11:37:43	Debug	LasttarInfo：1~D:\Abutment\93\AudioFiles\EBDR_8174ED4A54FC8228E3BE7E14695665D9.mp3~0~1000~128~0~1~2~04~10000~0004~>>4>>175>>2569
2018/11/21 11:37:43	Debug	LasttarInfo：1~D:\Abutment\93\AudioFiles\EBDR_8174ED4A54FC8228E3BE7E14695665D9.mp3~0~1000~128~0~1~2~04~10000~0004~>>4>>175>>2569
2018/11/21 11:37:43	Debug	LasttarInfo：1~D:\Abutment\93\AudioFiles\EBDR_8174ED4A54FC8228E3BE7E14695665D9.mp3~0~1000~128~0~1~2~04~10000~0004~>>4>>175>>2569
2018/11/21 11:37:43	Debug	LasttarInfo：1~D:\Abutment\93\AudioFiles\EBDR_8174ED4A54FC8228E3BE7E14695665D9.mp3~0~1000~128~0~1~2~04~10000~0004~>>4>>175>>2569
2018/11/21 11:37:43	Debug	LasttarInfo：1~D:\Abutment\93\AudioFiles\EBDR_8174ED4A54FC8228E3BE7E14695665D9.mp3~0~1000~128~0~1~2~04~10000~0004~>>4>>175>>2569
2018/11/21 11:37:43	Debug	LasttarInfo：1~D:\Abutment\93\AudioFiles\EBDR_8174ED4A54FC8228E3BE7E14695665D9.mp3~0~1000~128~0~1~2~04~10000~0004~>>4>>175>>2569
2018/11/21 11:37:43	Debug	LasttarInfo：1~D:\Abutment\93\AudioFiles\EBDR_8174ED4A54FC8228E3BE7E14695665D9.mp3~0~1000~128~0~1~2~04~10000~0004~>>4>>175>>2569
2018/11/21 11:37:43	Debug	LasttarInfo：1~D:\Abutment\93\AudioFiles\EBDR_8174ED4A54FC8228E3BE7E14695665D9.mp3~0~1000~128~0~1~2~04~10000~0004~>>4>>175>>2569
2018/11/21 11:37:43	Debug	LasttarInfo：1~D:\Abutment\93\AudioFiles\EBDR_8174ED4A54FC8228E3BE7E14695665D9.mp3~0~1000~128~0~1~2~04~10000~0004~>>4>>175>>2569
2018/11/21 11:37:43	Debug	LasttarInfo：1~D:\Abutment\93\AudioFiles\EBDR_8174ED4A54FC8228E3BE7E14695665D9.mp3~0~1000~128~0~1~2~04~10000~0004~>>4>>175>>2569
2018/11/21 11:37:43	Debug	LasttarInfo：1~D:\Abutment\93\AudioFiles\EBDR_8174ED4A54FC8228E3BE7E14695665D9.mp3~0~1000~128~0~1~2~04~10000~0004~>>4>>175>>2569
2018/11/21 11:37:43	Debug	LasttarInfo：1~D:\Abutment\93\AudioFiles\EBDR_8174ED4A54FC8228E3BE7E14695665D9.mp3~0~1000~128~0~1~2~04~10000~0004~>>4>>175>>2569
2018/11/21 11:37:43	Debug	LasttarInfo：1~D:\Abutment\93\AudioFiles\EBDR_8174ED4A54FC8228E3BE7E14695665D9.mp3~0~1000~128~0~1~2~04~10000~0004~>>4>>175>>2569
2018/11/21 11:37:43	Debug	LasttarInfo：1~D:\Abutment\93\AudioFiles\EBDR_8174ED4A54FC8228E3BE7E14695665D9.mp3~0~1000~128~0~1~2~04~10000~0004~>>4>>175>>2569
2018/11/21 11:37:44	Debug	LasttarInfo：1~D:\Abutment\93\AudioFiles\EBDR_8174ED4A54FC8228E3BE7E14695665D9.mp3~0~1000~128~0~1~2~04~10000~0004~>>4>>175>>2569
2018/11/21 11:37:44	Debug	LasttarInfo：1~D:\Abutment\93\AudioFiles\EBDR_8174ED4A54FC8228E3BE7E14695665D9.mp3~0~1000~128~0~1~2~04~10000~0004~>>4>>175>>2569
2018/11/21 11:37:44	Debug	LasttarInfo：1~D:\Abutment\93\AudioFiles\EBDR_8174ED4A54FC8228E3BE7E14695665D9.mp3~0~1000~128~0~1~2~04~10000~0004~>>4>>175>>2569
2018/11/21 11:37:44	Debug	LasttarInfo：1~D:\Abutment\93\AudioFiles\EBDR_8174ED4A54FC8228E3BE7E14695665D9.mp3~0~1000~128~0~1~2~04~10000~0004~>>4>>175>>2569
2018/11/21 11:37:44	Debug	LasttarInfo：1~D:\Abutment\93\AudioFiles\EBDR_8174ED4A54FC8228E3BE7E14695665D9.mp3~0~1000~128~0~1~2~04~10000~0004~>>4>>175>>2569
2018/11/21 11:37:44	Debug	LasttarInfo：1~D:\Abutment\93\AudioFiles\EBDR_8174ED4A54FC8228E3BE7E14695665D9.mp3~0~1000~128~0~1~2~04~10000~0004~>>4>>175>>2569
2018/11/21 11:37:44	Debug	LasttarInfo：1~D:\Abutment\93\AudioFiles\EBDR_8174ED4A54FC8228E3BE7E14695665D9.mp3~0~1000~128~0~1~2~04~10000~0004~>>4>>175>>2569
2018/11/21 11:37:44	Debug	LasttarInfo：1~D:\Abutment\93\AudioFiles\EBDR_8174ED4A54FC8228E3BE7E14695665D9.mp3~0~1000~128~0~1~2~04~10000~0004~>>4>>175>>2569
2018/11/21 11:37:44	Debug	LasttarInfo：1~D:\Abutment\93\AudioFiles\EBDR_8174ED4A54FC8228E3BE7E14695665D9.mp3~0~1000~128~0~1~2~04~10000~0004~>>4>>175>>2569
2018/11/21 11:37:44	Debug	LasttarInfo：1~D:\Abutment\93\AudioFiles\EBDR_8174ED4A54FC8228E3BE7E14695665D9.mp3~0~1000~128~0~1~2~04~10000~0004~>>4>>175>>2569
2018/11/21 11:37:44	Debug	LasttarInfo：1~D:\Abutment\93\AudioFiles\EBDR_8174ED4A54FC8228E3BE7E14695665D9.mp3~0~1000~128~0~1~2~04~10000~0004~>>4>>175>>2569
2018/11/21 11:37:44	Debug	LasttarInfo：1~D:\Abutment\93\AudioFiles\EBDR_8174ED4A54FC8228E3BE7E14695665D9.mp3~0~1000~128~0~1~2~04~10000~0004~>>4>>175>>2569
2018/11/21 11:37:44	Debug	LasttarInfo：1~D:\Abutment\93\AudioFiles\EBDR_8174ED4A54FC8228E3BE7E14695665D9.mp3~0~1000~128~0~1~2~04~10000~0004~>>4>>175>>2569
2018/11/21 11:37:44	Debug	LasttarInfo：1~D:\Abutment\93\AudioFiles\EBDR_8174ED4A54FC8228E3BE7E14695665D9.mp3~0~1000~128~0~1~2~04~10000~0004~>>4>>175>>2569
2018/11/21 11:37:44	Debug	LasttarInfo：1~D:\Abutment\93\AudioFiles\EBDR_8174ED4A54FC8228E3BE7E14695665D9.mp3~0~1000~128~0~1~2~04~10000~0004~>>4>>175>>2569
2018/11/21 11:37:44	Debug	LasttarInfo：1~D:\Abutment\93\AudioFiles\EBDR_8174ED4A54FC8228E3BE7E14695665D9.mp3~0~1000~128~0~1~2~04~10000~0004~>>4>>175>>2569
2018/11/21 11:37:45	Debug	LasttarInfo：1~D:\Abutment\93\AudioFiles\EBDR_8174ED4A54FC8228E3BE7E14695665D9.mp3~0~1000~128~0~1~2~04~10000~0004~>>4>>175>>2569
2018/11/21 11:37:45	Debug	LasttarInfo：1~D:\Abutment\93\AudioFiles\EBDR_8174ED4A54FC8228E3BE7E14695665D9.mp3~0~1000~128~0~1~2~04~10000~0004~>>4>>175>>2569
2018/11/21 11:37:45	Debug	LasttarInfo：1~D:\Abutment\93\AudioFiles\EBDR_8174ED4A54FC8228E3BE7E14695665D9.mp3~0~1000~128~0~1~2~04~10000~0004~>>4>>175>>2569
2018/11/21 11:37:45	Debug	LasttarInfo：1~D:\Abutment\93\AudioFiles\EBDR_8174ED4A54FC8228E3BE7E14695665D9.mp3~0~1000~128~0~1~2~04~10000~0004~>>4>>175>>2569
2018/11/21 11:37:45	Debug	LasttarInfo：1~D:\Abutment\93\AudioFiles\EBDR_8174ED4A54FC8228E3BE7E14695665D9.mp3~0~1000~128~0~1~2~04~10000~0004~>>4>>175>>2569
2018/11/21 11:37:45	Debug	LasttarInfo：1~D:\Abutment\93\AudioFiles\EBDR_8174ED4A54FC8228E3BE7E14695665D9.mp3~0~1000~128~0~1~2~04~10000~0004~>>4>>175>>2569
2018/11/21 11:37:45	Debug	LasttarInfo：1~D:\Abutment\93\AudioFiles\EBDR_8174ED4A54FC8228E3BE7E14695665D9.mp3~0~1000~128~0~1~2~04~10000~0004~>>4>>175>>2569
2018/11/21 11:37:45	Debug	LasttarInfo：1~D:\Abutment\93\AudioFiles\EBDR_8174ED4A54FC8228E3BE7E14695665D9.mp3~0~1000~128~0~1~2~04~10000~0004~>>4>>175>>2569
2018/11/21 11:37:45	Debug	LasttarInfo：1~D:\Abutment\93\AudioFiles\EBDR_8174ED4A54FC8228E3BE7E14695665D9.mp3~0~1000~128~0~1~2~04~10000~0004~>>4>>175>>2569
2018/11/21 11:37:45	Debug	LasttarInfo：1~D:\Abutment\93\AudioFiles\EBDR_8174ED4A54FC8228E3BE7E14695665D9.mp3~0~1000~128~0~1~2~04~10000~0004~>>4>>175>>2569
2018/11/21 11:37:45	Debug	LasttarInfo：1~D:\Abutment\93\AudioFiles\EBDR_8174ED4A54FC8228E3BE7E14695665D9.mp3~0~1000~128~0~1~2~04~10000~0004~>>4>>175>>2569
2018/11/21 11:37:45	Debug	LasttarInfo：1~D:\Abutment\93\AudioFiles\EBDR_8174ED4A54FC8228E3BE7E14695665D9.mp3~0~1000~128~0~1~2~04~10000~0004~>>4>>175>>2569
2018/11/21 11:37:45	Debug	LasttarInfo：1~D:\Abutment\93\AudioFiles\EBDR_8174ED4A54FC8228E3BE7E14695665D9.mp3~0~1000~128~0~1~2~04~10000~0004~>>4>>175>>2569
2018/11/21 11:37:45	Debug	LasttarInfo：1~D:\Abutment\93\AudioFiles\EBDR_8174ED4A54FC8228E3BE7E14695665D9.mp3~0~1000~128~0~1~2~04~10000~0004~>>4>>175>>2569
2018/11/21 11:37:45	Debug	LasttarInfo：1~D:\Abutment\93\AudioFiles\EBDR_8174ED4A54FC8228E3BE7E14695665D9.mp3~0~1000~128~0~1~2~04~10000~0004~>>4>>175>>2569
2018/11/21 11:37:46	Debug	LasttarInfo：1~D:\Abutment\93\AudioFiles\EBDR_8174ED4A54FC8228E3BE7E14695665D9.mp3~0~1000~128~0~1~2~04~10000~0004~>>4>>175>>2569
2018/11/21 11:37:46	Debug	LasttarInfo：1~D:\Abutment\93\AudioFiles\EBDR_8174ED4A54FC8228E3BE7E14695665D9.mp3~0~1000~128~0~1~2~04~10000~0004~>>4>>175>>2569
2018/11/21 11:37:46	Debug	LasttarInfo：1~D:\Abutment\93\AudioFiles\EBDR_8174ED4A54FC8228E3BE7E14695665D9.mp3~0~1000~128~0~1~2~04~10000~0004~>>4>>175>>2569
2018/11/21 11:37:46	Debug	LasttarInfo：1~D:\Abutment\93\AudioFiles\EBDR_8174ED4A54FC8228E3BE7E14695665D9.mp3~0~1000~128~0~1~2~04~10000~0004~>>4>>175>>2569
2018/11/21 11:37:46	Debug	LasttarInfo：1~D:\Abutment\93\AudioFiles\EBDR_8174ED4A54FC8228E3BE7E14695665D9.mp3~0~1000~128~0~1~2~04~10000~0004~>>4>>175>>2569
2018/11/21 11:37:46	Debug	LasttarInfo：1~D:\Abutment\93\AudioFiles\EBDR_8174ED4A54FC8228E3BE7E14695665D9.mp3~0~1000~128~0~1~2~04~10000~0004~>>4>>175>>2569
2018/11/21 11:37:46	Debug	LasttarInfo：1~D:\Abutment\93\AudioFiles\EBDR_8174ED4A54FC8228E3BE7E14695665D9.mp3~0~1000~128~0~1~2~04~10000~0004~>>4>>175>>2569
2018/11/21 11:37:46	Debug	LasttarInfo：1~D:\Abutment\93\AudioFiles\EBDR_8174ED4A54FC8228E3BE7E14695665D9.mp3~0~1000~128~0~1~2~04~10000~0004~>>4>>175>>2569
2018/11/21 11:37:46	Debug	LasttarInfo：1~D:\Abutment\93\AudioFiles\EBDR_8174ED4A54FC8228E3BE7E14695665D9.mp3~0~1000~128~0~1~2~04~10000~0004~>>4>>175>>2569
2018/11/21 11:37:46	Debug	LasttarInfo：1~D:\Abutment\93\AudioFiles\EBDR_8174ED4A54FC8228E3BE7E14695665D9.mp3~0~1000~128~0~1~2~04~10000~0004~>>4>>175>>2569
2018/11/21 11:37:46	Debug	LasttarInfo：1~D:\Abutment\93\AudioFiles\EBDR_8174ED4A54FC8228E3BE7E14695665D9.mp3~0~1000~128~0~1~2~04~10000~0004~>>4>>175>>2569
2018/11/21 11:37:46	Debug	LasttarInfo：1~D:\Abutment\93\AudioFiles\EBDR_8174ED4A54FC8228E3BE7E14695665D9.mp3~0~1000~128~0~1~2~04~10000~0004~>>4>>175>>2569
2018/11/21 11:37:46	Debug	LasttarInfo：1~D:\Abutment\93\AudioFiles\EBDR_8174ED4A54FC8228E3BE7E14695665D9.mp3~0~1000~128~0~1~2~04~10000~0004~>>4>>175>>2569
2018/11/21 11:37:46	Debug	LasttarInfo：1~D:\Abutment\93\AudioFiles\EBDR_8174ED4A54FC8228E3BE7E14695665D9.mp3~0~1000~128~0~1~2~04~10000~0004~>>4>>175>>2569
2018/11/21 11:37:46	Debug	LasttarInfo：1~D:\Abutment\93\AudioFiles\EBDR_8174ED4A54FC8228E3BE7E14695665D9.mp3~0~1000~128~0~1~2~04~10000~0004~>>4>>175>>2569
2018/11/21 11:37:47	Debug	LasttarInfo：1~D:\Abutment\93\AudioFiles\EBDR_8174ED4A54FC8228E3BE7E14695665D9.mp3~0~1000~128~0~1~2~04~10000~0004~>>4>>175>>2569
2018/11/21 11:37:47	Debug	LasttarInfo：1~D:\Abutment\93\AudioFiles\EBDR_8174ED4A54FC8228E3BE7E14695665D9.mp3~0~1000~128~0~1~2~04~10000~0004~>>4>>175>>2569
2018/11/21 11:37:47	Debug	LasttarInfo：1~D:\Abutment\93\AudioFiles\EBDR_8174ED4A54FC8228E3BE7E14695665D9.mp3~0~1000~128~0~1~2~04~10000~0004~>>4>>175>>2569
2018/11/21 11:37:47	Debug	LasttarInfo：1~D:\Abutment\93\AudioFiles\EBDR_8174ED4A54FC8228E3BE7E14695665D9.mp3~0~1000~128~0~1~2~04~10000~0004~>>4>>175>>2569
2018/11/21 11:37:47	Debug	LasttarInfo：1~D:\Abutment\93\AudioFiles\EBDR_8174ED4A54FC8228E3BE7E14695665D9.mp3~0~1000~128~0~1~2~04~10000~0004~>>4>>175>>2569
2018/11/21 11:37:47	Debug	LasttarInfo：1~D:\Abutment\93\AudioFiles\EBDR_8174ED4A54FC8228E3BE7E14695665D9.mp3~0~1000~128~0~1~2~04~10000~0004~>>4>>175>>2569
2018/11/21 11:37:47	Debug	LasttarInfo：1~D:\Abutment\93\AudioFiles\EBDR_8174ED4A54FC8228E3BE7E14695665D9.mp3~0~1000~128~0~1~2~04~10000~0004~>>4>>175>>2569
2018/11/21 11:37:47	Debug	LasttarInfo：1~D:\Abutment\93\AudioFiles\EBDR_8174ED4A54FC8228E3BE7E14695665D9.mp3~0~1000~128~0~1~2~04~10000~0004~>>4>>175>>2569
2018/11/21 11:37:47	Debug	LasttarInfo：1~D:\Abutment\93\AudioFiles\EBDR_8174ED4A54FC8228E3BE7E14695665D9.mp3~0~1000~128~0~1~2~04~10000~0004~>>4>>175>>2569
2018/11/21 11:37:47	Debug	LasttarInfo：1~D:\Abutment\93\AudioFiles\EBDR_8174ED4A54FC8228E3BE7E14695665D9.mp3~0~1000~128~0~1~2~04~10000~0004~>>4>>175>>2569
2018/11/21 11:37:47	Debug	LasttarInfo：1~D:\Abutment\93\AudioFiles\EBDR_8174ED4A54FC8228E3BE7E14695665D9.mp3~0~1000~128~0~1~2~04~10000~0004~>>4>>175>>2569
2018/11/21 11:37:47	Debug	LasttarInfo：1~D:\Abutment\93\AudioFiles\EBDR_8174ED4A54FC8228E3BE7E14695665D9.mp3~0~1000~128~0~1~2~04~10000~0004~>>4>>175>>2569
2018/11/21 11:37:47	Debug	LasttarInfo：1~D:\Abutment\93\AudioFiles\EBDR_8174ED4A54FC8228E3BE7E14695665D9.mp3~0~1000~128~0~1~2~04~10000~0004~>>4>>175>>2569
2018/11/21 11:37:47	Debug	LasttarInfo：1~D:\Abutment\93\AudioFiles\EBDR_8174ED4A54FC8228E3BE7E14695665D9.mp3~0~1000~128~0~1~2~04~10000~0004~>>4>>175>>2569
2018/11/21 11:37:47	Debug	LasttarInfo：1~D:\Abutment\93\AudioFiles\EBDR_8174ED4A54FC8228E3BE7E14695665D9.mp3~0~1000~128~0~1~2~04~10000~0004~>>4>>175>>2569
2018/11/21 11:37:48	Debug	LasttarInfo：1~D:\Abutment\93\AudioFiles\EBDR_8174ED4A54FC8228E3BE7E14695665D9.mp3~0~1000~128~0~1~2~04~10000~0004~>>4>>175>>2569
2018/11/21 11:37:48	Debug	LasttarInfo：1~D:\Abutment\93\AudioFiles\EBDR_8174ED4A54FC8228E3BE7E14695665D9.mp3~0~1000~128~0~1~2~04~10000~0004~>>4>>175>>2569
2018/11/21 11:37:48	Debug	LasttarInfo：1~D:\Abutment\93\AudioFiles\EBDR_8174ED4A54FC8228E3BE7E14695665D9.mp3~0~1000~128~0~1~2~04~10000~0004~>>4>>175>>2569
2018/11/21 11:37:48	Debug	LasttarInfo：1~D:\Abutment\93\AudioFiles\EBDR_8174ED4A54FC8228E3BE7E14695665D9.mp3~0~1000~128~0~1~2~04~10000~0004~>>4>>175>>2569
2018/11/21 11:37:48	Debug	LasttarInfo：1~D:\Abutment\93\AudioFiles\EBDR_8174ED4A54FC8228E3BE7E14695665D9.mp3~0~1000~128~0~1~2~04~10000~0004~>>4>>175>>2569
2018/11/21 11:37:48	Debug	LasttarInfo：1~D:\Abutment\93\AudioFiles\EBDR_8174ED4A54FC8228E3BE7E14695665D9.mp3~0~1000~128~0~1~2~04~10000~0004~>>4>>175>>2569
2018/11/21 11:37:48	Debug	LasttarInfo：1~D:\Abutment\93\AudioFiles\EBDR_8174ED4A54FC8228E3BE7E14695665D9.mp3~0~1000~128~0~1~2~04~10000~0004~>>4>>175>>2569
2018/11/21 11:37:48	Debug	LasttarInfo：1~D:\Abutment\93\AudioFiles\EBDR_8174ED4A54FC8228E3BE7E14695665D9.mp3~0~1000~128~0~1~2~04~10000~0004~>>4>>175>>2569
2018/11/21 11:37:48	Debug	LasttarInfo：1~D:\Abutment\93\AudioFiles\EBDR_8174ED4A54FC8228E3BE7E14695665D9.mp3~0~1000~128~0~1~2~04~10000~0004~>>4>>175>>2569
2018/11/21 11:37:48	Debug	LasttarInfo：1~D:\Abutment\93\AudioFiles\EBDR_8174ED4A54FC8228E3BE7E14695665D9.mp3~0~1000~128~0~1~2~04~10000~0004~>>4>>175>>2569
2018/11/21 11:37:48	Debug	LasttarInfo：1~D:\Abutment\93\AudioFiles\EBDR_8174ED4A54FC8228E3BE7E14695665D9.mp3~0~1000~128~0~1~2~04~10000~0004~>>4>>175>>2569
2018/11/21 11:37:48	Debug	LasttarInfo：1~D:\Abutment\93\AudioFiles\EBDR_8174ED4A54FC8228E3BE7E14695665D9.mp3~0~1000~128~0~1~2~04~10000~0004~>>4>>175>>2569
2018/11/21 11:37:48	Debug	LasttarInfo：1~D:\Abutment\93\AudioFiles\EBDR_8174ED4A54FC8228E3BE7E14695665D9.mp3~0~1000~128~0~1~2~04~10000~0004~>>4>>175>>2569
2018/11/21 11:37:48	Debug	LasttarInfo：1~D:\Abutment\93\AudioFiles\EBDR_8174ED4A54FC8228E3BE7E14695665D9.mp3~0~1000~128~0~1~2~04~10000~0004~>>4>>175>>2569
2018/11/21 11:37:48	Debug	LasttarInfo：1~D:\Abutment\93\AudioFiles\EBDR_8174ED4A54FC8228E3BE7E14695665D9.mp3~0~1000~128~0~1~2~04~10000~0004~>>4>>175>>2569
2018/11/21 11:37:48	Debug	LasttarInfo：1~D:\Abutment\93\AudioFiles\EBDR_8174ED4A54FC8228E3BE7E14695665D9.mp3~0~1000~128~0~1~2~04~10000~0004~>>4>>175>>2569
2018/11/21 11:39:06	Debug	文件接收完成时间：2018-11-21 11:39:06
2018/11/21 11:39:08	Debug	给刘工发送MQ时间：2018-11-21 11:39:08
2018/11/21 11:39:08	Debug	LasttarInfo：1~D:\Abutment\93\AudioFiles\EBDR_8174ED4A54FC8228E3BE7E14695665D9.mp3~0~1000~128~0~1~2~04~10000~0004~>>4>>175>>2571
2018/11/21 11:39:25	Debug	文件接收完成时间：2018-11-21 11:39:25
2018/11/21 11:39:27	Debug	给刘工发送MQ时间：2018-11-21 11:39:27
2018/11/21 11:39:27	Debug	LasttarInfo：1~D:\Abutment\93\AudioFiles\EBDR_FB79A9356964E7147C231498F94E4639.mp3~0~1000~128~0~1~2~04~10000~0004~>>1>>175>>2572
2018/11/21 11:40:15	Debug	文件接收完成时间：2018-11-21 11:40:15
2018/11/21 11:40:17	Debug	给刘工发送MQ时间：2018-11-21 11:40:17
2018/11/21 11:40:17	Debug	LasttarInfo：1~D:\Abutment\93\AudioFiles\EBDR_8174ED4A54FC8228E3BE7E14695665D9.mp3~0~1000~128~0~1~2~04~10000~0004~>>4>>175>>2573
2018/11/21 11:40:38	Debug	文件接收完成时间：2018-11-21 11:40:38
2018/11/21 11:40:40	Debug	给刘工发送MQ时间：2018-11-21 11:40:40
2018/11/21 11:40:40	Debug	LasttarInfo：1~D:\Abutment\93\AudioFiles\EBDR_FB79A9356964E7147C231498F94E4639.mp3~0~1000~128~0~1~2~04~10000~0004~>>1>>175>>2574
2018/11/21 11:41:17	Debug	文件接收完成时间：2018-11-21 11:41:17
2018/11/21 11:41:17	Debug	LasttarInfo：1~D:\Abutment\93\AudioFiles\EBDR_8174ED4A54FC8228E3BE7E14695665D9.mp3~0~1000~128~0~1~2~04~10000~0004~>>4>>175>>2573
2018/11/21 11:42:31	Debug	文件接收完成时间：2018-11-21 11:42:31
2018/11/21 11:42:31	Debug	LasttarInfo：1~D:\Abutment\93\AudioFiles\EBDR_8174ED4A54FC8228E3BE7E14695665D9.mp3~0~1000~128~0~1~2~04~10000~0004~>>4>>175>>2573
2018/11/21 11:43:02	Debug	文件接收完成时间：2018-11-21 11:43:02
2018/11/21 11:43:02	Debug	LasttarInfo：1~D:\Abutment\93\AudioFiles\EBDR_8174ED4A54FC8228E3BE7E14695665D9.mp3~0~1000~128~0~1~2~04~10000~0004~>>4>>175>>2573
2018/11/21 11:45:32	Debug	文件接收完成时间：2018-11-21 11:45:32
2018/11/21 11:45:36	Debug	给刘工发送MQ时间：2018-11-21 11:45:36
2018/11/21 11:45:36	Debug	LasttarInfo：1~D:\Abutment\93\AudioFiles\EBDR_8174ED4A54FC8228E3BE7E14695665D9.mp3~0~1000~128~0~1~2~04~10000~0004~>>4>>175>>2575
2018/11/21 11:46:38	Debug	文件接收完成时间：2018-11-21 11:46:38
2018/11/21 11:46:41	Debug	给刘工发送MQ时间：2018-11-21 11:46:41
2018/11/21 11:46:41	Debug	LasttarInfo：1~D:\Abutment\93\AudioFiles\EBDR_8174ED4A54FC8228E3BE7E14695665D9.mp3~0~1000~128~0~1~2~04~10000~0004~>>4>>175>>2576
2018/11/21 11:50:19	Debug	文件接收完成时间：2018-11-21 11:50:19
2018/11/21 11:50:21	Debug	给刘工发送MQ时间：2018-11-21 11:50:21
2018/11/21 11:50:21	Debug	LasttarInfo：1~D:\Abutment\93\AudioFiles\EBDR_8174ED4A54FC8228E3BE7E14695665D9.mp3~0~1000~128~0~1~2~04~10000~0004~>>4>>175>>2580
2018/11/21 11:50:46	Debug	文件接收完成时间：2018-11-21 11:50:46
2018/11/21 11:50:48	Debug	给刘工发送MQ时间：2018-11-21 11:50:48
2018/11/21 11:50:48	Debug	LasttarInfo：1~D:\Abutment\93\AudioFiles\EBDR_FB79A9356964E7147C231498F94E4639.mp3~0~1000~128~0~1~2~04~10000~0004~>>1>>175>>2581
2018/11/21 11:51:08	Debug	文件接收完成时间：2018-11-21 11:51:08
2018/11/21 11:51:09	Debug	LasttarInfo：1~D:\Abutment\93\AudioFiles\EBDR_8174ED4A54FC8228E3BE7E14695665D9.mp3~0~1000~128~0~1~2~04~10000~0004~>>4>>175>>2580
2018/11/21 13:31:26	Debug	文件接收完成时间：2018-11-21 13:31:26
2018/11/21 13:31:30	Debug	给刘工发送MQ时间：2018-11-21 13:31:30
2018/11/21 13:31:30	Debug	LasttarInfo：1~D:\Abutment\93\AudioFiles\EBDR_8174ED4A54FC8228E3BE7E14695665D9.mp3~0~1000~128~0~1~2~04~10000~0004~>>4>>175>>2599
2018/11/21 13:31:47	Debug	文件接收完成时间：2018-11-21 13:31:47
2018/11/21 13:31:48	Debug	给刘工发送MQ时间：2018-11-21 13:31:48
2018/11/21 13:31:48	Debug	LasttarInfo：1~D:\Abutment\93\AudioFiles\EBDR_FB79A9356964E7147C231498F94E4639.mp3~0~1000~128~0~1~2~04~10000~0004~>>1>>175>>2600
2018/11/21 13:32:15	Debug	文件接收完成时间：2018-11-21 13:32:15
2018/11/21 13:32:16	Debug	给刘工发送MQ时间：2018-11-21 13:32:16
2018/11/21 13:32:16	Debug	LasttarInfo：1~D:\Abutment\93\AudioFiles\EBDR_8174ED4A54FC8228E3BE7E14695665D9.mp3~0~1000~128~0~1~2~04~10000~0004~>>4>>175>>2601
2018/11/21 13:32:42	Debug	文件接收完成时间：2018-11-21 13:32:42
2018/11/21 13:32:44	Debug	给刘工发送MQ时间：2018-11-21 13:32:44
2018/11/21 13:32:44	Debug	LasttarInfo：1~D:\Abutment\93\AudioFiles\EBDR_FB79A9356964E7147C231498F94E4639.mp3~0~1000~128~0~1~2~04~10000~0004~>>1>>175>>2602
2018/11/21 13:34:24	Debug	文件接收完成时间：2018-11-21 13:34:24
2018/11/21 13:34:28	Debug	给刘工发送MQ时间：2018-11-21 13:34:28
2018/11/21 13:34:28	Debug	LasttarInfo：1~D:\Abutment\93\AudioFiles\EBDR_8174ED4A54FC8228E3BE7E14695665D9.mp3~0~1000~128~0~1~2~04~10000~0004~>>4>>175>>2603
2018/11/21 13:34:44	Debug	文件接收完成时间：2018-11-21 13:34:44
2018/11/21 13:34:46	Debug	给刘工发送MQ时间：2018-11-21 13:34:46
2018/11/21 13:34:46	Debug	LasttarInfo：1~D:\Abutment\93\AudioFiles\EBDR_FB79A9356964E7147C231498F94E4639.mp3~0~1000~128~0~1~2~04~10000~0004~>>1>>175>>2604
2018/11/21 13:35:05	Debug	文件接收完成时间：2018-11-21 13:35:05
2018/11/21 13:35:06	Debug	LasttarInfo：1~D:\Abutment\93\AudioFiles\EBDR_8174ED4A54FC8228E3BE7E14695665D9.mp3~0~1000~128~0~1~2~04~10000~0004~>>4>>175>>2603
2018/11/21 13:38:23	Debug	文件接收完成时间：2018-11-21 13:38:23
2018/11/21 13:38:26	Debug	给刘工发送MQ时间：2018-11-21 13:38:26
2018/11/21 13:38:26	Debug	LasttarInfo：1~D:\Abutment\93\AudioFiles\EBDR_8174ED4A54FC8228E3BE7E14695665D9.mp3~0~1000~128~0~1~2~04~10000~0004~>>4>>175>>2605
2018/11/21 13:38:44	Debug	文件接收完成时间：2018-11-21 13:38:44
2018/11/21 13:38:46	Debug	给刘工发送MQ时间：2018-11-21 13:38:46
2018/11/21 13:38:46	Debug	LasttarInfo：1~D:\Abutment\93\AudioFiles\EBDR_FB79A9356964E7147C231498F94E4639.mp3~0~1000~128~0~1~2~04~10000~0004~>>1>>175>>2606
2018/11/21 13:39:05	Debug	文件接收完成时间：2018-11-21 13:39:05
2018/11/21 13:39:06	Debug	LasttarInfo：1~D:\Abutment\93\AudioFiles\EBDR_8174ED4A54FC8228E3BE7E14695665D9.mp3~0~1000~128~0~1~2~04~10000~0004~>>4>>175>>2605
2018/11/21 13:39:57	Debug	文件接收完成时间：2018-11-21 13:39:57
2018/11/21 13:40:01	Debug	给刘工发送MQ时间：2018-11-21 13:40:01
2018/11/21 13:40:01	Debug	LasttarInfo：1~D:\Abutment\93\AudioFiles\EBDR_8174ED4A54FC8228E3BE7E14695665D9.mp3~0~1000~128~0~1~2~04~10000~0004~>>4>>175>>2607
2018/11/21 13:40:25	Debug	文件接收完成时间：2018-11-21 13:40:25
2018/11/21 13:40:27	Debug	给刘工发送MQ时间：2018-11-21 13:40:27
2018/11/21 13:40:27	Debug	LasttarInfo：1~D:\Abutment\93\AudioFiles\EBDR_FB79A9356964E7147C231498F94E4639.mp3~0~1000~128~0~1~2~04~10000~0004~>>1>>175>>2608
2018/11/21 13:40:38	Debug	文件接收完成时间：2018-11-21 13:40:38
2018/11/21 13:40:39	Debug	LasttarInfo：1~D:\Abutment\93\AudioFiles\EBDR_8174ED4A54FC8228E3BE7E14695665D9.mp3~0~1000~128~0~1~2~04~10000~0004~>>4>>175>>2607
2018/11/21 13:42:15	Debug	文件接收完成时间：2018-11-21 13:42:15
2018/11/21 13:42:18	Debug	给刘工发送MQ时间：2018-11-21 13:42:18
2018/11/21 13:42:18	Debug	LasttarInfo：1~D:\Abutment\93\AudioFiles\EBDR_8174ED4A54FC8228E3BE7E14695665D9.mp3~0~1000~128~0~1~2~04~10000~0004~>>4>>175>>2609
2018/11/21 13:42:36	Debug	文件接收完成时间：2018-11-21 13:42:36
2018/11/21 13:42:38	Debug	给刘工发送MQ时间：2018-11-21 13:42:38
2018/11/21 13:42:38	Debug	LasttarInfo：1~D:\Abutment\93\AudioFiles\EBDR_FB79A9356964E7147C231498F94E4639.mp3~0~1000~128~0~1~2~04~10000~0004~>>1>>175>>2610
2018/11/21 13:43:23	Debug	文件接收完成时间：2018-11-21 13:43:23
2018/11/21 13:43:23	Debug	LasttarInfo：1~D:\Abutment\93\AudioFiles\EBDR_8174ED4A54FC8228E3BE7E14695665D9.mp3~0~1000~128~0~1~2~04~10000~0004~>>4>>175>>2609
2018/11/21 13:44:17	Debug	文件接收完成时间：2018-11-21 13:44:17
2018/11/21 13:44:21	Debug	给刘工发送MQ时间：2018-11-21 13:44:21
2018/11/21 13:44:21	Debug	LasttarInfo：1~D:\Abutment\93\AudioFiles\EBDR_8174ED4A54FC8228E3BE7E14695665D9.mp3~0~1000~128~0~1~2~04~10000~0004~>>4>>175>>2611
2018/11/21 13:44:28	Debug	文件接收完成时间：2018-11-21 13:44:28
2018/11/21 13:44:30	Debug	给刘工发送MQ时间：2018-11-21 13:44:30
2018/11/21 13:44:30	Debug	LasttarInfo：1~D:\Abutment\93\AudioFiles\EBDR_FB79A9356964E7147C231498F94E4639.mp3~0~1000~128~0~1~2~04~10000~0004~>>1>>175>>2612
2018/11/21 13:44:43	Debug	文件接收完成时间：2018-11-21 13:44:43
2018/11/21 13:44:44	Debug	LasttarInfo：1~D:\Abutment\93\AudioFiles\EBDR_8174ED4A54FC8228E3BE7E14695665D9.mp3~0~1000~128~0~1~2~04~10000~0004~>>4>>175>>2611
2018/11/21 13:46:08	Debug	文件接收完成时间：2018-11-21 13:46:08
2018/11/21 13:46:10	Debug	给刘工发送MQ时间：2018-11-21 13:46:10
2018/11/21 13:46:10	Debug	LasttarInfo：1~D:\Abutment\93\AudioFiles\EBDR_8174ED4A54FC8228E3BE7E14695665D9.mp3~0~1000~128~0~1~2~04~10000~0004~>>4>>175>>2613
2018/11/21 13:46:18	Debug	文件接收完成时间：2018-11-21 13:46:18
2018/11/21 13:46:20	Debug	给刘工发送MQ时间：2018-11-21 13:46:20
2018/11/21 13:46:20	Debug	LasttarInfo：1~D:\Abutment\93\AudioFiles\EBDR_FB79A9356964E7147C231498F94E4639.mp3~0~1000~128~0~1~2~04~10000~0004~>>1>>175>>2614
2018/11/21 13:46:38	Debug	文件接收完成时间：2018-11-21 13:46:38
2018/11/21 13:46:39	Debug	LasttarInfo：1~D:\Abutment\93\AudioFiles\EBDR_8174ED4A54FC8228E3BE7E14695665D9.mp3~0~1000~128~0~1~2~04~10000~0004~>>4>>175>>2613
