2019/5/6 18:58:45	Debug	文件接收完成时间：2019-05-06 18:58:45
2019/5/6 18:58:48	Debug	给刘工发送MQ时间：2019-05-06 18:58:48
2019/5/6 18:58:48	Debug	LasttarInfo：1~D:\Abutment\93\AudioFiles\EBDR_D6AB01C1DCBBE351587A08B4F4D3E2F2.mp3~0~1000~128~0~1~2~04~10000~0004~>>1>>5>>539
2019/5/6 19:01:37	Debug	文件接收完成时间：2019-05-06 19:01:37
2019/5/6 19:01:39	Debug	给刘工发送MQ时间：2019-05-06 19:01:39
2019/5/6 19:01:39	Debug	LasttarInfo：1~D:\Abutment\93\AudioFiles\EBDR_D6AB01C1DCBBE351587A08B4F4D3E2F2.mp3~0~1000~128~0~1~2~04~10000~0004~>>1>>5>>540
2019/5/6 19:04:44	Debug	文件接收完成时间：2019-05-06 19:04:44
2019/5/6 19:04:46	Debug	给刘工发送MQ时间：2019-05-06 19:04:46
2019/5/6 19:04:46	Debug	LasttarInfo：1~D:\Abutment\93\AudioFiles\EBDR_5F2D1869BD0798C987565A8DF93752A4.mp3~0~1000~128~0~1~2~04~10000~0004~>>1>>11>>543
2019/5/6 19:05:45	Debug	文件接收完成时间：2019-05-06 19:05:45
2019/5/6 19:05:45	Debug	给刘工发送MQ时间：2019-05-06 19:05:45
2019/5/6 19:05:45	Debug	LasttarInfo：1~D:\Abutment\93\AudioFiles\EBDR_71D2DFDB4C53D0C54D07BA9184299172.mp3~0~1000~128~0~1~2~04~10000~0004~>>1>>12>>544
2019/5/6 19:06:03	Debug	文件接收完成时间：2019-05-06 19:06:03
2019/5/6 19:06:04	Debug	给刘工发送MQ时间：2019-05-06 19:06:04
2019/5/6 19:06:04	Debug	LasttarInfo：1~D:\Abutment\93\AudioFiles\EBDR_CE595844410698FBB18D9778A20B3625.mp3~0~1000~128~0~1~2~04~10000~0004~>>1>>13>>545
2019/5/6 19:06:36	Debug	文件接收完成时间：2019-05-06 19:06:36
2019/5/6 19:06:37	Debug	给刘工发送MQ时间：2019-05-06 19:06:37
2019/5/6 19:06:37	Debug	LasttarInfo：1~D:\Abutment\93\AudioFiles\EBDR_8DB3796915B397A07842513122F6B766.mp3~0~1000~128~0~1~2~04~10000~0004~>>1>>14>>546
2019/5/6 19:07:10	Debug	文件接收完成时间：2019-05-06 19:07:10
2019/5/6 19:07:11	Debug	给刘工发送MQ时间：2019-05-06 19:07:11
2019/5/6 19:07:11	Debug	LasttarInfo：1~D:\Abutment\93\AudioFiles\EBDR_82F3457B2FC57110A7B96F9A6F16FA2C.mp3~0~1000~128~0~1~2~04~10000~0004~>>1>>15>>547
2019/5/6 19:07:43	Debug	文件接收完成时间：2019-05-06 19:07:43
2019/5/6 19:07:44	Debug	给刘工发送MQ时间：2019-05-06 19:07:44
2019/5/6 19:07:44	Debug	LasttarInfo：1~D:\Abutment\93\AudioFiles\EBDR_EF3F0BAD7C25F4C0279EB4464C174291.mp3~0~1000~128~0~1~2~04~10000~0004~>>1>>16>>548
2019/5/6 19:08:15	Debug	文件接收完成时间：2019-05-06 19:08:15
2019/5/6 19:08:16	Debug	给刘工发送MQ时间：2019-05-06 19:08:16
2019/5/6 19:08:16	Debug	LasttarInfo：1~D:\Abutment\93\AudioFiles\EBDR_B53957CBF99791499EBEC1DF4B28F067.mp3~0~1000~128~0~1~2~04~10000~0004~>>1>>17>>549
2019/5/6 19:09:17	Debug	文件接收完成时间：2019-05-06 19:09:17
2019/5/6 19:09:19	Debug	给刘工发送MQ时间：2019-05-06 19:09:19
2019/5/6 19:09:19	Debug	LasttarInfo：1~D:\Abutment\93\AudioFiles\EBDR_5F2D1869BD0798C987565A8DF93752A4.mp3~0~1000~128~0~1~2~04~10000~0004~>>1>>11>>550
2019/5/6 19:10:37	Debug	文件接收完成时间：2019-05-06 19:10:37
2019/5/6 19:10:37	Debug	给刘工发送MQ时间：2019-05-06 19:10:37
2019/5/6 19:10:37	Debug	LasttarInfo：1~D:\Abutment\93\AudioFiles\EBDR_71D2DFDB4C53D0C54D07BA9184299172.mp3~0~1000~128~0~1~2~04~10000~0004~>>1>>12>>551
2019/5/6 19:11:01	Debug	文件接收完成时间：2019-05-06 19:11:01
2019/5/6 19:11:02	Debug	LasttarInfo：>>>>>>
2019/5/6 19:11:14	Debug	文件接收完成时间：2019-05-06 19:11:14
2019/5/6 19:11:40	Debug	文件接收完成时间：2019-05-06 19:11:40
2019/5/6 19:11:41	Debug	给刘工发送MQ时间：2019-05-06 19:11:41
2019/5/6 19:11:41	Debug	LasttarInfo：1~D:\Abutment\93\AudioFiles\EBDR_8174ED4A54FC8228E3BE7E14695665D9.mp3~0~1000~128~0~1~2~04~10000~0004~>>4>>5>>552
2019/5/6 19:12:47	Debug	文件接收完成时间：2019-05-06 19:12:47
2019/5/6 19:12:48	Debug	给刘工发送MQ时间：2019-05-06 19:12:48
2019/5/6 19:12:48	Debug	LasttarInfo：1~D:\Abutment\93\AudioFiles\EBDR_FB79A9356964E7147C231498F94E4639.mp3~0~1000~128~0~1~2~04~10000~0004~>>1>>5>>553
2019/5/6 19:13:52	Debug	文件接收完成时间：2019-05-06 19:13:52
2019/5/6 19:13:53	Debug	LasttarInfo：1~D:\Abutment\93\AudioFiles\EBDR_8174ED4A54FC8228E3BE7E14695665D9.mp3~0~1000~128~0~1~2~04~10000~0004~>>4>>5>>552
2019/5/6 19:17:17	Debug	文件接收完成时间：2019-05-06 19:17:17
2019/5/6 19:17:19	Debug	给刘工发送MQ时间：2019-05-06 19:17:19
2019/5/6 19:17:19	Debug	LasttarInfo：1~D:\Abutment\93\AudioFiles\EBDR_8174ED4A54FC8228E3BE7E14695665D9.mp3~0~1000~128~0~1~2~04~10000~0004~>>4>>5>>554
2019/5/6 19:21:08	Debug	文件接收完成时间：2019-05-06 19:21:08
2019/5/6 19:21:11	Debug	给刘工发送MQ时间：2019-05-06 19:21:11
2019/5/6 19:21:11	Debug	LasttarInfo：1~D:\Abutment\93\AudioFiles\EBDR_8174ED4A54FC8228E3BE7E14695665D9.mp3~0~1000~128~0~1~2~04~10000~0004~>>4>>5>>555
2019/5/6 19:21:27	Debug	文件接收完成时间：2019-05-06 19:21:27
2019/5/6 19:21:27	Debug	给刘工发送MQ时间：2019-05-06 19:21:27
2019/5/6 19:21:27	Debug	LasttarInfo：1~D:\Abutment\93\AudioFiles\EBDR_FB79A9356964E7147C231498F94E4639.mp3~0~1000~128~0~1~2~04~10000~0004~>>1>>5>>556
2019/5/6 19:21:47	Debug	文件接收完成时间：2019-05-06 19:21:47
2019/5/6 19:21:47	Debug	LasttarInfo：1~D:\Abutment\93\AudioFiles\EBDR_8174ED4A54FC8228E3BE7E14695665D9.mp3~0~1000~128~0~1~2~04~10000~0004~>>4>>5>>555
2019/5/6 19:26:27	Debug	文件接收完成时间：2019-05-06 19:26:27
2019/5/6 19:26:29	Debug	给刘工发送MQ时间：2019-05-06 19:26:29
2019/5/6 19:26:29	Debug	LasttarInfo：1~D:\Abutment\93\AudioFiles\EBDR_8174ED4A54FC8228E3BE7E14695665D9.mp3~0~1000~128~0~1~2~04~10000~0004~>>4>>5>>557
2019/5/6 19:28:59	Debug	文件接收完成时间：2019-05-06 19:28:59
2019/5/6 19:29:00	Debug	给刘工发送MQ时间：2019-05-06 19:29:00
2019/5/6 19:29:00	Debug	LasttarInfo：1~D:\Abutment\93\AudioFiles\EBDR_FB79A9356964E7147C231498F94E4639.mp3~0~1000~128~0~1~2~04~10000~0004~>>1>>5>>558
2019/5/6 19:29:49	Debug	文件接收完成时间：2019-05-06 19:29:49
2019/5/6 19:29:50	Debug	LasttarInfo：1~D:\Abutment\93\AudioFiles\EBDR_8174ED4A54FC8228E3BE7E14695665D9.mp3~0~1000~128~0~1~2~04~10000~0004~>>4>>5>>557
2019/5/6 19:32:36	Debug	文件接收完成时间：2019-05-06 19:32:36
2019/5/6 19:32:38	Debug	给刘工发送MQ时间：2019-05-06 19:32:38
2019/5/6 19:32:38	Debug	LasttarInfo：1~D:\Abutment\93\AudioFiles\EBDR_8174ED4A54FC8228E3BE7E14695665D9.mp3~0~1000~128~0~1~2~04~10000~0004~>>4>>5>>559
2019/5/6 19:33:19	Debug	文件接收完成时间：2019-05-06 19:33:19
2019/5/6 19:33:20	Debug	给刘工发送MQ时间：2019-05-06 19:33:20
2019/5/6 19:33:20	Debug	LasttarInfo：1~D:\Abutment\93\AudioFiles\EBDR_FB79A9356964E7147C231498F94E4639.mp3~0~1000~128~0~1~2~04~10000~0004~>>1>>5>>560
2019/5/6 19:34:08	Debug	文件接收完成时间：2019-05-06 19:34:08
2019/5/6 19:34:08	Debug	LasttarInfo：1~D:\Abutment\93\AudioFiles\EBDR_8174ED4A54FC8228E3BE7E14695665D9.mp3~0~1000~128~0~1~2~04~10000~0004~>>4>>5>>559
2019/5/6 19:35:10	Debug	文件接收完成时间：2019-05-06 19:35:10
2019/5/6 19:35:11	Debug	给刘工发送MQ时间：2019-05-06 19:35:11
2019/5/6 19:35:11	Debug	LasttarInfo：1~D:\Abutment\93\AudioFiles\EBDR_8174ED4A54FC8228E3BE7E14695665D9.mp3~0~1000~128~0~1~2~04~10000~0004~>>4>>5>>561
2019/5/6 19:36:56	Debug	文件接收完成时间：2019-05-06 19:36:56
2019/5/6 19:36:58	Debug	给刘工发送MQ时间：2019-05-06 19:36:58
2019/5/6 19:36:58	Debug	LasttarInfo：1~D:\Abutment\93\AudioFiles\EBDR_8174ED4A54FC8228E3BE7E14695665D9.mp3~0~1000~128~0~1~2~04~10000~0004~>>4>>5>>562
2019/5/6 19:37:14	Debug	文件接收完成时间：2019-05-06 19:37:14
2019/5/6 19:37:15	Debug	给刘工发送MQ时间：2019-05-06 19:37:15
2019/5/6 19:37:15	Debug	LasttarInfo：1~D:\Abutment\93\AudioFiles\EBDR_FB79A9356964E7147C231498F94E4639.mp3~0~1000~128~0~1~2~04~10000~0004~>>1>>5>>563
2019/5/6 19:37:56	Debug	文件接收完成时间：2019-05-06 19:37:56
2019/5/6 19:37:56	Debug	LasttarInfo：1~D:\Abutment\93\AudioFiles\EBDR_8174ED4A54FC8228E3BE7E14695665D9.mp3~0~1000~128~0~1~2~04~10000~0004~>>4>>5>>562
2019/5/6 19:38:00	Debug	文件接收完成时间：2019-05-06 19:38:00
2019/5/6 19:38:01	Debug	给刘工发送MQ时间：2019-05-06 19:38:01
2019/5/6 19:38:01	Debug	LasttarInfo：1~D:\Abutment\93\AudioFiles\EBDR_8174ED4A54FC8228E3BE7E14695665D9.mp3~0~1000~128~0~1~2~04~10000~0004~>>4>>5>>564
2019/5/6 19:40:26	Debug	文件接收完成时间：2019-05-06 19:40:26
2019/5/6 19:40:28	Debug	给刘工发送MQ时间：2019-05-06 19:40:28
2019/5/6 19:40:28	Debug	LasttarInfo：1~D:\Abutment\93\AudioFiles\EBDR_8174ED4A54FC8228E3BE7E14695665D9.mp3~0~1000~128~0~1~2~04~10000~0004~>>4>>5>>565
2019/5/6 19:40:49	Debug	文件接收完成时间：2019-05-06 19:40:49
2019/5/6 19:40:50	Debug	给刘工发送MQ时间：2019-05-06 19:40:50
2019/5/6 19:40:50	Debug	LasttarInfo：1~D:\Abutment\93\AudioFiles\EBDR_FB79A9356964E7147C231498F94E4639.mp3~0~1000~128~0~1~2~04~10000~0004~>>1>>5>>566
2019/5/6 19:41:14	Debug	文件接收完成时间：2019-05-06 19:41:14
2019/5/6 19:41:15	Debug	LasttarInfo：1~D:\Abutment\93\AudioFiles\EBDR_8174ED4A54FC8228E3BE7E14695665D9.mp3~0~1000~128~0~1~2~04~10000~0004~>>4>>5>>565
2019/5/6 19:41:21	Debug	文件接收完成时间：2019-05-06 19:41:21
2019/5/6 19:41:21	Debug	给刘工发送MQ时间：2019-05-06 19:41:21
2019/5/6 19:41:21	Debug	LasttarInfo：1~D:\Abutment\93\AudioFiles\EBDR_8174ED4A54FC8228E3BE7E14695665D9.mp3~0~1000~128~0~1~2~04~10000~0004~>>4>>5>>567
2019/5/6 19:42:56	Debug	文件接收完成时间：2019-05-06 19:42:56
2019/5/6 19:42:58	Debug	给刘工发送MQ时间：2019-05-06 19:42:58
2019/5/6 19:42:58	Debug	LasttarInfo：1~D:\Abutment\93\AudioFiles\EBDR_D6AB01C1DCBBE351587A08B4F4D3E2F2.mp3~0~1000~128~0~1~2~04~10000~0004~>>1>>5>>568
2019/5/6 19:43:10	Debug	文件接收完成时间：2019-05-06 19:43:10
2019/5/6 19:43:11	Debug	给刘工发送MQ时间：2019-05-06 19:43:11
2019/5/6 19:43:11	Debug	LasttarInfo：1~D:\Abutment\93\AudioFiles\EBDR_5F2D1869BD0798C987565A8DF93752A4.mp3~0~1000~128~0~1~2~04~10000~0004~>>1>>11>>569
2019/5/6 19:43:19	Debug	文件接收完成时间：2019-05-06 19:43:19
2019/5/6 19:43:20	Debug	给刘工发送MQ时间：2019-05-06 19:43:20
2019/5/6 19:43:20	Debug	LasttarInfo：1~D:\Abutment\93\AudioFiles\EBDR_71D2DFDB4C53D0C54D07BA9184299172.mp3~0~1000~128~0~1~2~04~10000~0004~>>1>>12>>570
2019/5/6 19:43:32	Debug	文件接收完成时间：2019-05-06 19:43:32
2019/5/6 19:43:32	Debug	给刘工发送MQ时间：2019-05-06 19:43:32
2019/5/6 19:43:32	Debug	LasttarInfo：1~D:\Abutment\93\AudioFiles\EBDR_CE595844410698FBB18D9778A20B3625.mp3~0~1000~128~0~1~2~04~10000~0004~>>1>>13>>571
2019/5/6 19:43:44	Debug	文件接收完成时间：2019-05-06 19:43:44
2019/5/6 19:43:45	Debug	给刘工发送MQ时间：2019-05-06 19:43:45
2019/5/6 19:43:45	Debug	LasttarInfo：1~D:\Abutment\93\AudioFiles\EBDR_8DB3796915B397A07842513122F6B766.mp3~0~1000~128~0~1~2~04~10000~0004~>>1>>14>>572
2019/5/6 19:43:57	Debug	文件接收完成时间：2019-05-06 19:43:57
2019/5/6 19:43:58	Debug	给刘工发送MQ时间：2019-05-06 19:43:58
2019/5/6 19:43:58	Debug	LasttarInfo：1~D:\Abutment\93\AudioFiles\EBDR_82F3457B2FC57110A7B96F9A6F16FA2C.mp3~0~1000~128~0~1~2~04~10000~0004~>>1>>15>>573
2019/5/6 19:44:30	Debug	文件接收完成时间：2019-05-06 19:44:30
2019/5/6 19:44:31	Debug	给刘工发送MQ时间：2019-05-06 19:44:31
2019/5/6 19:44:31	Debug	LasttarInfo：1~D:\Abutment\93\AudioFiles\EBDR_EF3F0BAD7C25F4C0279EB4464C174291.mp3~0~1000~128~0~1~2~04~10000~0004~>>1>>16>>574
2019/5/6 19:45:18	Debug	文件接收完成时间：2019-05-06 19:45:18
2019/5/6 19:45:19	Debug	给刘工发送MQ时间：2019-05-06 19:45:19
2019/5/6 19:45:19	Debug	LasttarInfo：1~D:\Abutment\93\AudioFiles\EBDR_B53957CBF99791499EBEC1DF4B28F067.mp3~0~1000~128~0~1~2~04~10000~0004~>>1>>17>>575
2019/5/6 19:46:06	Debug	文件接收完成时间：2019-05-06 19:46:06
2019/5/6 19:46:07	Debug	给刘工发送MQ时间：2019-05-06 19:46:07
2019/5/6 19:46:07	Debug	LasttarInfo：1~D:\Abutment\93\AudioFiles\EBDR_B53957CBF99791499EBEC1DF4B28F067.mp3~0~1000~128~0~1~2~04~10000~0004~>>1>>17>>576
2019/5/6 20:09:53	Debug	文件接收完成时间：2019-05-06 20:09:53
2019/5/6 20:09:56	Debug	给刘工发送MQ时间：2019-05-06 20:09:56
2019/5/6 20:09:56	Debug	LasttarInfo：1~D:\Abutment\93\AudioFiles\EBDR_71D2DFDB4C53D0C54D07BA9184299172.mp3~0~1000~128~0~1~2~04~10000~0004~>>1>>12>>584
2019/5/6 20:12:08	Debug	文件接收完成时间：2019-05-06 20:12:08
2019/5/6 20:12:10	Debug	给刘工发送MQ时间：2019-05-06 20:12:10
2019/5/6 20:12:10	Debug	LasttarInfo：1~D:\Abutment\93\AudioFiles\EBDR_71D2DFDB4C53D0C54D07BA9184299172.mp3~0~1000~128~0~1~2~04~10000~0004~>>1>>12>>585
